Hello
My PID: 3822

My ID: 9

Doing some initialization

num of msg = 1000
Broadcasting and delivering messages...

urb delivering msg: cs451.Message@15b5ce9e
urb delivering msg: cs451.Message@7dd2a9c4
urb delivering msg: cs451.Message@256fa129
urb delivering msg: cs451.Message@386d6858
urb delivering msg: cs451.Message@7e70d77b
urb delivering msg: cs451.Message@67cba2e2
urb delivering msg: cs451.Message@3f7531db
urb delivering msg: cs451.Message@6c89b1c5
urb delivering msg: cs451.Message@14ba6820
urb delivering msg: cs451.Message@2edc04e7
urb delivering msg: cs451.Message@38b1030e
urb delivering msg: cs451.Message@19179a44
urb delivering msg: cs451.Message@5e2b1a2e
urb delivering msg: cs451.Message@109ed630
urb delivering msg: cs451.Message@20870e5e
urb delivering msg: cs451.Message@56765b0
urb delivering msg: cs451.Message@39be558
urb delivering msg: cs451.Message@65528c4d
urb delivering msg: cs451.Message@7d3f8b47
urb delivering msg: cs451.Message@43cb3bb5
urb delivering msg: cs451.Message@1f26a7b1
urb delivering msg: cs451.Message@6ee770fc
urb delivering msg: cs451.Message@6f83bbd4
urb delivering msg: cs451.Message@758f2302
urb delivering msg: cs451.Message@5fbe092d
urb delivering msg: cs451.Message@a0be2b6
urb delivering msg: cs451.Message@78a4a538
urb delivering msg: cs451.Message@74bf1e1d
urb delivering msg: cs451.Message@5b6786c6
urb delivering msg: cs451.Message@e2cc14e
urb delivering msg: cs451.Message@537c28d6
urb delivering msg: cs451.Message@5fbf8b52
urb delivering msg: cs451.Message@388967d5
urb delivering msg: cs451.Message@50c7f73b
urb delivering msg: cs451.Message@62cf5f6d
urb delivering msg: cs451.Message@4189ad7d
urb delivering msg: cs451.Message@324dcd56
urb delivering msg: cs451.Message@5d5c8a0b
urb delivering msg: cs451.Message@457092fa
urb delivering msg: cs451.Message@491e2d6c
urb delivering msg: cs451.Message@15e57e64
urb delivering msg: cs451.Message@2cd0b201
urb delivering msg: cs451.Message@6d760223
urb delivering msg: cs451.Message@55bb27ac
urb delivering msg: cs451.Message@6b136521
urb delivering msg: cs451.Message@427a82f8
urb delivering msg: cs451.Message@1f40e78e
urb delivering msg: cs451.Message@134a358d
urb delivering msg: cs451.Message@630060a8
urb delivering msg: cs451.Message@757b4372
urb delivering msg: cs451.Message@6d9fa6c4
urb delivering msg: cs451.Message@2f3b00a7
urb delivering msg: cs451.Message@4f5e30c8
urb delivering msg: cs451.Message@60919a82
urb delivering msg: cs451.Message@7028b9d2
urb delivering msg: cs451.Message@761b148
urb delivering msg: cs451.Message@3987191c
urb delivering msg: cs451.Message@552ed124
urb delivering msg: cs451.Message@60fd047a
urb delivering msg: cs451.Message@6a1c02dc
urb delivering msg: cs451.Message@6b52a97a
urb delivering msg: cs451.Message@4856e2c5
urb delivering msg: cs451.Message@4080e161
urb delivering msg: cs451.Message@4a80014f
urb delivering msg: cs451.Message@34e7681c
urb delivering msg: cs451.Message@4b58e48f
urb delivering msg: cs451.Message@c949f6c
urb delivering msg: cs451.Message@46547dc8
urb delivering msg: cs451.Message@49fc4a96
urb delivering msg: cs451.Message@458cb3ba
urb delivering msg: cs451.Message@6dcb3b98
urb delivering msg: cs451.Message@814a1d4
urb delivering msg: cs451.Message@2397e2ba
urb delivering msg: cs451.Message@3268411
urb delivering msg: cs451.Message@37856816
urb delivering msg: cs451.Message@1ab26533
urb delivering msg: cs451.Message@62cc6ed
urb delivering msg: cs451.Message@311ddc35
urb delivering msg: cs451.Message@2d44d7d8
urb delivering msg: cs451.Message@24d6b4be
urb delivering msg: cs451.Message@442d0567
urb delivering msg: cs451.Message@1b8e95a3
urb delivering msg: cs451.Message@107f6b1d
urb delivering msg: cs451.Message@19d4ee8
urb delivering msg: cs451.Message@2d377581
urb delivering msg: cs451.Message@42fbce09
urb delivering msg: cs451.Message@29b762c8
urb delivering msg: cs451.Message@42b68318
urb delivering msg: cs451.Message@543b7db2
urb delivering msg: cs451.Message@482c6aba
urb delivering msg: cs451.Message@5a1fe055
urb delivering msg: cs451.Message@2cc7164d
urb delivering msg: cs451.Message@231e388a
urb delivering msg: cs451.Message@84cefe9
urb delivering msg: cs451.Message@2d74abfd
urb delivering msg: cs451.Message@3995b560
urb delivering msg: cs451.Message@6b1d00b0
urb delivering msg: cs451.Message@4c1999d
urb delivering msg: cs451.Message@ce2e1bb
urb delivering msg: cs451.Message@18487bf2
urb delivering msg: cs451.Message@1bd3e0cb
urb delivering msg: cs451.Message@13568f5d
urb delivering msg: cs451.Message@8225bb5
urb delivering msg: cs451.Message@53ee36a8
urb delivering msg: cs451.Message@573f41a6
urb delivering msg: cs451.Message@70b4107b
urb delivering msg: cs451.Message@6ad1122b
urb delivering msg: cs451.Message@482822af
urb delivering msg: cs451.Message@6537687d
urb delivering msg: cs451.Message@35d09b68
urb delivering msg: cs451.Message@57f287b3
urb delivering msg: cs451.Message@5ec6fab8
urb delivering msg: cs451.Message@6c159d
urb delivering msg: cs451.Message@3156c523
urb delivering msg: cs451.Message@72da13a5
urb delivering msg: cs451.Message@1b20347c
urb delivering msg: cs451.Message@7b801a78
urb delivering msg: cs451.Message@7c78a7f6
urb delivering msg: cs451.Message@5e9dd4e7
urb delivering msg: cs451.Message@4484989c
urb delivering msg: cs451.Message@3f2c19ae
urb delivering msg: cs451.Message@6d25eaa
urb delivering msg: cs451.Message@36d8887b
urb delivering msg: cs451.Message@56f8b644
urb delivering msg: cs451.Message@9c6345c
urb delivering msg: cs451.Message@1d750cc0
urb delivering msg: cs451.Message@6f1cc445
urb delivering msg: cs451.Message@7cc50574
urb delivering msg: cs451.Message@4419ba64
urb delivering msg: cs451.Message@71bfbd2b
urb delivering msg: cs451.Message@788861b5
urb delivering msg: cs451.Message@2c322575
urb delivering msg: cs451.Message@25f1700d
urb delivering msg: cs451.Message@292bc77d
urb delivering msg: cs451.Message@12959e24
urb delivering msg: cs451.Message@2f31188e
urb delivering msg: cs451.Message@1ee747d
urb delivering msg: cs451.Message@76095b12
urb delivering msg: cs451.Message@48538f49
urb delivering msg: cs451.Message@6f011ba5
urb delivering msg: cs451.Message@1dbed7a4
urb delivering msg: cs451.Message@2153ceca
urb delivering msg: cs451.Message@75ae246e
urb delivering msg: cs451.Message@1295d54d
urb delivering msg: cs451.Message@797d234c
urb delivering msg: cs451.Message@46e78737
urb delivering msg: cs451.Message@42ee56d1
urb delivering msg: cs451.Message@7e6dcc7c
urb delivering msg: cs451.Message@6e1ae7be
urb delivering msg: cs451.Message@14be0b75
urb delivering msg: cs451.Message@24568fed
urb delivering msg: cs451.Message@3448b937
urb delivering msg: cs451.Message@dd69f17
urb delivering msg: cs451.Message@69d7d87b
urb delivering msg: cs451.Message@79ee0b4b
urb delivering msg: cs451.Message@89e9440
urb delivering msg: cs451.Message@31099c63
urb delivering msg: cs451.Message@664a9e39
urb delivering msg: cs451.Message@6f7765e8
urb delivering msg: cs451.Message@13b7c0d2
urb delivering msg: cs451.Message@6ea0bc43
urb delivering msg: cs451.Message@5ca95cf8
urb delivering msg: cs451.Message@8253aa0
urb delivering msg: cs451.Message@25b9da26
urb delivering msg: cs451.Message@4e903876
urb delivering msg: cs451.Message@5848e3c0
urb delivering msg: cs451.Message@79993253
urb delivering msg: cs451.Message@121aafac
urb delivering msg: cs451.Message@5d867611
urb delivering msg: cs451.Message@424fd882
urb delivering msg: cs451.Message@72747132
urb delivering msg: cs451.Message@35d4d71f
urb delivering msg: cs451.Message@5b0c094a
urb delivering msg: cs451.Message@67bb4161
urb delivering msg: cs451.Message@36975145
urb delivering msg: cs451.Message@25e804a7
urb delivering msg: cs451.Message@1e950f09
urb delivering msg: cs451.Message@2398e5f3
urb delivering msg: cs451.Message@2f8985bc
urb delivering msg: cs451.Message@4aa171d6
urb delivering msg: cs451.Message@7c7ac2cc
urb delivering msg: cs451.Message@182917cd
urb delivering msg: cs451.Message@7beed511
urb delivering msg: cs451.Message@3a00347b
urb delivering msg: cs451.Message@1046ed55
urb delivering msg: cs451.Message@408117ef
urb delivering msg: cs451.Message@4dca14b3
urb delivering msg: cs451.Message@76d2429d
urb delivering msg: cs451.Message@51592557
urb delivering msg: cs451.Message@19af6efc
urb delivering msg: cs451.Message@45d8ef6
urb delivering msg: cs451.Message@607ff24a
urb delivering msg: cs451.Message@7814108f
urb delivering msg: cs451.Message@1aae49ff
urb delivering msg: cs451.Message@72ec5e62
urb delivering msg: cs451.Message@6d9e1fd7
urb delivering msg: cs451.Message@35d6fa83
urb delivering msg: cs451.Message@5d5fac77
urb delivering msg: cs451.Message@4d50f6f0
urb delivering msg: cs451.Message@502d382a
urb delivering msg: cs451.Message@52add24e
urb delivering msg: cs451.Message@7231e078
urb delivering msg: cs451.Message@381c7fb8
requesting next batch
urb delivering msg: cs451.Message@1c9ecf9
requesting next batch
urb delivering msg: cs451.Message@3d4a612c
urb delivering msg: cs451.Message@408574dd
urb delivering msg: cs451.Message@1b3f32ca
urb delivering msg: cs451.Message@555fab70
urb delivering msg: cs451.Message@3b72e3f6
urb delivering msg: cs451.Message@50ba5bd9
urb delivering msg: cs451.Message@32718a66
urb delivering msg: cs451.Message@1addb373
urb delivering msg: cs451.Message@361c8e8d
urb delivering msg: cs451.Message@347a6f04
urb delivering msg: cs451.Message@a66e157
urb delivering msg: cs451.Message@7dd79d43
urb delivering msg: cs451.Message@2fed1c92
urb delivering msg: cs451.Message@48885424
requesting next batch
urb delivering msg: cs451.Message@7559683b
requesting next batch
urb delivering msg: cs451.Message@34a5ce56
requesting next batch
urb delivering msg: cs451.Message@73eb4ddc
urb delivering msg: cs451.Message@79c81ef1
urb delivering msg: cs451.Message@47eeb943
urb delivering msg: cs451.Message@5d231896
urb delivering msg: cs451.Message@748f3b43
urb delivering msg: cs451.Message@4d899cb5
urb delivering msg: cs451.Message@7f9f10e6
urb delivering msg: cs451.Message@3a3d502b
urb delivering msg: cs451.Message@3765210c
urb delivering msg: cs451.Message@36087f61
urb delivering msg: cs451.Message@31974166
urb delivering msg: cs451.Message@61fbe377
urb delivering msg: cs451.Message@7f88c305
urb delivering msg: cs451.Message@a0e48e2
urb delivering msg: cs451.Message@199a4b4
urb delivering msg: cs451.Message@3fc71fab
urb delivering msg: cs451.Message@66e73bd
urb delivering msg: cs451.Message@7e5f72ca
urb delivering msg: cs451.Message@322fd5b1
urb delivering msg: cs451.Message@3592ae18
urb delivering msg: cs451.Message@4094d08c
urb delivering msg: cs451.Message@45583376
urb delivering msg: cs451.Message@996e431
urb delivering msg: cs451.Message@29546975
urb delivering msg: cs451.Message@4fa2cc63
urb delivering msg: cs451.Message@4be59562
urb delivering msg: cs451.Message@75ec4743
urb delivering msg: cs451.Message@7f79874a
urb delivering msg: cs451.Message@26619d12
urb delivering msg: cs451.Message@41484239
urb delivering msg: cs451.Message@5609d30c
urb delivering msg: cs451.Message@65f94d50
urb delivering msg: cs451.Message@4fdad5f0
urb delivering msg: cs451.Message@4c000fb8
urb delivering msg: cs451.Message@54893487
requesting next batch
urb delivering msg: cs451.Message@7b35708b
urb delivering msg: cs451.Message@62d94f48
urb delivering msg: cs451.Message@2e68f164
urb delivering msg: cs451.Message@33d8c522
urb delivering msg: cs451.Message@63395afa
urb delivering msg: cs451.Message@4b32fada
urb delivering msg: cs451.Message@2238d109
urb delivering msg: cs451.Message@573cf1b9
urb delivering msg: cs451.Message@7e7b8f2e
urb delivering msg: cs451.Message@22c34e11
urb delivering msg: cs451.Message@469763d9
urb delivering msg: cs451.Message@7616f38b
urb delivering msg: cs451.Message@54b61098
urb delivering msg: cs451.Message@6c3d6fd9
requesting next batch
urb delivering msg: cs451.Message@11c9402c
urb delivering msg: cs451.Message@50026335
urb delivering msg: cs451.Message@34d48b7d
urb delivering msg: cs451.Message@33107999
urb delivering msg: cs451.Message@688397f7
urb delivering msg: cs451.Message@2bdb4a19
urb delivering msg: cs451.Message@3b44a37c
requesting next batch
urb delivering msg: cs451.Message@b28c93c
urb delivering msg: cs451.Message@7f60cb81
urb delivering msg: cs451.Message@e1addf6
urb delivering msg: cs451.Message@105bc00a
urb delivering msg: cs451.Message@5df78a14
urb delivering msg: cs451.Message@24326ee8
urb delivering msg: cs451.Message@7c1ff2f5
urb delivering msg: cs451.Message@328a26ec
urb delivering msg: cs451.Message@534cad83
urb delivering msg: cs451.Message@64becc2c
urb delivering msg: cs451.Message@67350214
urb delivering msg: cs451.Message@4ebe558
urb delivering msg: cs451.Message@32fd60f3
urb delivering msg: cs451.Message@2030052c
requesting next batch
urb delivering msg: cs451.Message@6f5a969c
requesting next batch
urb delivering msg: cs451.Message@34406f0a
requesting next batch
urb delivering msg: cs451.Message@6de36b89
requesting next batch
urb delivering msg: cs451.Message@4dda1a7c
requesting next batch
urb delivering msg: cs451.Message@760f8b2d
requesting next batch
urb delivering msg: cs451.Message@410082d9
requesting next batch
urb delivering msg: cs451.Message@37c91653
requesting next batch
urb delivering msg: cs451.Message@2a5de32c
urb delivering msg: cs451.Message@200143a9
urb delivering msg: cs451.Message@65520b3a
urb delivering msg: cs451.Message@1a56e24d
urb delivering msg: cs451.Message@5f5736a8
urb delivering msg: cs451.Message@75e13ae0
urb delivering msg: cs451.Message@9fe4bd
urb delivering msg: cs451.Message@2df62a69
urb delivering msg: cs451.Message@4b72bb09
urb delivering msg: cs451.Message@3738bebd
urb delivering msg: cs451.Message@487d0eeb
urb delivering msg: cs451.Message@5444d0ef
urb delivering msg: cs451.Message@a30839d
urb delivering msg: cs451.Message@780f0930
urb delivering msg: cs451.Message@58255a8c
urb delivering msg: cs451.Message@2a943acf
urb delivering msg: cs451.Message@24b6786b
urb delivering msg: cs451.Message@24f0b344
requesting next batch
urb delivering msg: cs451.Message@56737c6c
requesting next batch
urb delivering msg: cs451.Message@5dba762f
urb delivering msg: cs451.Message@4a5838d3
urb delivering msg: cs451.Message@6b93c84f
urb delivering msg: cs451.Message@26ce594d
urb delivering msg: cs451.Message@28cb58b5
urb delivering msg: cs451.Message@23de63df
urb delivering msg: cs451.Message@567a165b
urb delivering msg: cs451.Message@22a39e8
urb delivering msg: cs451.Message@7056d7e8
urb delivering msg: cs451.Message@20c692a6
urb delivering msg: cs451.Message@2608802b
urb delivering msg: cs451.Message@753e087b
urb delivering msg: cs451.Message@339178a3
urb delivering msg: cs451.Message@27568fd5
urb delivering msg: cs451.Message@45bd4acc
urb delivering msg: cs451.Message@4045efd0
urb delivering msg: cs451.Message@78a9c31b
urb delivering msg: cs451.Message@6b92c3fc
urb delivering msg: cs451.Message@44d60f68
urb delivering msg: cs451.Message@2b02434d
urb delivering msg: cs451.Message@1d85ec2d
urb delivering msg: cs451.Message@60f54142
urb delivering msg: cs451.Message@142cbf7b
urb delivering msg: cs451.Message@2d0d9e98
urb delivering msg: cs451.Message@1fdbeb90
urb delivering msg: cs451.Message@556e5678
urb delivering msg: cs451.Message@2448fcc9
urb delivering msg: cs451.Message@65705f86
urb delivering msg: cs451.Message@25b7afd3
urb delivering msg: cs451.Message@2cdf08b
urb delivering msg: cs451.Message@6100eaaf
urb delivering msg: cs451.Message@6eb0566
urb delivering msg: cs451.Message@1e3afb5f
urb delivering msg: cs451.Message@731e19bb
urb delivering msg: cs451.Message@152dd0e5
urb delivering msg: cs451.Message@4bb32713
urb delivering msg: cs451.Message@29acd39
urb delivering msg: cs451.Message@1cacf10
urb delivering msg: cs451.Message@7a1b9d34
urb delivering msg: cs451.Message@2842a6db
urb delivering msg: cs451.Message@7ce545ef
urb delivering msg: cs451.Message@2b00a72c
urb delivering msg: cs451.Message@d547d45
urb delivering msg: cs451.Message@309d764a
urb delivering msg: cs451.Message@6681978b
urb delivering msg: cs451.Message@481665b0
urb delivering msg: cs451.Message@660697a2
urb delivering msg: cs451.Message@3d72920e
urb delivering msg: cs451.Message@572567e4
urb delivering msg: cs451.Message@2c65b355
urb delivering msg: cs451.Message@7e8c8afc
urb delivering msg: cs451.Message@57c785c1
urb delivering msg: cs451.Message@2ba1c29a
urb delivering msg: cs451.Message@2a5f33a0
urb delivering msg: cs451.Message@309e977d
urb delivering msg: cs451.Message@5b9ce522
urb delivering msg: cs451.Message@7e8c49d9
urb delivering msg: cs451.Message@2d1da79b
urb delivering msg: cs451.Message@697ce83a
urb delivering msg: cs451.Message@5575b5c2
urb delivering msg: cs451.Message@492bfc34
requesting next batch
urb delivering msg: cs451.Message@94abbf5
requesting next batch
urb delivering msg: cs451.Message@779afde
requesting next batch
urb delivering msg: cs451.Message@7f5ac156
requesting next batch
urb delivering msg: cs451.Message@690658d5
requesting next batch
urb delivering msg: cs451.Message@354fc313
requesting next batch
urb delivering msg: cs451.Message@7f029d3b
urb delivering msg: cs451.Message@56fbb3fc
urb delivering msg: cs451.Message@de09906
urb delivering msg: cs451.Message@46fc94f2
requesting next batch
urb delivering msg: cs451.Message@2d7c3253
urb delivering msg: cs451.Message@26130053
urb delivering msg: cs451.Message@2f32853e
urb delivering msg: cs451.Message@dcbdf2e
urb delivering msg: cs451.Message@41e98a6e
urb delivering msg: cs451.Message@7f460b98
urb delivering msg: cs451.Message@44e67a3b
urb delivering msg: cs451.Message@1707ef26
urb delivering msg: cs451.Message@1ab0bd52
urb delivering msg: cs451.Message@55657f57
urb delivering msg: cs451.Message@2225e062
urb delivering msg: cs451.Message@af345df
urb delivering msg: cs451.Message@15b623fe
urb delivering msg: cs451.Message@6b5769d8
urb delivering msg: cs451.Message@667ca220
requesting next batch
urb delivering msg: cs451.Message@76b1de8d
urb delivering msg: cs451.Message@523cba76
urb delivering msg: cs451.Message@2751040
urb delivering msg: cs451.Message@11bcf8c
urb delivering msg: cs451.Message@79262c94
urb delivering msg: cs451.Message@4efed6cc
urb delivering msg: cs451.Message@64232843
urb delivering msg: cs451.Message@3b1bfce4
urb delivering msg: cs451.Message@7391259f
urb delivering msg: cs451.Message@4be1d597
urb delivering msg: cs451.Message@367d8d98
urb delivering msg: cs451.Message@52e5bb6f
urb delivering msg: cs451.Message@28a2c171
urb delivering msg: cs451.Message@6daae49f
urb delivering msg: cs451.Message@37e1b5ff
urb delivering msg: cs451.Message@48204eaf
urb delivering msg: cs451.Message@76b7b793
urb delivering msg: cs451.Message@4c033bc6
urb delivering msg: cs451.Message@767721f4
urb delivering msg: cs451.Message@3ce85ca3
urb delivering msg: cs451.Message@77a87f82
urb delivering msg: cs451.Message@22a0a7ba
urb delivering msg: cs451.Message@6d974a9b
urb delivering msg: cs451.Message@13e41ece
urb delivering msg: cs451.Message@2784375f
requesting next batch
urb delivering msg: cs451.Message@bec962
urb delivering msg: cs451.Message@572a987c
requesting next batch
urb delivering msg: cs451.Message@648bee39
urb delivering msg: cs451.Message@62330338
urb delivering msg: cs451.Message@143023c5
urb delivering msg: cs451.Message@17daa047
urb delivering msg: cs451.Message@2c9b6ea3
urb delivering msg: cs451.Message@564b82cb
urb delivering msg: cs451.Message@4370bdcc
requesting next batch
urb delivering msg: cs451.Message@1eae57d
requesting next batch
urb delivering msg: cs451.Message@76f36d95
urb delivering msg: cs451.Message@7c24e45a
requesting next batch
urb delivering msg: cs451.Message@3afcb8cf
urb delivering msg: cs451.Message@6ceb63e0
urb delivering msg: cs451.Message@199342d
requesting next batch
urb delivering msg: cs451.Message@5a441670
urb delivering msg: cs451.Message@521e737
urb delivering msg: cs451.Message@32e27010
urb delivering msg: cs451.Message@7a92123d
urb delivering msg: cs451.Message@1f7c89
urb delivering msg: cs451.Message@a0d3be2
urb delivering msg: cs451.Message@2b4ea843
urb delivering msg: cs451.Message@41a754ed
urb delivering msg: cs451.Message@3aa78364
urb delivering msg: cs451.Message@59167df9
requesting next batch
urb delivering msg: cs451.Message@744ca28
urb delivering msg: cs451.Message@7cbff611
urb delivering msg: cs451.Message@7a05f641
urb delivering msg: cs451.Message@1016a54d
urb delivering msg: cs451.Message@312238ed
urb delivering msg: cs451.Message@322e4fa6
urb delivering msg: cs451.Message@674c005c
urb delivering msg: cs451.Message@42d5ed35
urb delivering msg: cs451.Message@621050d2
urb delivering msg: cs451.Message@22037049
urb delivering msg: cs451.Message@25cadab5
urb delivering msg: cs451.Message@489b377c
urb delivering msg: cs451.Message@28ed687d
urb delivering msg: cs451.Message@1155c411
urb delivering msg: cs451.Message@62b9bbfc
urb delivering msg: cs451.Message@73084000
urb delivering msg: cs451.Message@3065709c
urb delivering msg: cs451.Message@f2f4fcd
urb delivering msg: cs451.Message@20e6738f
requesting next batch
urb delivering msg: cs451.Message@115f2fd3
urb delivering msg: cs451.Message@aa55cf4
urb delivering msg: cs451.Message@7f812b4a
urb delivering msg: cs451.Message@6c68553e
urb delivering msg: cs451.Message@4a1ded7
urb delivering msg: cs451.Message@24c3604b
urb delivering msg: cs451.Message@526ec4e2
urb delivering msg: cs451.Message@7c01aa34
urb delivering msg: cs451.Message@765c8405
urb delivering msg: cs451.Message@49a263bd
urb delivering msg: cs451.Message@6dcfe7bf
urb delivering msg: cs451.Message@1c6ea038
requesting next batch
urb delivering msg: cs451.Message@e00731c
urb delivering msg: cs451.Message@546546ea
urb delivering msg: cs451.Message@4605b1c6
urb delivering msg: cs451.Message@2f03b65e
urb delivering msg: cs451.Message@2296b831
urb delivering msg: cs451.Message@5c3af89f
urb delivering msg: cs451.Message@37dae95f
urb delivering msg: cs451.Message@55908bc
urb delivering msg: cs451.Message@12997f16
urb delivering msg: cs451.Message@196c83da
urb delivering msg: cs451.Message@799c01b9
urb delivering msg: cs451.Message@34cdfade
urb delivering msg: cs451.Message@6d75529e
urb delivering msg: cs451.Message@107a6eb9
urb delivering msg: cs451.Message@97224c6
urb delivering msg: cs451.Message@5232343c
urb delivering msg: cs451.Message@15947d46
urb delivering msg: cs451.Message@56d8d6eb
urb delivering msg: cs451.Message@4e149ce2
urb delivering msg: cs451.Message@d44c2c8
urb delivering msg: cs451.Message@3b8cf06b
urb delivering msg: cs451.Message@2b73067f
requesting next batch
urb delivering msg: cs451.Message@41ea7c7f
urb delivering msg: cs451.Message@6a93a408
requesting next batch
urb delivering msg: cs451.Message@36400e99
urb delivering msg: cs451.Message@5b3a6d0
requesting next batch
urb delivering msg: cs451.Message@17a82b9d
urb delivering msg: cs451.Message@60ec7e84
urb delivering msg: cs451.Message@566e90c6
urb delivering msg: cs451.Message@4e7339fd
urb delivering msg: cs451.Message@18d1176d
urb delivering msg: cs451.Message@1b4a42ad
urb delivering msg: cs451.Message@398009a2
urb delivering msg: cs451.Message@6e6b63be
urb delivering msg: cs451.Message@7e117b61
urb delivering msg: cs451.Message@37070124
urb delivering msg: cs451.Message@ef3d37f
urb delivering msg: cs451.Message@3bb0378c
urb delivering msg: cs451.Message@4e8f89e8
urb delivering msg: cs451.Message@418ebf3c
urb delivering msg: cs451.Message@5176e459
urb delivering msg: cs451.Message@6bc0b5ac
urb delivering msg: cs451.Message@59b2a1f5
urb delivering msg: cs451.Message@6d7182a0
urb delivering msg: cs451.Message@bc3e77b
urb delivering msg: cs451.Message@65405e7a
urb delivering msg: cs451.Message@2931f62e
urb delivering msg: cs451.Message@4834152a
urb delivering msg: cs451.Message@5cd8db68
urb delivering msg: cs451.Message@3b8ced07
urb delivering msg: cs451.Message@1daafcde
urb delivering msg: cs451.Message@75df2704
urb delivering msg: cs451.Message@6f46a14c
requesting next batch
urb delivering msg: cs451.Message@337e9d76
urb delivering msg: cs451.Message@7978cbcb
urb delivering msg: cs451.Message@759334e7
requesting next batch
urb delivering msg: cs451.Message@2f85a7d8
requesting next batch
urb delivering msg: cs451.Message@68570a73
requesting next batch
urb delivering msg: cs451.Message@574ea221
urb delivering msg: cs451.Message@3b168023
requesting next batch
urb delivering msg: cs451.Message@392f4bfe
urb delivering msg: cs451.Message@697bda3a
requesting next batch
urb delivering msg: cs451.Message@4b86229e
requesting next batch
urb delivering msg: cs451.Message@449eb455
urb delivering msg: cs451.Message@7ad6783
requesting next batch
urb delivering msg: cs451.Message@30b0d746
requesting next batch
urb delivering msg: cs451.Message@4ad8911c
requesting next batch
urb delivering msg: cs451.Message@7bd5a80e
urb delivering msg: cs451.Message@17a85988
urb delivering msg: cs451.Message@2114b6dc
urb delivering msg: cs451.Message@2f4a8393
requesting next batch
urb delivering msg: cs451.Message@7989dbac
urb delivering msg: cs451.Message@2cb8b90c
urb delivering msg: cs451.Message@281e5811
urb delivering msg: cs451.Message@53b3009a
urb delivering msg: cs451.Message@6450e5fb
urb delivering msg: cs451.Message@d4950a4
requesting next batch
urb delivering msg: cs451.Message@57cd4fcc
urb delivering msg: cs451.Message@1cb1327f
urb delivering msg: cs451.Message@7fad732f
urb delivering msg: cs451.Message@38a6c00e
urb delivering msg: cs451.Message@5a84bf9
urb delivering msg: cs451.Message@101fa3f9
urb delivering msg: cs451.Message@43f8ede
urb delivering msg: cs451.Message@a1788e7
urb delivering msg: cs451.Message@4da7fddf
urb delivering msg: cs451.Message@20ca9ff9
urb delivering msg: cs451.Message@58fbac40
urb delivering msg: cs451.Message@6e1d4708
urb delivering msg: cs451.Message@1c261611
urb delivering msg: cs451.Message@6867673b
urb delivering msg: cs451.Message@6d7b4fdb
urb delivering msg: cs451.Message@695a607b
urb delivering msg: cs451.Message@456065df
urb delivering msg: cs451.Message@16ed9cf7
urb delivering msg: cs451.Message@215f0c66
urb delivering msg: cs451.Message@1bbcf98e
urb delivering msg: cs451.Message@5d3429bb
urb delivering msg: cs451.Message@27441cce
urb delivering msg: cs451.Message@7e21087c
urb delivering msg: cs451.Message@2adeebf
urb delivering msg: cs451.Message@7ea866a0
urb delivering msg: cs451.Message@798da7d7
urb delivering msg: cs451.Message@f193272
urb delivering msg: cs451.Message@62acfd38
urb delivering msg: cs451.Message@5f0c0aab
urb delivering msg: cs451.Message@4b2bad82
urb delivering msg: cs451.Message@d679c37
urb delivering msg: cs451.Message@827e59e
urb delivering msg: cs451.Message@3741ef63
urb delivering msg: cs451.Message@219013b4
urb delivering msg: cs451.Message@1027a595
urb delivering msg: cs451.Message@271ba91a
urb delivering msg: cs451.Message@1f19706d
urb delivering msg: cs451.Message@3e35dd89
urb delivering msg: cs451.Message@1393ccd7
urb delivering msg: cs451.Message@69bae4c6
urb delivering msg: cs451.Message@3d746b84
urb delivering msg: cs451.Message@2dbd2036
urb delivering msg: cs451.Message@20c5a422
urb delivering msg: cs451.Message@1ee7f828
urb delivering msg: cs451.Message@51983b
urb delivering msg: cs451.Message@4429a497
urb delivering msg: cs451.Message@4940fc84
urb delivering msg: cs451.Message@68477b3c
urb delivering msg: cs451.Message@64dbb64f
urb delivering msg: cs451.Message@6ddfbb5f
urb delivering msg: cs451.Message@23b5debc
urb delivering msg: cs451.Message@70f8df6d
urb delivering msg: cs451.Message@49a866f3
urb delivering msg: cs451.Message@59bd39da
urb delivering msg: cs451.Message@54705c6f
urb delivering msg: cs451.Message@6245e23b
urb delivering msg: cs451.Message@68508f7e
urb delivering msg: cs451.Message@58130847
urb delivering msg: cs451.Message@e56a40e
urb delivering msg: cs451.Message@434fcbc5
urb delivering msg: cs451.Message@2f0897ad
urb delivering msg: cs451.Message@6f19f33b
urb delivering msg: cs451.Message@54d45c02
urb delivering msg: cs451.Message@69f8b4be
urb delivering msg: cs451.Message@226e3d3
urb delivering msg: cs451.Message@22065887
urb delivering msg: cs451.Message@54442489
urb delivering msg: cs451.Message@783537fb
urb delivering msg: cs451.Message@4db87b55
urb delivering msg: cs451.Message@5d6ac005
urb delivering msg: cs451.Message@287fd74d
urb delivering msg: cs451.Message@7924a756
urb delivering msg: cs451.Message@774819f4
urb delivering msg: cs451.Message@7ca995f0
urb delivering msg: cs451.Message@2a3af097
urb delivering msg: cs451.Message@7678ec91
urb delivering msg: cs451.Message@41c8cc13
urb delivering msg: cs451.Message@717ec7cf
urb delivering msg: cs451.Message@cbd3f3f
urb delivering msg: cs451.Message@3d90465d
urb delivering msg: cs451.Message@3abfbda8
urb delivering msg: cs451.Message@3d78558f
urb delivering msg: cs451.Message@58d9d1d8
urb delivering msg: cs451.Message@67c4c630
urb delivering msg: cs451.Message@20d1659d
urb delivering msg: cs451.Message@5ffa9825
urb delivering msg: cs451.Message@49bbc513
urb delivering msg: cs451.Message@80f6f52
urb delivering msg: cs451.Message@23590e43
urb delivering msg: cs451.Message@286981bd
urb delivering msg: cs451.Message@3fed4afe
requesting next batch
urb delivering msg: cs451.Message@4c6bc7ae
requesting next batch
urb delivering msg: cs451.Message@27abe376
urb delivering msg: cs451.Message@43abea57
requesting next batch
urb delivering msg: cs451.Message@1644e266
requesting next batch
urb delivering msg: cs451.Message@48001b7
requesting next batch
urb delivering msg: cs451.Message@7c48f202
urb delivering msg: cs451.Message@60ad468e
requesting next batch
urb delivering msg: cs451.Message@51cbdf2f
requesting next batch
urb delivering msg: cs451.Message@55c2f118
requesting next batch
urb delivering msg: cs451.Message@6ea1c140
urb delivering msg: cs451.Message@64b2732c
requesting next batch
urb delivering msg: cs451.Message@6b0fea32
urb delivering msg: cs451.Message@29078c7a
requesting next batch
urb delivering msg: cs451.Message@494cf3db
urb delivering msg: cs451.Message@3e90c2cd
urb delivering msg: cs451.Message@2a5af157
urb delivering msg: cs451.Message@3fabcc3a
urb delivering msg: cs451.Message@1157223f
urb delivering msg: cs451.Message@29e91c72
urb delivering msg: cs451.Message@54c49051
urb delivering msg: cs451.Message@35ef4cef
urb delivering msg: cs451.Message@1d81c6b7
urb delivering msg: cs451.Message@7c6a53f9
urb delivering msg: cs451.Message@c5c023d
requesting next batch
urb delivering msg: cs451.Message@431bbf6d
urb delivering msg: cs451.Message@503c6dc7
urb delivering msg: cs451.Message@7ee709a2
urb delivering msg: cs451.Message@1246a1a9
urb delivering msg: cs451.Message@cb8845b
requesting next batch
urb delivering msg: cs451.Message@3f59925e
requesting next batch
urb delivering msg: cs451.Message@79b5260e
requesting next batch
urb delivering msg: cs451.Message@5e598b78
requesting next batch
urb delivering msg: cs451.Message@168b56b4
requesting next batch
urb delivering msg: cs451.Message@65b3ed59
urb delivering msg: cs451.Message@35e632b7
requesting next batch
urb delivering msg: cs451.Message@27f66d38
urb delivering msg: cs451.Message@6b04b184
requesting next batch
urb delivering msg: cs451.Message@11274098
requesting next batch
urb delivering msg: cs451.Message@15d0ab81
urb delivering msg: cs451.Message@15b9bae
requesting next batch
urb delivering msg: cs451.Message@4f9d8290
urb delivering msg: cs451.Message@6415287b
requesting next batch
urb delivering msg: cs451.Message@74091bdb
requesting next batch
urb delivering msg: cs451.Message@2952781f
requesting next batch
urb delivering msg: cs451.Message@a78e6a7
requesting next batch
urb delivering msg: cs451.Message@47634163
urb delivering msg: cs451.Message@7b885d97
requesting next batch
urb delivering msg: cs451.Message@41204079
urb delivering msg: cs451.Message@ca0db24
requesting next batch
urb delivering msg: cs451.Message@5195fb8a
requesting next batch
urb delivering msg: cs451.Message@68c860ca
requesting next batch
urb delivering msg: cs451.Message@2ba8d622
urb delivering msg: cs451.Message@215b4188
requesting next batch
urb delivering msg: cs451.Message@5f6ca782
requesting next batch
urb delivering msg: cs451.Message@74095295
requesting next batch
urb delivering msg: cs451.Message@19fd93f0
urb delivering msg: cs451.Message@6251c646
urb delivering msg: cs451.Message@583b3d39
urb delivering msg: cs451.Message@66184151
urb delivering msg: cs451.Message@138f3c71
urb delivering msg: cs451.Message@7f80bbb0
urb delivering msg: cs451.Message@7e53838c
urb delivering msg: cs451.Message@5ae547de
urb delivering msg: cs451.Message@30639447
urb delivering msg: cs451.Message@4ac4e4c0
urb delivering msg: cs451.Message@28e941f7
urb delivering msg: cs451.Message@58422883
urb delivering msg: cs451.Message@742f4e60
urb delivering msg: cs451.Message@19a056c1
urb delivering msg: cs451.Message@7b245afb
urb delivering msg: cs451.Message@326b732c
urb delivering msg: cs451.Message@3cb9774f
urb delivering msg: cs451.Message@27343847
urb delivering msg: cs451.Message@7e1e5dd8
urb delivering msg: cs451.Message@1705b324
urb delivering msg: cs451.Message@60f1ad84
urb delivering msg: cs451.Message@660157dd
urb delivering msg: cs451.Message@6a7d3658
urb delivering msg: cs451.Message@505b24a0
urb delivering msg: cs451.Message@3d2b3ea2
urb delivering msg: cs451.Message@51f82965
urb delivering msg: cs451.Message@52340af4
urb delivering msg: cs451.Message@5bc34a36
urb delivering msg: cs451.Message@3ff9b1c2
urb delivering msg: cs451.Message@2f5a1459
urb delivering msg: cs451.Message@5d4bc8ec
urb delivering msg: cs451.Message@1c98bb89
urb delivering msg: cs451.Message@6e9d7e79
urb delivering msg: cs451.Message@111a472f
urb delivering msg: cs451.Message@1295f148
urb delivering msg: cs451.Message@4b884460
urb delivering msg: cs451.Message@4ee395de
urb delivering msg: cs451.Message@d838012
urb delivering msg: cs451.Message@30212f5b
urb delivering msg: cs451.Message@3983d67b
urb delivering msg: cs451.Message@6b9ce9f0
urb delivering msg: cs451.Message@7a0e6781
urb delivering msg: cs451.Message@43ecd46c
urb delivering msg: cs451.Message@647be264
urb delivering msg: cs451.Message@68a44472
urb delivering msg: cs451.Message@611f0488
urb delivering msg: cs451.Message@4475f373
urb delivering msg: cs451.Message@7f26515b
urb delivering msg: cs451.Message@356b0d19
urb delivering msg: cs451.Message@2cc96478
urb delivering msg: cs451.Message@47cce4f9
urb delivering msg: cs451.Message@a2dd9d2
urb delivering msg: cs451.Message@67c30e4b
urb delivering msg: cs451.Message@4e4c6f
urb delivering msg: cs451.Message@20058bb3
urb delivering msg: cs451.Message@44023528
urb delivering msg: cs451.Message@3bccdab5
urb delivering msg: cs451.Message@4993c497
urb delivering msg: cs451.Message@45478605
urb delivering msg: cs451.Message@10b940f0
requesting next batch
urb delivering msg: cs451.Message@4dfd3920
requesting next batch
urb delivering msg: cs451.Message@1a9deb74
urb delivering msg: cs451.Message@6313318c
urb delivering msg: cs451.Message@39f753de
urb delivering msg: cs451.Message@1de749f9
urb delivering msg: cs451.Message@68d4d77a
urb delivering msg: cs451.Message@123114bd
urb delivering msg: cs451.Message@115bdc86
urb delivering msg: cs451.Message@3654f7d5
urb delivering msg: cs451.Message@78f58962
urb delivering msg: cs451.Message@62fbee3d
urb delivering msg: cs451.Message@2d8ba108
urb delivering msg: cs451.Message@3c701133
urb delivering msg: cs451.Message@681a3146
urb delivering msg: cs451.Message@55ada07e
urb delivering msg: cs451.Message@255ed822
urb delivering msg: cs451.Message@191bbc33
urb delivering msg: cs451.Message@20b22e57
urb delivering msg: cs451.Message@18a4d46f
urb delivering msg: cs451.Message@4b689091
urb delivering msg: cs451.Message@f5657eb
urb delivering msg: cs451.Message@3e2700c0
urb delivering msg: cs451.Message@9ebcc7
urb delivering msg: cs451.Message@ffd485d
requesting next batch
urb delivering msg: cs451.Message@32a9bf46
urb delivering msg: cs451.Message@340e98d3
urb delivering msg: cs451.Message@41837211
urb delivering msg: cs451.Message@245965dc
urb delivering msg: cs451.Message@5b75bd9e
urb delivering msg: cs451.Message@1b7d7e23
urb delivering msg: cs451.Message@413484a7
urb delivering msg: cs451.Message@2eac6ed8
urb delivering msg: cs451.Message@58c3bfde
urb delivering msg: cs451.Message@283f4e83
urb delivering msg: cs451.Message@4d4bf69f
urb delivering msg: cs451.Message@dc9b40
urb delivering msg: cs451.Message@4524f9ca
urb delivering msg: cs451.Message@173decbb
urb delivering msg: cs451.Message@5501fcd
requesting next batch
urb delivering msg: cs451.Message@613292bc
urb delivering msg: cs451.Message@3bacdf9
urb delivering msg: cs451.Message@7b1ab101
urb delivering msg: cs451.Message@7eb167d8
urb delivering msg: cs451.Message@b63bdc0
urb delivering msg: cs451.Message@5ee36c50
urb delivering msg: cs451.Message@70df4c34
urb delivering msg: cs451.Message@5a57a50
urb delivering msg: cs451.Message@133e4a99
urb delivering msg: cs451.Message@56fa2542
urb delivering msg: cs451.Message@5c4e7d45
urb delivering msg: cs451.Message@7217fb66
urb delivering msg: cs451.Message@139c1d3f
urb delivering msg: cs451.Message@14cbea3b
urb delivering msg: cs451.Message@3b4019b2
urb delivering msg: cs451.Message@76411977
requesting next batch
urb delivering msg: cs451.Message@5479765
urb delivering msg: cs451.Message@4e962fc4
urb delivering msg: cs451.Message@7520322d
urb delivering msg: cs451.Message@b54075f
urb delivering msg: cs451.Message@321145ef
urb delivering msg: cs451.Message@4d86b466
urb delivering msg: cs451.Message@39c346a1
urb delivering msg: cs451.Message@1206d039
urb delivering msg: cs451.Message@2a00c1ab
urb delivering msg: cs451.Message@52dd7509
urb delivering msg: cs451.Message@7108c7bd
urb delivering msg: cs451.Message@552b56bd
urb delivering msg: cs451.Message@798ad82a
urb delivering msg: cs451.Message@40469f2f
urb delivering msg: cs451.Message@77449db5
urb delivering msg: cs451.Message@7855a35e
urb delivering msg: cs451.Message@57316ff6
urb delivering msg: cs451.Message@237a3dd8
urb delivering msg: cs451.Message@7000b537
urb delivering msg: cs451.Message@259aa73a
urb delivering msg: cs451.Message@790822a0
urb delivering msg: cs451.Message@bee44a4
urb delivering msg: cs451.Message@7e32e1e3
requesting next batch
urb delivering msg: cs451.Message@ee13a68
requesting next batch
urb delivering msg: cs451.Message@36c40436
requesting next batch
urb delivering msg: cs451.Message@4f76ad2e
requesting next batch
urb delivering msg: cs451.Message@26a260da
requesting next batch
urb delivering msg: cs451.Message@21973c1c
requesting next batch
urb delivering msg: cs451.Message@376479ac
requesting next batch
urb delivering msg: cs451.Message@4d81adb3
requesting next batch
urb delivering msg: cs451.Message@7890b069
urb delivering msg: cs451.Message@60ff04bb
urb delivering msg: cs451.Message@74c2a811
urb delivering msg: cs451.Message@346e7f0f
urb delivering msg: cs451.Message@49009213
requesting next batch
urb delivering msg: cs451.Message@51c29d54
urb delivering msg: cs451.Message@3021355d
requesting next batch
urb delivering msg: cs451.Message@77f0a251
urb delivering msg: cs451.Message@3a2d36b6
urb delivering msg: cs451.Message@7f40249a
urb delivering msg: cs451.Message@46f27df2
urb delivering msg: cs451.Message@34e2bd57
urb delivering msg: cs451.Message@6729b5fb
urb delivering msg: cs451.Message@19333970
urb delivering msg: cs451.Message@4cfbda49
urb delivering msg: cs451.Message@6d52de84
urb delivering msg: cs451.Message@477e28b8
urb delivering msg: cs451.Message@4786619e
urb delivering msg: cs451.Message@553dd2b5
urb delivering msg: cs451.Message@2ee09068
urb delivering msg: cs451.Message@186d56e4
urb delivering msg: cs451.Message@6c934ee6
urb delivering msg: cs451.Message@570091bb
urb delivering msg: cs451.Message@7dc928e3
requesting next batch
urb delivering msg: cs451.Message@f619bc8
requesting next batch
urb delivering msg: cs451.Message@797310bc
requesting next batch
urb delivering msg: cs451.Message@2aaddb60
requesting next batch
urb delivering msg: cs451.Message@1e9760e6
requesting next batch
urb delivering msg: cs451.Message@1dab1727
requesting next batch
urb delivering msg: cs451.Message@7cbc12de
requesting next batch
urb delivering msg: cs451.Message@388ea0f2
requesting next batch
urb delivering msg: cs451.Message@1d3b7755
requesting next batch
urb delivering msg: cs451.Message@586c59fa
requesting next batch
urb delivering msg: cs451.Message@445a8acb
requesting next batch
urb delivering msg: cs451.Message@91e2b82
requesting next batch
urb delivering msg: cs451.Message@4fd9742b
requesting next batch
urb delivering msg: cs451.Message@75c057a3
requesting next batch
urb delivering msg: cs451.Message@65dc9702
requesting next batch
urb delivering msg: cs451.Message@1d66f200
urb delivering msg: cs451.Message@199aa5ab
requesting next batch
urb delivering msg: cs451.Message@6e108474
urb delivering msg: cs451.Message@6f756a33
urb delivering msg: cs451.Message@45a9632f
requesting next batch
urb delivering msg: cs451.Message@95221cc
urb delivering msg: cs451.Message@638b37b6
urb delivering msg: cs451.Message@276bfd06
urb delivering msg: cs451.Message@29d552df
urb delivering msg: cs451.Message@31114a68
urb delivering msg: cs451.Message@b9ded7b
urb delivering msg: cs451.Message@7366a2c3
urb delivering msg: cs451.Message@70a645da
requesting next batch
urb delivering msg: cs451.Message@4bdf13ac
urb delivering msg: cs451.Message@2fcdc999
urb delivering msg: cs451.Message@69fb0619
requesting next batch
urb delivering msg: cs451.Message@2bb11669
urb delivering msg: cs451.Message@18c032c0
urb delivering msg: cs451.Message@5900a140
requesting next batch
urb delivering msg: cs451.Message@687abfb7
urb delivering msg: cs451.Message@4b5bee8f
urb delivering msg: cs451.Message@52948316
urb delivering msg: cs451.Message@e4232a5
urb delivering msg: cs451.Message@3378b3dd
urb delivering msg: cs451.Message@27c31cab
urb delivering msg: cs451.Message@5139a776
urb delivering msg: cs451.Message@4ef160ee
urb delivering msg: cs451.Message@3861d4b6
requesting next batch
urb delivering msg: cs451.Message@778b155
urb delivering msg: cs451.Message@1be6a4db
requesting next batch
urb delivering msg: cs451.Message@5ed55159
urb delivering msg: cs451.Message@6827fa51
requesting next batch
urb delivering msg: cs451.Message@2a171c19
urb delivering msg: cs451.Message@479b5fc
urb delivering msg: cs451.Message@70d273b3
urb delivering msg: cs451.Message@2770ea8a
urb delivering msg: cs451.Message@3595dda9
urb delivering msg: cs451.Message@7c8a48b2
urb delivering msg: cs451.Message@1fa6e37b
urb delivering msg: cs451.Message@3fa27ebf
urb delivering msg: cs451.Message@24c19477
urb delivering msg: cs451.Message@a208785
urb delivering msg: cs451.Message@22b50081
urb delivering msg: cs451.Message@eced5ee
urb delivering msg: cs451.Message@26849a6c
urb delivering msg: cs451.Message@28962d96
urb delivering msg: cs451.Message@22ad910d
urb delivering msg: cs451.Message@5ab44113
urb delivering msg: cs451.Message@58e1f7d3
urb delivering msg: cs451.Message@41828bc4
urb delivering msg: cs451.Message@f695f00
urb delivering msg: cs451.Message@77ad2b27
urb delivering msg: cs451.Message@2025056e
urb delivering msg: cs451.Message@75ac7605
urb delivering msg: cs451.Message@30f8b6ef
urb delivering msg: cs451.Message@2e9247c4
urb delivering msg: cs451.Message@2694390d
urb delivering msg: cs451.Message@309e7f84
urb delivering msg: cs451.Message@45a4f8b6
urb delivering msg: cs451.Message@79b43ba1
urb delivering msg: cs451.Message@7e6f29cb
urb delivering msg: cs451.Message@3dce1bdd
urb delivering msg: cs451.Message@5fcd259a
urb delivering msg: cs451.Message@7fc64f1
urb delivering msg: cs451.Message@da24b4
urb delivering msg: cs451.Message@4d07d781
urb delivering msg: cs451.Message@7b50ca4e
urb delivering msg: cs451.Message@1fefe239
urb delivering msg: cs451.Message@4e418af4
urb delivering msg: cs451.Message@3d89f762
urb delivering msg: cs451.Message@40f65827
urb delivering msg: cs451.Message@20e8942a
urb delivering msg: cs451.Message@623cace9
urb delivering msg: cs451.Message@10fc652b
urb delivering msg: cs451.Message@62b93073
urb delivering msg: cs451.Message@694b1ca
urb delivering msg: cs451.Message@1c80e15
urb delivering msg: cs451.Message@72eee63a
urb delivering msg: cs451.Message@597f6abc
urb delivering msg: cs451.Message@7ac69ab8
urb delivering msg: cs451.Message@3b3f9b53
urb delivering msg: cs451.Message@3e656538
requesting next batch
urb delivering msg: cs451.Message@1cedc2c2
urb delivering msg: cs451.Message@523098bd
requesting next batch
urb delivering msg: cs451.Message@159274ab
requesting next batch
urb delivering msg: cs451.Message@cb9f84
requesting next batch
urb delivering msg: cs451.Message@72c2b68d
requesting next batch
urb delivering msg: cs451.Message@24e12d18
requesting next batch
