Hello
My PID: 3818

My ID: 5

Doing some initialization

num of msg = 1000
Broadcasting and delivering messages...

urb delivering msg: cs451.Message@58ecbf2d
requesting next batch
urb delivering msg: cs451.Message@25b7a9d0
requesting next batch
urb delivering msg: cs451.Message@591975a0
requesting next batch
urb delivering msg: cs451.Message@bd155f3
requesting next batch
urb delivering msg: cs451.Message@3ed61845
requesting next batch
urb delivering msg: cs451.Message@6df03749
urb delivering msg: cs451.Message@7fd6fb22
requesting next batch
urb delivering msg: cs451.Message@7e2957e6
urb delivering msg: cs451.Message@70b37c56
requesting next batch
urb delivering msg: cs451.Message@1c155776
requesting next batch
urb delivering msg: cs451.Message@5452b03d
urb delivering msg: cs451.Message@60f04b36
urb delivering msg: cs451.Message@bcadab2
requesting next batch
urb delivering msg: cs451.Message@3dd2925a
urb delivering msg: cs451.Message@7cc00e85
requesting next batch
urb delivering msg: cs451.Message@1e8b53d0
requesting next batch
urb delivering msg: cs451.Message@43c915f9
requesting next batch
urb delivering msg: cs451.Message@6aa00f98
requesting next batch
urb delivering msg: cs451.Message@1668806f
requesting next batch
urb delivering msg: cs451.Message@52b954a1
requesting next batch
urb delivering msg: cs451.Message@5954e5d2
requesting next batch
urb delivering msg: cs451.Message@3362edaf
requesting next batch
urb delivering msg: cs451.Message@61db7854
requesting next batch
urb delivering msg: cs451.Message@795f2492
requesting next batch
urb delivering msg: cs451.Message@75b241e
requesting next batch
urb delivering msg: cs451.Message@2370becf
requesting next batch
urb delivering msg: cs451.Message@19537b2d
requesting next batch
urb delivering msg: cs451.Message@19a8b721
requesting next batch
urb delivering msg: cs451.Message@470d0bde
requesting next batch
urb delivering msg: cs451.Message@612d4336
requesting next batch
urb delivering msg: cs451.Message@6325c62d
requesting next batch
urb delivering msg: cs451.Message@3fe864d7
requesting next batch
urb delivering msg: cs451.Message@1094db0f
urb delivering msg: cs451.Message@1b2b0ed8
urb delivering msg: cs451.Message@5672b73e
urb delivering msg: cs451.Message@2a40affb
urb delivering msg: cs451.Message@1c3a551f
urb delivering msg: cs451.Message@5f24d58e
urb delivering msg: cs451.Message@1c2c4213
requesting next batch
urb delivering msg: cs451.Message@33bc091a
requesting next batch
urb delivering msg: cs451.Message@7d6020df
requesting next batch
urb delivering msg: cs451.Message@4111258
requesting next batch
urb delivering msg: cs451.Message@7a53f413
requesting next batch
urb delivering msg: cs451.Message@29f4d69a
requesting next batch
urb delivering msg: cs451.Message@556e6da3
requesting next batch
urb delivering msg: cs451.Message@59612684
requesting next batch
urb delivering msg: cs451.Message@3c77b2d7
requesting next batch
urb delivering msg: cs451.Message@33b8e3c5
urb delivering msg: cs451.Message@151d9364
urb delivering msg: cs451.Message@4518d245
urb delivering msg: cs451.Message@44f8213b
urb delivering msg: cs451.Message@30aa54aa
urb delivering msg: cs451.Message@49556768
urb delivering msg: cs451.Message@4adc1efd
urb delivering msg: cs451.Message@4f281f64
urb delivering msg: cs451.Message@2d451d2f
urb delivering msg: cs451.Message@4fc951c8
urb delivering msg: cs451.Message@6548953a
urb delivering msg: cs451.Message@6a9475c8
urb delivering msg: cs451.Message@6f3db1d0
urb delivering msg: cs451.Message@6affeaee
urb delivering msg: cs451.Message@4b3f53ce
urb delivering msg: cs451.Message@2cc4554
urb delivering msg: cs451.Message@fdc7ec
urb delivering msg: cs451.Message@1540e587
urb delivering msg: cs451.Message@24d075c2
urb delivering msg: cs451.Message@445662e9
urb delivering msg: cs451.Message@2afa1f28
urb delivering msg: cs451.Message@3804bb2d
urb delivering msg: cs451.Message@1f5da78a
urb delivering msg: cs451.Message@686bcfa2
urb delivering msg: cs451.Message@12129ed8
urb delivering msg: cs451.Message@fd29264
urb delivering msg: cs451.Message@7d4105e3
urb delivering msg: cs451.Message@4b61d336
urb delivering msg: cs451.Message@4d0370dc
urb delivering msg: cs451.Message@56d98aaa
requesting next batch
urb delivering msg: cs451.Message@2342e38f
requesting next batch
urb delivering msg: cs451.Message@667f7cb2
requesting next batch
urb delivering msg: cs451.Message@30ac7531
requesting next batch
urb delivering msg: cs451.Message@2a3a3554
requesting next batch
urb delivering msg: cs451.Message@1e50e507
requesting next batch
urb delivering msg: cs451.Message@3d78093
requesting next batch
urb delivering msg: cs451.Message@50016825
requesting next batch
urb delivering msg: cs451.Message@2bea67e4
urb delivering msg: cs451.Message@328bc743
urb delivering msg: cs451.Message@d670a99
urb delivering msg: cs451.Message@567c0b50
urb delivering msg: cs451.Message@2ed1933c
urb delivering msg: cs451.Message@420cf87a
requesting next batch
urb delivering msg: cs451.Message@770a0160
urb delivering msg: cs451.Message@419aa25a
requesting next batch
urb delivering msg: cs451.Message@63708126
requesting next batch
urb delivering msg: cs451.Message@469a6a1a
urb delivering msg: cs451.Message@61bc62a8
requesting next batch
urb delivering msg: cs451.Message@752094b7
urb delivering msg: cs451.Message@12be5284
urb delivering msg: cs451.Message@7e13073
requesting next batch
urb delivering msg: cs451.Message@5cabb05
urb delivering msg: cs451.Message@743e0227
requesting next batch
urb delivering msg: cs451.Message@14744456
urb delivering msg: cs451.Message@1a189c03
urb delivering msg: cs451.Message@4ada0ed6
urb delivering msg: cs451.Message@4ef11290
urb delivering msg: cs451.Message@7891b9ec
urb delivering msg: cs451.Message@2637ca79
urb delivering msg: cs451.Message@3c01dcd7
requesting next batch
urb delivering msg: cs451.Message@7aa23c55
requesting next batch
urb delivering msg: cs451.Message@f09b434
requesting next batch
urb delivering msg: cs451.Message@17f5c3ae
requesting next batch
urb delivering msg: cs451.Message@25a042e3
urb delivering msg: cs451.Message@4e8b8296
requesting next batch
urb delivering msg: cs451.Message@ce12767
urb delivering msg: cs451.Message@35b07de6
urb delivering msg: cs451.Message@12a086e9
urb delivering msg: cs451.Message@ad2919
urb delivering msg: cs451.Message@572fc74
requesting next batch
urb delivering msg: cs451.Message@331bfe71
requesting next batch
urb delivering msg: cs451.Message@259ab135
requesting next batch
urb delivering msg: cs451.Message@4c96a17e
urb delivering msg: cs451.Message@5e1565c4
urb delivering msg: cs451.Message@3291f001
requesting next batch
urb delivering msg: cs451.Message@42f2fc7f
requesting next batch
urb delivering msg: cs451.Message@3b96380e
requesting next batch
urb delivering msg: cs451.Message@4e5851fd
requesting next batch
urb delivering msg: cs451.Message@73f4b1cf
urb delivering msg: cs451.Message@2630baca
urb delivering msg: cs451.Message@2c6ca04a
urb delivering msg: cs451.Message@2037cb83
urb delivering msg: cs451.Message@761b6c83
urb delivering msg: cs451.Message@555e7e60
urb delivering msg: cs451.Message@1c79ea71
urb delivering msg: cs451.Message@20c51ae
urb delivering msg: cs451.Message@2f5e5a18
urb delivering msg: cs451.Message@9558ced
urb delivering msg: cs451.Message@5aacd5d4
urb delivering msg: cs451.Message@3a4d7e0e
urb delivering msg: cs451.Message@671e6dc5
urb delivering msg: cs451.Message@4209a72f
urb delivering msg: cs451.Message@7e37c8cf
urb delivering msg: cs451.Message@2fdb6409
urb delivering msg: cs451.Message@3bbf4472
urb delivering msg: cs451.Message@3400bcf5
urb delivering msg: cs451.Message@74317b0a
urb delivering msg: cs451.Message@bea2a9
urb delivering msg: cs451.Message@4163ea18
requesting next batch
urb delivering msg: cs451.Message@70b511d5
requesting next batch
urb delivering msg: cs451.Message@fa3dde2
requesting next batch
urb delivering msg: cs451.Message@7afd8d55
urb delivering msg: cs451.Message@24909b38
urb delivering msg: cs451.Message@7c731dc6
urb delivering msg: cs451.Message@6dae8367
urb delivering msg: cs451.Message@7baf3ca2
urb delivering msg: cs451.Message@5b4631b4
urb delivering msg: cs451.Message@3fbf8a37
urb delivering msg: cs451.Message@2613831c
urb delivering msg: cs451.Message@24dbe150
urb delivering msg: cs451.Message@4e7aafee
urb delivering msg: cs451.Message@d576a24
urb delivering msg: cs451.Message@37e603f1
urb delivering msg: cs451.Message@4c4ca53c
urb delivering msg: cs451.Message@57526684
urb delivering msg: cs451.Message@61e23000
urb delivering msg: cs451.Message@669c4e46
urb delivering msg: cs451.Message@4f5072ec
urb delivering msg: cs451.Message@b725bc4
urb delivering msg: cs451.Message@7b60089a
urb delivering msg: cs451.Message@7f8a97ce
urb delivering msg: cs451.Message@33814dc1
urb delivering msg: cs451.Message@2ab48c0e
requesting next batch
urb delivering msg: cs451.Message@51eb751a
requesting next batch
urb delivering msg: cs451.Message@7af4ac0e
requesting next batch
urb delivering msg: cs451.Message@43a209d4
requesting next batch
urb delivering msg: cs451.Message@4df83952
requesting next batch
urb delivering msg: cs451.Message@47b1d652
urb delivering msg: cs451.Message@18fa9676
urb delivering msg: cs451.Message@4bc5c014
urb delivering msg: cs451.Message@477b5297
requesting next batch
urb delivering msg: cs451.Message@eb10f6c
requesting next batch
urb delivering msg: cs451.Message@42b461ea
requesting next batch
urb delivering msg: cs451.Message@2714ccc8
requesting next batch
urb delivering msg: cs451.Message@3ae6cd57
requesting next batch
urb delivering msg: cs451.Message@3caa6f08
requesting next batch
urb delivering msg: cs451.Message@5df0f246
requesting next batch
urb delivering msg: cs451.Message@5c0307bc
requesting next batch
urb delivering msg: cs451.Message@5083e51e
requesting next batch
urb delivering msg: cs451.Message@3fbe0229
requesting next batch
urb delivering msg: cs451.Message@6506a55a
requesting next batch
urb delivering msg: cs451.Message@21fc60a1
requesting next batch
urb delivering msg: cs451.Message@6e98da95
requesting next batch
urb delivering msg: cs451.Message@21f82225
requesting next batch
urb delivering msg: cs451.Message@71047f35
requesting next batch
urb delivering msg: cs451.Message@333ff0dc
requesting next batch
urb delivering msg: cs451.Message@1b5bc85c
urb delivering msg: cs451.Message@7b522818
urb delivering msg: cs451.Message@297d1d90
urb delivering msg: cs451.Message@6508b173
urb delivering msg: cs451.Message@20d49ca6
urb delivering msg: cs451.Message@4aac624c
urb delivering msg: cs451.Message@bfc6714
urb delivering msg: cs451.Message@2bdfdc31
urb delivering msg: cs451.Message@2f6a4440
urb delivering msg: cs451.Message@6fdede3
urb delivering msg: cs451.Message@6e51feef
requesting next batch
urb delivering msg: cs451.Message@3bba8940
requesting next batch
urb delivering msg: cs451.Message@460f8233
requesting next batch
urb delivering msg: cs451.Message@2ff4fde4
requesting next batch
urb delivering msg: cs451.Message@4e33c873
urb delivering msg: cs451.Message@212ca87c
requesting next batch
urb delivering msg: cs451.Message@1b88a870
urb delivering msg: cs451.Message@139b7d38
requesting next batch
urb delivering msg: cs451.Message@43bb4f68
urb delivering msg: cs451.Message@790702b
urb delivering msg: cs451.Message@59858381
urb delivering msg: cs451.Message@11bf4734
requesting next batch
urb delivering msg: cs451.Message@8668a64
urb delivering msg: cs451.Message@c73b26b
urb delivering msg: cs451.Message@799fa1ef
requesting next batch
urb delivering msg: cs451.Message@12f2cf0f
requesting next batch
urb delivering msg: cs451.Message@2efb429f
requesting next batch
urb delivering msg: cs451.Message@3f8a5dc1
requesting next batch
urb delivering msg: cs451.Message@3b9e1306
requesting next batch
urb delivering msg: cs451.Message@3f1039cd
requesting next batch
urb delivering msg: cs451.Message@4b8b7b0a
requesting next batch
urb delivering msg: cs451.Message@268253ef
requesting next batch
urb delivering msg: cs451.Message@6dcf621a
requesting next batch
urb delivering msg: cs451.Message@532ff03f
requesting next batch
urb delivering msg: cs451.Message@43ec927b
requesting next batch
urb delivering msg: cs451.Message@7745acc2
requesting next batch
urb delivering msg: cs451.Message@610cdf82
requesting next batch
urb delivering msg: cs451.Message@4d0e7594
requesting next batch
urb delivering msg: cs451.Message@6a565904
requesting next batch
urb delivering msg: cs451.Message@30afdb30
requesting next batch
urb delivering msg: cs451.Message@3758e268
requesting next batch
urb delivering msg: cs451.Message@94493c2
requesting next batch
urb delivering msg: cs451.Message@51826597
requesting next batch
urb delivering msg: cs451.Message@1fba52cc
requesting next batch
urb delivering msg: cs451.Message@6f01a8f1
requesting next batch
urb delivering msg: cs451.Message@4276fc50
requesting next batch
urb delivering msg: cs451.Message@1a9754
urb delivering msg: cs451.Message@4d7b89a9
urb delivering msg: cs451.Message@2f5fe6d7
urb delivering msg: cs451.Message@5abe0b10
urb delivering msg: cs451.Message@eca9724
requesting next batch
urb delivering msg: cs451.Message@1f6d7195
requesting next batch
urb delivering msg: cs451.Message@4fd445f1
requesting next batch
urb delivering msg: cs451.Message@65983190
requesting next batch
urb delivering msg: cs451.Message@3f31f9b0
requesting next batch
urb delivering msg: cs451.Message@4ba4d61a
requesting next batch
urb delivering msg: cs451.Message@2632f952
requesting next batch
urb delivering msg: cs451.Message@28248b5
requesting next batch
urb delivering msg: cs451.Message@324ecd2c
requesting next batch
urb delivering msg: cs451.Message@5fb7d979
requesting next batch
urb delivering msg: cs451.Message@6e7e53b4
urb delivering msg: cs451.Message@7ea9692e
urb delivering msg: cs451.Message@3acafc7a
urb delivering msg: cs451.Message@5bd7864b
urb delivering msg: cs451.Message@47288d76
urb delivering msg: cs451.Message@727d6ca4
urb delivering msg: cs451.Message@1fb967bd
urb delivering msg: cs451.Message@783b4fdf
urb delivering msg: cs451.Message@7bfb2e93
urb delivering msg: cs451.Message@627a7504
urb delivering msg: cs451.Message@36aa6279
urb delivering msg: cs451.Message@14cd86c4
urb delivering msg: cs451.Message@36e0ad78
urb delivering msg: cs451.Message@7032cf5
urb delivering msg: cs451.Message@625f3fc6
urb delivering msg: cs451.Message@1a5c7eef
urb delivering msg: cs451.Message@29e49bb1
urb delivering msg: cs451.Message@379e7efc
urb delivering msg: cs451.Message@2c24d6c6
urb delivering msg: cs451.Message@55767eab
urb delivering msg: cs451.Message@58424ea7
urb delivering msg: cs451.Message@1cefa2cd
urb delivering msg: cs451.Message@1677d570
urb delivering msg: cs451.Message@70927233
urb delivering msg: cs451.Message@3a6f3df0
urb delivering msg: cs451.Message@5bf719ba
urb delivering msg: cs451.Message@73838be1
urb delivering msg: cs451.Message@10636c48
urb delivering msg: cs451.Message@53204309
urb delivering msg: cs451.Message@3079ba1e
urb delivering msg: cs451.Message@5fcae373
urb delivering msg: cs451.Message@5440c5ee
urb delivering msg: cs451.Message@529ec64
urb delivering msg: cs451.Message@787d1f95
urb delivering msg: cs451.Message@70a4ba92
urb delivering msg: cs451.Message@22196edd
urb delivering msg: cs451.Message@6899fc36
urb delivering msg: cs451.Message@7888c707
urb delivering msg: cs451.Message@2dad82ae
urb delivering msg: cs451.Message@44ab7e40
urb delivering msg: cs451.Message@637452af
urb delivering msg: cs451.Message@5d7a1139
urb delivering msg: cs451.Message@1c0340ca
urb delivering msg: cs451.Message@3c56474
urb delivering msg: cs451.Message@42e5bf89
urb delivering msg: cs451.Message@4f1b9d35
urb delivering msg: cs451.Message@4918810c
urb delivering msg: cs451.Message@6156aa9f
urb delivering msg: cs451.Message@e2058cb
urb delivering msg: cs451.Message@1d418e0f
urb delivering msg: cs451.Message@10dc7c4a
urb delivering msg: cs451.Message@448a3e9c
urb delivering msg: cs451.Message@48e0c0c6
urb delivering msg: cs451.Message@59c00e23
urb delivering msg: cs451.Message@2a8d177d
urb delivering msg: cs451.Message@3f66b26e
urb delivering msg: cs451.Message@71ceb3b4
urb delivering msg: cs451.Message@28260ab8
urb delivering msg: cs451.Message@6a52d63e
urb delivering msg: cs451.Message@602dfcd8
urb delivering msg: cs451.Message@64fab07a
urb delivering msg: cs451.Message@7c111597
urb delivering msg: cs451.Message@8edf0d
urb delivering msg: cs451.Message@f4a28f8
urb delivering msg: cs451.Message@3e02300b
urb delivering msg: cs451.Message@4a4b27f1
urb delivering msg: cs451.Message@3c4bff02
urb delivering msg: cs451.Message@62180d9b
urb delivering msg: cs451.Message@4db5fbbb
urb delivering msg: cs451.Message@5e523953
urb delivering msg: cs451.Message@3d026e74
urb delivering msg: cs451.Message@1f54d89a
urb delivering msg: cs451.Message@7d5e80e8
urb delivering msg: cs451.Message@3209a6b1
urb delivering msg: cs451.Message@1cd61f4a
urb delivering msg: cs451.Message@257f9442
urb delivering msg: cs451.Message@2c2f19c5
urb delivering msg: cs451.Message@536c1edf
urb delivering msg: cs451.Message@7f6c67b7
urb delivering msg: cs451.Message@26e8219c
urb delivering msg: cs451.Message@72dde5b5
urb delivering msg: cs451.Message@41f497d7
urb delivering msg: cs451.Message@5d390181
urb delivering msg: cs451.Message@3a3a2f7b
urb delivering msg: cs451.Message@275785c4
urb delivering msg: cs451.Message@4278e4d6
urb delivering msg: cs451.Message@57d8d011
urb delivering msg: cs451.Message@3cf27c66
urb delivering msg: cs451.Message@2710b799
urb delivering msg: cs451.Message@22cbb9f9
urb delivering msg: cs451.Message@3382ade9
urb delivering msg: cs451.Message@1cbce6b3
urb delivering msg: cs451.Message@3eb226c2
urb delivering msg: cs451.Message@4149549c
urb delivering msg: cs451.Message@670244b9
urb delivering msg: cs451.Message@1cf0bf94
urb delivering msg: cs451.Message@33db0efe
urb delivering msg: cs451.Message@38bd41ad
urb delivering msg: cs451.Message@4defed8f
urb delivering msg: cs451.Message@547af7b9
urb delivering msg: cs451.Message@3fbdbf36
urb delivering msg: cs451.Message@6ddf3145
urb delivering msg: cs451.Message@5f6e2ae4
urb delivering msg: cs451.Message@5caad98f
urb delivering msg: cs451.Message@ebc9923
urb delivering msg: cs451.Message@1a7dd4a8
urb delivering msg: cs451.Message@346af409
urb delivering msg: cs451.Message@3e0625aa
urb delivering msg: cs451.Message@5499c6c8
urb delivering msg: cs451.Message@20358067
urb delivering msg: cs451.Message@431cf2d4
urb delivering msg: cs451.Message@4cb8b468
urb delivering msg: cs451.Message@568d94b1
urb delivering msg: cs451.Message@5a3700bf
urb delivering msg: cs451.Message@7e99d37f
urb delivering msg: cs451.Message@770b3330
urb delivering msg: cs451.Message@4d99197c
urb delivering msg: cs451.Message@2f49da88
urb delivering msg: cs451.Message@1ffbe635
urb delivering msg: cs451.Message@31c7c449
urb delivering msg: cs451.Message@341079f4
urb delivering msg: cs451.Message@556c7864
urb delivering msg: cs451.Message@1566e6b2
urb delivering msg: cs451.Message@1a0c8ddb
urb delivering msg: cs451.Message@2d6498b7
urb delivering msg: cs451.Message@1b7d6a27
urb delivering msg: cs451.Message@390c5c8c
urb delivering msg: cs451.Message@47907c23
urb delivering msg: cs451.Message@4e38f546
urb delivering msg: cs451.Message@3e6482f4
urb delivering msg: cs451.Message@65575188
urb delivering msg: cs451.Message@21e25865
urb delivering msg: cs451.Message@28f90bda
urb delivering msg: cs451.Message@32904f13
urb delivering msg: cs451.Message@6d1493d8
urb delivering msg: cs451.Message@5e06df6f
urb delivering msg: cs451.Message@3ec1b8ae
urb delivering msg: cs451.Message@e1990b2
urb delivering msg: cs451.Message@47da58fa
urb delivering msg: cs451.Message@2fcf1ac9
urb delivering msg: cs451.Message@1c78d356
urb delivering msg: cs451.Message@5ea65c6b
urb delivering msg: cs451.Message@4baed2cd
urb delivering msg: cs451.Message@1ce08023
urb delivering msg: cs451.Message@4658128a
urb delivering msg: cs451.Message@2af14b2e
urb delivering msg: cs451.Message@1774cc07
urb delivering msg: cs451.Message@f0da752
urb delivering msg: cs451.Message@9c7287b
urb delivering msg: cs451.Message@29cfba56
urb delivering msg: cs451.Message@18ea4f9c
urb delivering msg: cs451.Message@7abf5ce4
urb delivering msg: cs451.Message@4a0b3738
urb delivering msg: cs451.Message@1ec23925
urb delivering msg: cs451.Message@549e03ce
urb delivering msg: cs451.Message@54c63dc5
urb delivering msg: cs451.Message@47e76292
urb delivering msg: cs451.Message@48e3705a
urb delivering msg: cs451.Message@6c478afb
urb delivering msg: cs451.Message@98abaa3
urb delivering msg: cs451.Message@7505aaf2
urb delivering msg: cs451.Message@263775a8
urb delivering msg: cs451.Message@767723c7
urb delivering msg: cs451.Message@2af4c008
urb delivering msg: cs451.Message@727ead9e
urb delivering msg: cs451.Message@6ff91c4c
urb delivering msg: cs451.Message@20df736f
urb delivering msg: cs451.Message@2ca713fc
urb delivering msg: cs451.Message@2bb259ab
urb delivering msg: cs451.Message@c8e3bed
urb delivering msg: cs451.Message@57917518
urb delivering msg: cs451.Message@43bdb4e5
urb delivering msg: cs451.Message@7a7bc238
urb delivering msg: cs451.Message@757dfc9
urb delivering msg: cs451.Message@5bb2438e
urb delivering msg: cs451.Message@7506ce81
urb delivering msg: cs451.Message@5148b81b
urb delivering msg: cs451.Message@68d89c6c
urb delivering msg: cs451.Message@21bf1cca
urb delivering msg: cs451.Message@620eacba
urb delivering msg: cs451.Message@76125880
urb delivering msg: cs451.Message@5a0591d2
urb delivering msg: cs451.Message@3858f14
urb delivering msg: cs451.Message@147988a2
urb delivering msg: cs451.Message@704b04f5
urb delivering msg: cs451.Message@6b6902f
urb delivering msg: cs451.Message@29e452c2
urb delivering msg: cs451.Message@7100f3c4
urb delivering msg: cs451.Message@59c42dbd
urb delivering msg: cs451.Message@6bc1f942
urb delivering msg: cs451.Message@60b8c4ba
urb delivering msg: cs451.Message@16d085ba
urb delivering msg: cs451.Message@6e01fb18
urb delivering msg: cs451.Message@a6e0473
urb delivering msg: cs451.Message@2c559c90
urb delivering msg: cs451.Message@3eba31f5
urb delivering msg: cs451.Message@5f82d401
urb delivering msg: cs451.Message@25351e1e
urb delivering msg: cs451.Message@2504b734
urb delivering msg: cs451.Message@4ade0ff8
urb delivering msg: cs451.Message@335f87e
urb delivering msg: cs451.Message@e7dc3e8
urb delivering msg: cs451.Message@e406804
urb delivering msg: cs451.Message@345b17fb
urb delivering msg: cs451.Message@1881ef06
urb delivering msg: cs451.Message@78030d7d
urb delivering msg: cs451.Message@758e5a31
urb delivering msg: cs451.Message@19867fb4
urb delivering msg: cs451.Message@e684a5d
urb delivering msg: cs451.Message@6ee0d608
urb delivering msg: cs451.Message@69b85637
urb delivering msg: cs451.Message@4369ff6b
urb delivering msg: cs451.Message@f9f7ff9
urb delivering msg: cs451.Message@67a7b894
urb delivering msg: cs451.Message@4c0553b9
urb delivering msg: cs451.Message@401b7ff5
urb delivering msg: cs451.Message@348fa0b8
urb delivering msg: cs451.Message@6eb6cda5
urb delivering msg: cs451.Message@8c8d351
urb delivering msg: cs451.Message@13b7e16a
urb delivering msg: cs451.Message@5af419c4
urb delivering msg: cs451.Message@2772cda
urb delivering msg: cs451.Message@4c6b259e
urb delivering msg: cs451.Message@60fb21c8
urb delivering msg: cs451.Message@1a3b2e2a
urb delivering msg: cs451.Message@2191d04b
urb delivering msg: cs451.Message@34c34632
urb delivering msg: cs451.Message@d8fd403
urb delivering msg: cs451.Message@4e86f1e6
urb delivering msg: cs451.Message@613a73f5
urb delivering msg: cs451.Message@4fe65b36
urb delivering msg: cs451.Message@3c3ab105
urb delivering msg: cs451.Message@45ca6ea5
urb delivering msg: cs451.Message@77dd1832
urb delivering msg: cs451.Message@a9fd214
urb delivering msg: cs451.Message@6344e8db
urb delivering msg: cs451.Message@75ed0d50
urb delivering msg: cs451.Message@6aee8757
urb delivering msg: cs451.Message@1e95e76c
urb delivering msg: cs451.Message@5a53c655
urb delivering msg: cs451.Message@4749c7c2
urb delivering msg: cs451.Message@59033443
urb delivering msg: cs451.Message@689c1688
urb delivering msg: cs451.Message@2c3914a0
urb delivering msg: cs451.Message@25c7a132
urb delivering msg: cs451.Message@652628e5
urb delivering msg: cs451.Message@6d865a9f
urb delivering msg: cs451.Message@97ecf9b
urb delivering msg: cs451.Message@11a821b7
urb delivering msg: cs451.Message@459d5267
urb delivering msg: cs451.Message@1a10bae9
urb delivering msg: cs451.Message@656dac27
urb delivering msg: cs451.Message@35189ca4
urb delivering msg: cs451.Message@1a39ee0a
urb delivering msg: cs451.Message@561c856
urb delivering msg: cs451.Message@d655049
urb delivering msg: cs451.Message@7ce910fd
urb delivering msg: cs451.Message@29f5e8d4
urb delivering msg: cs451.Message@22ddb6c4
urb delivering msg: cs451.Message@51d4dce
urb delivering msg: cs451.Message@3147db68
urb delivering msg: cs451.Message@377226dc
urb delivering msg: cs451.Message@78d6cd60
urb delivering msg: cs451.Message@174a8c89
urb delivering msg: cs451.Message@18d99993
urb delivering msg: cs451.Message@3ebb0892
urb delivering msg: cs451.Message@70c86fe8
urb delivering msg: cs451.Message@33258bbc
urb delivering msg: cs451.Message@6764894a
urb delivering msg: cs451.Message@1fdf2ac
urb delivering msg: cs451.Message@32797a54
urb delivering msg: cs451.Message@2d9e7fcc
urb delivering msg: cs451.Message@6e738dec
urb delivering msg: cs451.Message@756a1c
urb delivering msg: cs451.Message@79a70b9c
urb delivering msg: cs451.Message@27196b7b
urb delivering msg: cs451.Message@55779e99
urb delivering msg: cs451.Message@7e793ba1
urb delivering msg: cs451.Message@3f432419
urb delivering msg: cs451.Message@53edc239
urb delivering msg: cs451.Message@3a871d8b
urb delivering msg: cs451.Message@d949d49
urb delivering msg: cs451.Message@2b51130e
urb delivering msg: cs451.Message@1690f057
urb delivering msg: cs451.Message@1479cc4b
urb delivering msg: cs451.Message@3dae6558
urb delivering msg: cs451.Message@1e44d880
urb delivering msg: cs451.Message@f479157
urb delivering msg: cs451.Message@55860f60
urb delivering msg: cs451.Message@1bcc242d
urb delivering msg: cs451.Message@23f46f0c
urb delivering msg: cs451.Message@108a8f0c
urb delivering msg: cs451.Message@75126f72
urb delivering msg: cs451.Message@f05d0b1
urb delivering msg: cs451.Message@f095252
urb delivering msg: cs451.Message@4b3f5e50
urb delivering msg: cs451.Message@2d30c1ba
urb delivering msg: cs451.Message@c911cf5
urb delivering msg: cs451.Message@49cf44f7
urb delivering msg: cs451.Message@78b34e40
urb delivering msg: cs451.Message@53256dfd
urb delivering msg: cs451.Message@57d7b5d8
urb delivering msg: cs451.Message@648cab29
urb delivering msg: cs451.Message@6af38b6
urb delivering msg: cs451.Message@7e1df71b
urb delivering msg: cs451.Message@148ee475
urb delivering msg: cs451.Message@15dad02e
urb delivering msg: cs451.Message@6acf20ab
urb delivering msg: cs451.Message@7b7bb7c6
urb delivering msg: cs451.Message@18b54990
urb delivering msg: cs451.Message@5bada108
urb delivering msg: cs451.Message@48f408ae
urb delivering msg: cs451.Message@6e1743f1
urb delivering msg: cs451.Message@5cdc7e6a
urb delivering msg: cs451.Message@6acf3118
urb delivering msg: cs451.Message@296e597
urb delivering msg: cs451.Message@564a26ff
urb delivering msg: cs451.Message@69da3d72
urb delivering msg: cs451.Message@7a0e86a0
urb delivering msg: cs451.Message@4f017e2b
urb delivering msg: cs451.Message@48fbd4ea
urb delivering msg: cs451.Message@7072512a
urb delivering msg: cs451.Message@7ec7e202
urb delivering msg: cs451.Message@3a732bd7
urb delivering msg: cs451.Message@2c39e4f7
urb delivering msg: cs451.Message@4e200b5b
urb delivering msg: cs451.Message@f36276f
urb delivering msg: cs451.Message@2c3888cd
urb delivering msg: cs451.Message@4f45dfe1
urb delivering msg: cs451.Message@1716f81
urb delivering msg: cs451.Message@3f422d9f
urb delivering msg: cs451.Message@5754a45a
urb delivering msg: cs451.Message@360fd386
urb delivering msg: cs451.Message@3c08bfa1
urb delivering msg: cs451.Message@1288436a
urb delivering msg: cs451.Message@608c5315
urb delivering msg: cs451.Message@28573f61
urb delivering msg: cs451.Message@51db687d
urb delivering msg: cs451.Message@198f23f
urb delivering msg: cs451.Message@30e1de2
urb delivering msg: cs451.Message@12b396d5
urb delivering msg: cs451.Message@18219c7e
urb delivering msg: cs451.Message@5eee8c4f
urb delivering msg: cs451.Message@2dfc6b7d
urb delivering msg: cs451.Message@23f74529
urb delivering msg: cs451.Message@37a1ff45
urb delivering msg: cs451.Message@1d07810a
urb delivering msg: cs451.Message@53eea654
urb delivering msg: cs451.Message@4a297f0d
urb delivering msg: cs451.Message@724afada
urb delivering msg: cs451.Message@53642a48
urb delivering msg: cs451.Message@759efa76
urb delivering msg: cs451.Message@744e32df
urb delivering msg: cs451.Message@51f78aa6
urb delivering msg: cs451.Message@23b3dcba
urb delivering msg: cs451.Message@217cdff0
urb delivering msg: cs451.Message@24a1d9ca
urb delivering msg: cs451.Message@49eed542
urb delivering msg: cs451.Message@740586c9
urb delivering msg: cs451.Message@33c144e6
urb delivering msg: cs451.Message@1904b4dd
urb delivering msg: cs451.Message@267f367a
urb delivering msg: cs451.Message@7e94cfb2
urb delivering msg: cs451.Message@47cb42f2
urb delivering msg: cs451.Message@7b55b48a
urb delivering msg: cs451.Message@2446917c
urb delivering msg: cs451.Message@7cf73319
urb delivering msg: cs451.Message@613622a7
urb delivering msg: cs451.Message@37112bef
urb delivering msg: cs451.Message@274c9100
urb delivering msg: cs451.Message@6266110b
urb delivering msg: cs451.Message@321534fa
urb delivering msg: cs451.Message@ce53f04
urb delivering msg: cs451.Message@4fe26b09
urb delivering msg: cs451.Message@1dded5b7
urb delivering msg: cs451.Message@6778012
urb delivering msg: cs451.Message@234f82c7
urb delivering msg: cs451.Message@7f291f84
urb delivering msg: cs451.Message@14b11ebb
urb delivering msg: cs451.Message@2e7c7b2f
urb delivering msg: cs451.Message@717a8d9d
urb delivering msg: cs451.Message@46187909
urb delivering msg: cs451.Message@5ac0f3b7
urb delivering msg: cs451.Message@17284ec3
urb delivering msg: cs451.Message@321b2fde
urb delivering msg: cs451.Message@374ed8a5
urb delivering msg: cs451.Message@6acec8b0
urb delivering msg: cs451.Message@3f45dd7c
urb delivering msg: cs451.Message@544b6095
urb delivering msg: cs451.Message@15811149
urb delivering msg: cs451.Message@996d001
urb delivering msg: cs451.Message@18295272
urb delivering msg: cs451.Message@1769c62a
urb delivering msg: cs451.Message@a7f86d7
urb delivering msg: cs451.Message@35565941
urb delivering msg: cs451.Message@673e375b
urb delivering msg: cs451.Message@3ebff500
urb delivering msg: cs451.Message@4880953e
urb delivering msg: cs451.Message@4f1b413e
urb delivering msg: cs451.Message@59093369
urb delivering msg: cs451.Message@185fdabd
urb delivering msg: cs451.Message@54ba95ed
urb delivering msg: cs451.Message@41bd2cf5
urb delivering msg: cs451.Message@513fddd0
urb delivering msg: cs451.Message@37537f78
urb delivering msg: cs451.Message@37469182
urb delivering msg: cs451.Message@1fb4c91b
urb delivering msg: cs451.Message@304a4660
urb delivering msg: cs451.Message@1c4e57ae
urb delivering msg: cs451.Message@1f870f24
urb delivering msg: cs451.Message@26c2f1de
urb delivering msg: cs451.Message@44d9ca20
urb delivering msg: cs451.Message@2ac41632
urb delivering msg: cs451.Message@d9dd261
urb delivering msg: cs451.Message@3ce09e0d
urb delivering msg: cs451.Message@36e2db7b
urb delivering msg: cs451.Message@3c1d3e13
urb delivering msg: cs451.Message@5ff0ed2b
urb delivering msg: cs451.Message@67d8102e
urb delivering msg: cs451.Message@474136ad
urb delivering msg: cs451.Message@127975f0
urb delivering msg: cs451.Message@4ab84b21
urb delivering msg: cs451.Message@6dc66b38
urb delivering msg: cs451.Message@237cdc73
urb delivering msg: cs451.Message@7af3eb19
urb delivering msg: cs451.Message@721a5625
urb delivering msg: cs451.Message@2c5b7cf5
urb delivering msg: cs451.Message@6981a249
urb delivering msg: cs451.Message@c4f2743
urb delivering msg: cs451.Message@2cc4f391
urb delivering msg: cs451.Message@5b8f9e28
urb delivering msg: cs451.Message@3f78fcfa
urb delivering msg: cs451.Message@4a78a169
urb delivering msg: cs451.Message@412b9bcc
urb delivering msg: cs451.Message@66f2231f
urb delivering msg: cs451.Message@1e159c17
urb delivering msg: cs451.Message@11690555
urb delivering msg: cs451.Message@c01094f
urb delivering msg: cs451.Message@7b1c290b
urb delivering msg: cs451.Message@495bf75b
urb delivering msg: cs451.Message@10410088
urb delivering msg: cs451.Message@148e28be
urb delivering msg: cs451.Message@e400f55
urb delivering msg: cs451.Message@18b7d0e9
urb delivering msg: cs451.Message@6ac637
urb delivering msg: cs451.Message@65c4d55c
urb delivering msg: cs451.Message@6b704416
urb delivering msg: cs451.Message@4d66f109
urb delivering msg: cs451.Message@1b6bcdec
urb delivering msg: cs451.Message@584685e8
urb delivering msg: cs451.Message@317f3a02
urb delivering msg: cs451.Message@4b6b7b9d
urb delivering msg: cs451.Message@eaadbb1
urb delivering msg: cs451.Message@622f6649
urb delivering msg: cs451.Message@2ac8ef24
urb delivering msg: cs451.Message@3a6fce73
urb delivering msg: cs451.Message@62c0eddc
urb delivering msg: cs451.Message@7bc4c2e3
urb delivering msg: cs451.Message@1618a370
urb delivering msg: cs451.Message@5240fb96
urb delivering msg: cs451.Message@370b420f
urb delivering msg: cs451.Message@6a054dd7
urb delivering msg: cs451.Message@395570c4
urb delivering msg: cs451.Message@6c1cb033
urb delivering msg: cs451.Message@16a9c85
urb delivering msg: cs451.Message@41c1028a
urb delivering msg: cs451.Message@53009926
urb delivering msg: cs451.Message@5a14365d
urb delivering msg: cs451.Message@fcf072e
urb delivering msg: cs451.Message@46d3810f
urb delivering msg: cs451.Message@11cdf95a
urb delivering msg: cs451.Message@6a9083e0
urb delivering msg: cs451.Message@1d111feb
urb delivering msg: cs451.Message@47902ebf
urb delivering msg: cs451.Message@39e9183e
urb delivering msg: cs451.Message@57080360
urb delivering msg: cs451.Message@42f3b02d
urb delivering msg: cs451.Message@4509b1a
urb delivering msg: cs451.Message@75894b46
urb delivering msg: cs451.Message@620d5594
urb delivering msg: cs451.Message@3d20e320
urb delivering msg: cs451.Message@3da837d5
urb delivering msg: cs451.Message@244885d
urb delivering msg: cs451.Message@a6dcc74
urb delivering msg: cs451.Message@30ee17fa
urb delivering msg: cs451.Message@4c0488ad
urb delivering msg: cs451.Message@6aa4e710
urb delivering msg: cs451.Message@ece985c
urb delivering msg: cs451.Message@4e5f1fb8
urb delivering msg: cs451.Message@2676b73e
urb delivering msg: cs451.Message@6b274887
urb delivering msg: cs451.Message@11d121c7
urb delivering msg: cs451.Message@27c55e9a
urb delivering msg: cs451.Message@3499c21b
urb delivering msg: cs451.Message@652bd77f
urb delivering msg: cs451.Message@7d6c0d04
urb delivering msg: cs451.Message@70d0bdbd
urb delivering msg: cs451.Message@aa330a6
urb delivering msg: cs451.Message@31888ea2
urb delivering msg: cs451.Message@2c91b1ba
urb delivering msg: cs451.Message@59d9ccc0
urb delivering msg: cs451.Message@4aecf15d
urb delivering msg: cs451.Message@3fe48b3c
urb delivering msg: cs451.Message@1ed9f11b
urb delivering msg: cs451.Message@97181cc
urb delivering msg: cs451.Message@24baffa6
urb delivering msg: cs451.Message@3f1c3d66
urb delivering msg: cs451.Message@6e9c52b7
urb delivering msg: cs451.Message@6b66c149
urb delivering msg: cs451.Message@1852544c
urb delivering msg: cs451.Message@46fbbd2d
urb delivering msg: cs451.Message@4a7e46af
urb delivering msg: cs451.Message@17cfaa20
urb delivering msg: cs451.Message@1d357ca1
urb delivering msg: cs451.Message@63ca8ff
urb delivering msg: cs451.Message@3ecfcda9
urb delivering msg: cs451.Message@54bbfefa
urb delivering msg: cs451.Message@625d40b8
urb delivering msg: cs451.Message@145775c
urb delivering msg: cs451.Message@41a74058
urb delivering msg: cs451.Message@4ae03ab8
urb delivering msg: cs451.Message@42b0fbdc
urb delivering msg: cs451.Message@68e58b41
urb delivering msg: cs451.Message@13bba385
urb delivering msg: cs451.Message@58457eb0
urb delivering msg: cs451.Message@1d6e007f
urb delivering msg: cs451.Message@59953f10
urb delivering msg: cs451.Message@177c182c
urb delivering msg: cs451.Message@64bf548d
urb delivering msg: cs451.Message@9bfcd9d
urb delivering msg: cs451.Message@79221e05
urb delivering msg: cs451.Message@e68c475
urb delivering msg: cs451.Message@10ede209
urb delivering msg: cs451.Message@67c906ac
urb delivering msg: cs451.Message@ef2ee66
urb delivering msg: cs451.Message@46f1d8a1
urb delivering msg: cs451.Message@39f397dc
urb delivering msg: cs451.Message@16200a28
urb delivering msg: cs451.Message@fb85754
urb delivering msg: cs451.Message@47c4b2d2
urb delivering msg: cs451.Message@622c8081
urb delivering msg: cs451.Message@744ba7a6
urb delivering msg: cs451.Message@39844c8c
urb delivering msg: cs451.Message@5bb43b4c
urb delivering msg: cs451.Message@5d1a9033
urb delivering msg: cs451.Message@74c56aa1
urb delivering msg: cs451.Message@6f3ea899
urb delivering msg: cs451.Message@15aa9069
urb delivering msg: cs451.Message@1c3811e7
urb delivering msg: cs451.Message@43f7f0a3
urb delivering msg: cs451.Message@5917f224
urb delivering msg: cs451.Message@18ff08b7
urb delivering msg: cs451.Message@44148566
urb delivering msg: cs451.Message@381a07af
urb delivering msg: cs451.Message@5e7a445a
urb delivering msg: cs451.Message@3ea04592
urb delivering msg: cs451.Message@5effc895
urb delivering msg: cs451.Message@36b09b9a
urb delivering msg: cs451.Message@3a645182
urb delivering msg: cs451.Message@6d41f89
urb delivering msg: cs451.Message@26cfd4a6
urb delivering msg: cs451.Message@1411f7ae
urb delivering msg: cs451.Message@c614cef
urb delivering msg: cs451.Message@2a6f32bd
urb delivering msg: cs451.Message@725db9b2
urb delivering msg: cs451.Message@69ea9cd0
urb delivering msg: cs451.Message@6feaa336
urb delivering msg: cs451.Message@3c438eac
urb delivering msg: cs451.Message@234c30bf
urb delivering msg: cs451.Message@1e7d341a
urb delivering msg: cs451.Message@24b4c7f0
urb delivering msg: cs451.Message@4a20b24
urb delivering msg: cs451.Message@46a91ac7
urb delivering msg: cs451.Message@31032bec
urb delivering msg: cs451.Message@338ae17b
urb delivering msg: cs451.Message@27e53705
urb delivering msg: cs451.Message@29947e1c
urb delivering msg: cs451.Message@1e07c89
urb delivering msg: cs451.Message@6505d4f7
urb delivering msg: cs451.Message@6bd68a4d
urb delivering msg: cs451.Message@61b87db5
urb delivering msg: cs451.Message@633e413f
urb delivering msg: cs451.Message@285793c3
urb delivering msg: cs451.Message@770cf066
urb delivering msg: cs451.Message@55fb6ee7
urb delivering msg: cs451.Message@44ddeade
urb delivering msg: cs451.Message@5080a00d
urb delivering msg: cs451.Message@409ff5bb
urb delivering msg: cs451.Message@4e9d2719
urb delivering msg: cs451.Message@65bdaf0e
urb delivering msg: cs451.Message@30e8eb7c
urb delivering msg: cs451.Message@f65e2f7
urb delivering msg: cs451.Message@28e7a9ed
urb delivering msg: cs451.Message@20aab620
urb delivering msg: cs451.Message@57ee1a42
urb delivering msg: cs451.Message@77bc3812
urb delivering msg: cs451.Message@62015fc9
urb delivering msg: cs451.Message@17effe1f
urb delivering msg: cs451.Message@30f4daaa
urb delivering msg: cs451.Message@261e180e
urb delivering msg: cs451.Message@4e89f413
urb delivering msg: cs451.Message@267ee4db
urb delivering msg: cs451.Message@30495b34
urb delivering msg: cs451.Message@6641fb5b
urb delivering msg: cs451.Message@6769b2ec
urb delivering msg: cs451.Message@3660dae6
urb delivering msg: cs451.Message@4c0ab7e5
urb delivering msg: cs451.Message@25f8161c
urb delivering msg: cs451.Message@f2c2e9d
urb delivering msg: cs451.Message@3fab6274
urb delivering msg: cs451.Message@26875ffb
urb delivering msg: cs451.Message@43aae5c1
urb delivering msg: cs451.Message@2d1c73ef
urb delivering msg: cs451.Message@49401cfa
urb delivering msg: cs451.Message@5524eaae
urb delivering msg: cs451.Message@41b48926
urb delivering msg: cs451.Message@f7909f4
urb delivering msg: cs451.Message@4697632d
urb delivering msg: cs451.Message@349480cb
urb delivering msg: cs451.Message@518cc2c6
urb delivering msg: cs451.Message@167d47aa
urb delivering msg: cs451.Message@6b0ec043
urb delivering msg: cs451.Message@7b0c9731
urb delivering msg: cs451.Message@4c21f064
urb delivering msg: cs451.Message@309dbe5d
urb delivering msg: cs451.Message@2d0c6cd5
urb delivering msg: cs451.Message@32a6d35a
urb delivering msg: cs451.Message@71c7b7ba
urb delivering msg: cs451.Message@2c758089
urb delivering msg: cs451.Message@62d13b16
urb delivering msg: cs451.Message@66690815
urb delivering msg: cs451.Message@2a5f0905
urb delivering msg: cs451.Message@2a2ea50f
urb delivering msg: cs451.Message@41cc32d7
urb delivering msg: cs451.Message@6f4bb35b
urb delivering msg: cs451.Message@3d0e9896
urb delivering msg: cs451.Message@62d754e5
urb delivering msg: cs451.Message@42ad88e2
urb delivering msg: cs451.Message@70ce3a87
urb delivering msg: cs451.Message@39cdc620
urb delivering msg: cs451.Message@6165cd80
urb delivering msg: cs451.Message@4fa1a3d6
urb delivering msg: cs451.Message@4e3aa2a7
urb delivering msg: cs451.Message@19919186
urb delivering msg: cs451.Message@565756f9
urb delivering msg: cs451.Message@142ae0f6
urb delivering msg: cs451.Message@f9e574e
urb delivering msg: cs451.Message@1a16fa9a
urb delivering msg: cs451.Message@769a87bf
urb delivering msg: cs451.Message@35f4f4ca
urb delivering msg: cs451.Message@48adf11d
urb delivering msg: cs451.Message@65c210b8
urb delivering msg: cs451.Message@47c7d4c0
urb delivering msg: cs451.Message@55072a56
urb delivering msg: cs451.Message@72050cf2
urb delivering msg: cs451.Message@7b785da
urb delivering msg: cs451.Message@7eaf3038
urb delivering msg: cs451.Message@1216f021
urb delivering msg: cs451.Message@48ae1c0d
urb delivering msg: cs451.Message@738cd997
urb delivering msg: cs451.Message@74a5192e
urb delivering msg: cs451.Message@51176863
urb delivering msg: cs451.Message@69614838
urb delivering msg: cs451.Message@7cb474e2
urb delivering msg: cs451.Message@20047e33
urb delivering msg: cs451.Message@4a3a4e20
urb delivering msg: cs451.Message@29f9ffd7
urb delivering msg: cs451.Message@76358d6e
urb delivering msg: cs451.Message@7543807d
urb delivering msg: cs451.Message@6d108bbb
urb delivering msg: cs451.Message@bf1c689
urb delivering msg: cs451.Message@51f57464
urb delivering msg: cs451.Message@38dc464f
urb delivering msg: cs451.Message@51784fbc
urb delivering msg: cs451.Message@54b80e94
urb delivering msg: cs451.Message@2e940633
urb delivering msg: cs451.Message@7420d390
urb delivering msg: cs451.Message@67b67707
urb delivering msg: cs451.Message@73ee09cb
urb delivering msg: cs451.Message@7dc53c1b
urb delivering msg: cs451.Message@f0bcc60
urb delivering msg: cs451.Message@5b519cc9
urb delivering msg: cs451.Message@58f27639
urb delivering msg: cs451.Message@c03acd8
urb delivering msg: cs451.Message@5dba09f4
urb delivering msg: cs451.Message@a5a715e
urb delivering msg: cs451.Message@41529d92
urb delivering msg: cs451.Message@50268c0c
urb delivering msg: cs451.Message@5ddeca55
urb delivering msg: cs451.Message@4578031
urb delivering msg: cs451.Message@51bc2324
urb delivering msg: cs451.Message@351e93f3
urb delivering msg: cs451.Message@1eb97b67
urb delivering msg: cs451.Message@26d72689
urb delivering msg: cs451.Message@16428474
urb delivering msg: cs451.Message@57020c44
urb delivering msg: cs451.Message@2b53780
urb delivering msg: cs451.Message@1dc9ba31
urb delivering msg: cs451.Message@1faaecd8
urb delivering msg: cs451.Message@580db345
urb delivering msg: cs451.Message@73af86f3
urb delivering msg: cs451.Message@2367b285
urb delivering msg: cs451.Message@6b63561d
urb delivering msg: cs451.Message@5ec147af
urb delivering msg: cs451.Message@51d6da9a
urb delivering msg: cs451.Message@4f3bb9bf
urb delivering msg: cs451.Message@3e19ddfb
urb delivering msg: cs451.Message@6a3109a8
urb delivering msg: cs451.Message@dd40c7e
urb delivering msg: cs451.Message@1fb0aa3a
urb delivering msg: cs451.Message@6f365a32
urb delivering msg: cs451.Message@da86235
urb delivering msg: cs451.Message@20323802
urb delivering msg: cs451.Message@3a49b744
urb delivering msg: cs451.Message@67739df5
urb delivering msg: cs451.Message@2904f2e4
urb delivering msg: cs451.Message@18c72dee
urb delivering msg: cs451.Message@6f434a25
urb delivering msg: cs451.Message@14a4ee0d
urb delivering msg: cs451.Message@1a39adaf
urb delivering msg: cs451.Message@3bb05b5b
urb delivering msg: cs451.Message@4ed72c6a
urb delivering msg: cs451.Message@7d30773b
