Hello
My PID: 3821

My ID: 8

Doing some initialization

num of msg = 1000
Broadcasting and delivering messages...

urb delivering msg: cs451.Message@38926cd9
urb delivering msg: cs451.Message@4418524a
urb delivering msg: cs451.Message@5fa41e6c
urb delivering msg: cs451.Message@18461ea0
urb delivering msg: cs451.Message@4fa8d310
urb delivering msg: cs451.Message@49a452ad
urb delivering msg: cs451.Message@341331eb
urb delivering msg: cs451.Message@5e7b7273
urb delivering msg: cs451.Message@7c3e2ce1
urb delivering msg: cs451.Message@4c5e8fb4
urb delivering msg: cs451.Message@616f73bd
urb delivering msg: cs451.Message@64826d09
urb delivering msg: cs451.Message@69d60c5c
urb delivering msg: cs451.Message@514d1dfd
urb delivering msg: cs451.Message@4b257ef2
urb delivering msg: cs451.Message@3c38a8ba
urb delivering msg: cs451.Message@65d5f78d
urb delivering msg: cs451.Message@5c4eac3f
urb delivering msg: cs451.Message@3c7c9baa
urb delivering msg: cs451.Message@45f889e7
urb delivering msg: cs451.Message@f5b774a
urb delivering msg: cs451.Message@265d1dca
urb delivering msg: cs451.Message@7ea46360
urb delivering msg: cs451.Message@7f927ae2
urb delivering msg: cs451.Message@2b27b37d
urb delivering msg: cs451.Message@65da489e
urb delivering msg: cs451.Message@38b89826
urb delivering msg: cs451.Message@5411a0b9
urb delivering msg: cs451.Message@42bb4d1d
urb delivering msg: cs451.Message@7592636c
urb delivering msg: cs451.Message@997ac50
urb delivering msg: cs451.Message@505ac1b3
urb delivering msg: cs451.Message@4811bd00
urb delivering msg: cs451.Message@2efe2e6d
urb delivering msg: cs451.Message@1a3fe2ce
urb delivering msg: cs451.Message@1ceeff63
urb delivering msg: cs451.Message@5952b843
urb delivering msg: cs451.Message@6807842
urb delivering msg: cs451.Message@63ccc3ce
urb delivering msg: cs451.Message@8b23d33
urb delivering msg: cs451.Message@44ee0cc6
urb delivering msg: cs451.Message@41a93e71
requesting next batch
urb delivering msg: cs451.Message@447e4739
urb delivering msg: cs451.Message@5dbca120
urb delivering msg: cs451.Message@69801e6d
urb delivering msg: cs451.Message@6152ef9a
urb delivering msg: cs451.Message@57232b06
urb delivering msg: cs451.Message@6f2e3563
urb delivering msg: cs451.Message@6b42d9d
urb delivering msg: cs451.Message@706c3cee
urb delivering msg: cs451.Message@3e5942fe
urb delivering msg: cs451.Message@2042fd7b
urb delivering msg: cs451.Message@73de42b
urb delivering msg: cs451.Message@1627336e
urb delivering msg: cs451.Message@621dcde6
urb delivering msg: cs451.Message@55834dfb
urb delivering msg: cs451.Message@3df7e7dc
urb delivering msg: cs451.Message@12641f4f
urb delivering msg: cs451.Message@1e9a9218
urb delivering msg: cs451.Message@5139f8a5
urb delivering msg: cs451.Message@53722c59
urb delivering msg: cs451.Message@61dedf1f
urb delivering msg: cs451.Message@2b9e8b6e
urb delivering msg: cs451.Message@357ca268
urb delivering msg: cs451.Message@77ae507a
urb delivering msg: cs451.Message@601f4fb7
urb delivering msg: cs451.Message@3f057d21
urb delivering msg: cs451.Message@6fbae74b
urb delivering msg: cs451.Message@6a124746
urb delivering msg: cs451.Message@70eacf44
urb delivering msg: cs451.Message@6492580d
urb delivering msg: cs451.Message@5caa7b6b
urb delivering msg: cs451.Message@24fa2fcf
urb delivering msg: cs451.Message@24c54fb
urb delivering msg: cs451.Message@7468368f
urb delivering msg: cs451.Message@7b166a4a
urb delivering msg: cs451.Message@e67b6b0
urb delivering msg: cs451.Message@6eecc00b
urb delivering msg: cs451.Message@5b054f17
urb delivering msg: cs451.Message@13892a07
urb delivering msg: cs451.Message@20e8ccf0
urb delivering msg: cs451.Message@288cac7e
urb delivering msg: cs451.Message@5900238f
urb delivering msg: cs451.Message@383f3ba
urb delivering msg: cs451.Message@65ea2076
urb delivering msg: cs451.Message@28489fe9
urb delivering msg: cs451.Message@708cdd34
urb delivering msg: cs451.Message@6c0efebc
urb delivering msg: cs451.Message@58d38adb
urb delivering msg: cs451.Message@3408e1ff
urb delivering msg: cs451.Message@22fbff37
urb delivering msg: cs451.Message@391b0eca
urb delivering msg: cs451.Message@7d5ace60
urb delivering msg: cs451.Message@e2edf2d
urb delivering msg: cs451.Message@73519b98
urb delivering msg: cs451.Message@125da666
urb delivering msg: cs451.Message@39df4383
urb delivering msg: cs451.Message@41703422
urb delivering msg: cs451.Message@3e02facf
urb delivering msg: cs451.Message@419305ff
urb delivering msg: cs451.Message@2138515
urb delivering msg: cs451.Message@42826051
urb delivering msg: cs451.Message@6b7f2e4c
urb delivering msg: cs451.Message@329a7221
urb delivering msg: cs451.Message@2cbf724a
urb delivering msg: cs451.Message@7dee0f64
urb delivering msg: cs451.Message@6ff143db
urb delivering msg: cs451.Message@e9b3f7e
urb delivering msg: cs451.Message@59e131c5
urb delivering msg: cs451.Message@547980b2
urb delivering msg: cs451.Message@3173fe7d
urb delivering msg: cs451.Message@66c447e2
requesting next batch
urb delivering msg: cs451.Message@36fb3de6
urb delivering msg: cs451.Message@2e1f579b
urb delivering msg: cs451.Message@b1d433
urb delivering msg: cs451.Message@440e6890
urb delivering msg: cs451.Message@2bf569fa
urb delivering msg: cs451.Message@7f024090
urb delivering msg: cs451.Message@711c130f
requesting next batch
urb delivering msg: cs451.Message@46e1bf54
urb delivering msg: cs451.Message@46dba4cb
urb delivering msg: cs451.Message@2bb06a40
urb delivering msg: cs451.Message@3aa58052
urb delivering msg: cs451.Message@7175934d
urb delivering msg: cs451.Message@6a139c54
urb delivering msg: cs451.Message@4259093c
urb delivering msg: cs451.Message@5468b635
urb delivering msg: cs451.Message@95ab80e
urb delivering msg: cs451.Message@7fdd744d
urb delivering msg: cs451.Message@75478263
urb delivering msg: cs451.Message@640f5be0
urb delivering msg: cs451.Message@384905a7
urb delivering msg: cs451.Message@2ca271ff
urb delivering msg: cs451.Message@653fba92
urb delivering msg: cs451.Message@7bf12d8e
urb delivering msg: cs451.Message@b656b6a
urb delivering msg: cs451.Message@3477ce70
urb delivering msg: cs451.Message@2c840946
urb delivering msg: cs451.Message@5e6bcc05
urb delivering msg: cs451.Message@7e75c299
urb delivering msg: cs451.Message@74fb8769
urb delivering msg: cs451.Message@78396e89
urb delivering msg: cs451.Message@78329e6f
urb delivering msg: cs451.Message@2883eafa
urb delivering msg: cs451.Message@6be04c
urb delivering msg: cs451.Message@33158bee
urb delivering msg: cs451.Message@5fb8aa05
urb delivering msg: cs451.Message@685b4f32
urb delivering msg: cs451.Message@376dabf5
urb delivering msg: cs451.Message@28b81c0d
urb delivering msg: cs451.Message@32ca639d
urb delivering msg: cs451.Message@5a9829
urb delivering msg: cs451.Message@5a32b9d4
urb delivering msg: cs451.Message@32028eeb
urb delivering msg: cs451.Message@53b5c5bd
urb delivering msg: cs451.Message@77a9432
urb delivering msg: cs451.Message@48c96110
urb delivering msg: cs451.Message@6e1adb34
urb delivering msg: cs451.Message@13ff6367
urb delivering msg: cs451.Message@4077be2e
urb delivering msg: cs451.Message@433596d1
urb delivering msg: cs451.Message@7b4e36f8
urb delivering msg: cs451.Message@134286ad
urb delivering msg: cs451.Message@6e39dc25
urb delivering msg: cs451.Message@1d54c2d
urb delivering msg: cs451.Message@b264319
urb delivering msg: cs451.Message@cd6db3e
urb delivering msg: cs451.Message@2caee675
urb delivering msg: cs451.Message@7b173e9
urb delivering msg: cs451.Message@3eb6d68d
urb delivering msg: cs451.Message@483e54e
urb delivering msg: cs451.Message@5f4526e5
urb delivering msg: cs451.Message@536728df
urb delivering msg: cs451.Message@5b6d8e80
urb delivering msg: cs451.Message@405fa936
urb delivering msg: cs451.Message@36dbddd6
urb delivering msg: cs451.Message@5c103a02
urb delivering msg: cs451.Message@6bbea68e
urb delivering msg: cs451.Message@5615b4d6
urb delivering msg: cs451.Message@3e48e6af
urb delivering msg: cs451.Message@63550b4e
urb delivering msg: cs451.Message@7dc14b7c
urb delivering msg: cs451.Message@689e316
urb delivering msg: cs451.Message@7f8d00f6
urb delivering msg: cs451.Message@34c97b32
urb delivering msg: cs451.Message@43a44c7c
urb delivering msg: cs451.Message@a7c964d
urb delivering msg: cs451.Message@1de1bd44
urb delivering msg: cs451.Message@628e5521
urb delivering msg: cs451.Message@3a822a0
urb delivering msg: cs451.Message@6d081266
urb delivering msg: cs451.Message@7d93891e
urb delivering msg: cs451.Message@6d24ecd0
urb delivering msg: cs451.Message@2fdb7ef6
urb delivering msg: cs451.Message@26dc249
urb delivering msg: cs451.Message@63d76063
urb delivering msg: cs451.Message@29df42a5
urb delivering msg: cs451.Message@5d07a5a6
urb delivering msg: cs451.Message@31144bc5
urb delivering msg: cs451.Message@6918f1fc
urb delivering msg: cs451.Message@3a015c10
urb delivering msg: cs451.Message@5acbf463
urb delivering msg: cs451.Message@4992d69c
urb delivering msg: cs451.Message@67ab5943
urb delivering msg: cs451.Message@57fa787a
urb delivering msg: cs451.Message@5297f60a
urb delivering msg: cs451.Message@d6eecf2
urb delivering msg: cs451.Message@30b2dd5d
urb delivering msg: cs451.Message@340f4a99
urb delivering msg: cs451.Message@59c5ddb4
requesting next batch
urb delivering msg: cs451.Message@2336a302
requesting next batch
urb delivering msg: cs451.Message@5c8da0c
requesting next batch
urb delivering msg: cs451.Message@4b5d03ae
requesting next batch
urb delivering msg: cs451.Message@3c024f0c
requesting next batch
urb delivering msg: cs451.Message@2a3ac53d
requesting next batch
urb delivering msg: cs451.Message@696172cc
requesting next batch
urb delivering msg: cs451.Message@4a025c3d
requesting next batch
urb delivering msg: cs451.Message@64d6105e
requesting next batch
urb delivering msg: cs451.Message@18b922d4
urb delivering msg: cs451.Message@7aacc41d
urb delivering msg: cs451.Message@22978cc1
urb delivering msg: cs451.Message@76173c2d
urb delivering msg: cs451.Message@27690fb9
urb delivering msg: cs451.Message@3b79ab65
urb delivering msg: cs451.Message@2516c94f
urb delivering msg: cs451.Message@6aaf6f94
urb delivering msg: cs451.Message@5d4b1bf
urb delivering msg: cs451.Message@738010e3
urb delivering msg: cs451.Message@604ff36d
urb delivering msg: cs451.Message@718df33f
urb delivering msg: cs451.Message@5174fdf8
urb delivering msg: cs451.Message@2200f83d
urb delivering msg: cs451.Message@3d4bb38b
urb delivering msg: cs451.Message@23c1bb16
urb delivering msg: cs451.Message@55ac19ab
urb delivering msg: cs451.Message@7048d233
urb delivering msg: cs451.Message@107ff05a
urb delivering msg: cs451.Message@3e48e048
urb delivering msg: cs451.Message@b9cc76b
urb delivering msg: cs451.Message@3df34561
urb delivering msg: cs451.Message@52e19fa5
urb delivering msg: cs451.Message@2bd26f11
urb delivering msg: cs451.Message@4618429f
urb delivering msg: cs451.Message@6167cf70
urb delivering msg: cs451.Message@3fa5684e
urb delivering msg: cs451.Message@737324c
urb delivering msg: cs451.Message@33f948f
urb delivering msg: cs451.Message@5c7cd7d7
urb delivering msg: cs451.Message@480f330e
urb delivering msg: cs451.Message@7694cd11
urb delivering msg: cs451.Message@970b4a0
urb delivering msg: cs451.Message@33881836
urb delivering msg: cs451.Message@22eca0a
urb delivering msg: cs451.Message@5202731b
urb delivering msg: cs451.Message@5e5b084f
urb delivering msg: cs451.Message@2d61e21a
urb delivering msg: cs451.Message@596b0326
urb delivering msg: cs451.Message@183039bb
urb delivering msg: cs451.Message@1eaf4382
urb delivering msg: cs451.Message@3cfc037f
urb delivering msg: cs451.Message@3d8f45f5
urb delivering msg: cs451.Message@246b5e1e
urb delivering msg: cs451.Message@40bcba42
urb delivering msg: cs451.Message@1c87aed1
urb delivering msg: cs451.Message@5b60f059
urb delivering msg: cs451.Message@2585de85
urb delivering msg: cs451.Message@4e0edd
urb delivering msg: cs451.Message@211ed923
urb delivering msg: cs451.Message@7d201761
urb delivering msg: cs451.Message@76da9fb6
urb delivering msg: cs451.Message@6925f56
urb delivering msg: cs451.Message@51125966
urb delivering msg: cs451.Message@2cf4c73a
urb delivering msg: cs451.Message@ef1da3d
urb delivering msg: cs451.Message@1a8d4c5a
urb delivering msg: cs451.Message@5917ef04
urb delivering msg: cs451.Message@53d02e0b
urb delivering msg: cs451.Message@53f0267e
urb delivering msg: cs451.Message@23ef4fc6
urb delivering msg: cs451.Message@45e6eb70
urb delivering msg: cs451.Message@171435b1
urb delivering msg: cs451.Message@458522fb
urb delivering msg: cs451.Message@1c4dc4f2
urb delivering msg: cs451.Message@6e821160
urb delivering msg: cs451.Message@588d18bc
urb delivering msg: cs451.Message@34736bac
urb delivering msg: cs451.Message@466b4384
urb delivering msg: cs451.Message@381c4338
urb delivering msg: cs451.Message@8e4e47f
urb delivering msg: cs451.Message@27e5c0c4
urb delivering msg: cs451.Message@3b0ed0df
urb delivering msg: cs451.Message@61514105
urb delivering msg: cs451.Message@4eb9864c
urb delivering msg: cs451.Message@47539cbf
urb delivering msg: cs451.Message@a1624a2
urb delivering msg: cs451.Message@6124158c
urb delivering msg: cs451.Message@63ad7402
urb delivering msg: cs451.Message@3840aaac
urb delivering msg: cs451.Message@3c8aa32
requesting next batch
urb delivering msg: cs451.Message@420147b2
requesting next batch
urb delivering msg: cs451.Message@4a043694
requesting next batch
urb delivering msg: cs451.Message@772cf0b2
requesting next batch
urb delivering msg: cs451.Message@31734d5f
requesting next batch
urb delivering msg: cs451.Message@7987a014
requesting next batch
urb delivering msg: cs451.Message@12dc9926
requesting next batch
urb delivering msg: cs451.Message@2e552af
requesting next batch
urb delivering msg: cs451.Message@2957ee19
urb delivering msg: cs451.Message@6d146c27
urb delivering msg: cs451.Message@1bf7cd0a
urb delivering msg: cs451.Message@332f94f1
urb delivering msg: cs451.Message@259e83ab
urb delivering msg: cs451.Message@6ba5a66b
urb delivering msg: cs451.Message@4e9fa988
urb delivering msg: cs451.Message@1d824b6
urb delivering msg: cs451.Message@508a7cfd
urb delivering msg: cs451.Message@165a0e79
urb delivering msg: cs451.Message@25ba26d3
urb delivering msg: cs451.Message@65875b46
urb delivering msg: cs451.Message@6669ae9f
urb delivering msg: cs451.Message@20065ded
urb delivering msg: cs451.Message@54fe7b80
urb delivering msg: cs451.Message@bfc5732
urb delivering msg: cs451.Message@204a0d84
urb delivering msg: cs451.Message@3231d555
urb delivering msg: cs451.Message@15349ae8
urb delivering msg: cs451.Message@7c180abb
urb delivering msg: cs451.Message@c4e1e91
urb delivering msg: cs451.Message@30e9e930
urb delivering msg: cs451.Message@13bc61f
urb delivering msg: cs451.Message@3d4a4951
urb delivering msg: cs451.Message@410c72ff
urb delivering msg: cs451.Message@3e53b387
urb delivering msg: cs451.Message@6107916c
urb delivering msg: cs451.Message@ee84cdc
urb delivering msg: cs451.Message@2c515c74
urb delivering msg: cs451.Message@fbd1df2
urb delivering msg: cs451.Message@52ec6198
urb delivering msg: cs451.Message@1e2e59b5
urb delivering msg: cs451.Message@383a04f8
urb delivering msg: cs451.Message@5f8fdc80
urb delivering msg: cs451.Message@6ede8648
urb delivering msg: cs451.Message@2d199d7
urb delivering msg: cs451.Message@6a2450b1
urb delivering msg: cs451.Message@4beeeaa9
urb delivering msg: cs451.Message@5198d95a
urb delivering msg: cs451.Message@5f89ed9f
urb delivering msg: cs451.Message@17609f07
urb delivering msg: cs451.Message@2b6784e0
urb delivering msg: cs451.Message@3ca2cadf
urb delivering msg: cs451.Message@2c573dc1
urb delivering msg: cs451.Message@3fdc07eb
urb delivering msg: cs451.Message@280bc474
urb delivering msg: cs451.Message@2d51798
urb delivering msg: cs451.Message@17f98b36
urb delivering msg: cs451.Message@48c5357d
urb delivering msg: cs451.Message@3e1b6075
urb delivering msg: cs451.Message@1458d9f9
urb delivering msg: cs451.Message@4f23407f
urb delivering msg: cs451.Message@2eacea3b
urb delivering msg: cs451.Message@4b513f53
urb delivering msg: cs451.Message@1914a0d1
urb delivering msg: cs451.Message@4ce13b34
urb delivering msg: cs451.Message@555eda1
urb delivering msg: cs451.Message@47bcf1ff
urb delivering msg: cs451.Message@7b12d3f1
urb delivering msg: cs451.Message@3eef7f3c
urb delivering msg: cs451.Message@14fdb5a5
urb delivering msg: cs451.Message@34ee9dcc
urb delivering msg: cs451.Message@598e5dfb
urb delivering msg: cs451.Message@1c5ddf69
urb delivering msg: cs451.Message@657401da
urb delivering msg: cs451.Message@25b4e045
urb delivering msg: cs451.Message@efe008d
urb delivering msg: cs451.Message@7c2a30ac
urb delivering msg: cs451.Message@39159422
urb delivering msg: cs451.Message@3b21ed8d
urb delivering msg: cs451.Message@4525680c
urb delivering msg: cs451.Message@68a79f54
urb delivering msg: cs451.Message@7d86a2e6
urb delivering msg: cs451.Message@497f755e
urb delivering msg: cs451.Message@27741175
urb delivering msg: cs451.Message@737d77f0
urb delivering msg: cs451.Message@3b247aeb
urb delivering msg: cs451.Message@9433d54
urb delivering msg: cs451.Message@e3b7ab0
urb delivering msg: cs451.Message@16615e70
urb delivering msg: cs451.Message@e0a8d75
urb delivering msg: cs451.Message@1eb3a87d
urb delivering msg: cs451.Message@4b08afe1
urb delivering msg: cs451.Message@5786fa2e
urb delivering msg: cs451.Message@d3da48e
urb delivering msg: cs451.Message@ece1514
urb delivering msg: cs451.Message@37c48b
urb delivering msg: cs451.Message@60800929
urb delivering msg: cs451.Message@79c863
urb delivering msg: cs451.Message@7e610bcd
urb delivering msg: cs451.Message@404c9b16
urb delivering msg: cs451.Message@20e50b77
urb delivering msg: cs451.Message@6e91f5d8
urb delivering msg: cs451.Message@1858b4a4
urb delivering msg: cs451.Message@3c680892
urb delivering msg: cs451.Message@345e12db
urb delivering msg: cs451.Message@55001ebd
urb delivering msg: cs451.Message@8207d2d
urb delivering msg: cs451.Message@74f0d823
urb delivering msg: cs451.Message@30fcd4ac
urb delivering msg: cs451.Message@655cc1f8
urb delivering msg: cs451.Message@6e1e016b
urb delivering msg: cs451.Message@1cddfd4b
urb delivering msg: cs451.Message@4ad203c8
urb delivering msg: cs451.Message@4982486b
urb delivering msg: cs451.Message@57091d69
urb delivering msg: cs451.Message@244d8566
urb delivering msg: cs451.Message@7edb0e64
urb delivering msg: cs451.Message@25c1d0c4
urb delivering msg: cs451.Message@3a3c7340
urb delivering msg: cs451.Message@7212b7d4
urb delivering msg: cs451.Message@541c2fdc
urb delivering msg: cs451.Message@7ff0926b
urb delivering msg: cs451.Message@260f58a6
urb delivering msg: cs451.Message@41c4f7a4
urb delivering msg: cs451.Message@7413428f
urb delivering msg: cs451.Message@f0be5ac
urb delivering msg: cs451.Message@531d4683
urb delivering msg: cs451.Message@3582f293
urb delivering msg: cs451.Message@5b6bc996
urb delivering msg: cs451.Message@b1d71d2
urb delivering msg: cs451.Message@320d176c
urb delivering msg: cs451.Message@10397dd4
urb delivering msg: cs451.Message@159b313c
urb delivering msg: cs451.Message@756841bc
urb delivering msg: cs451.Message@2f048e0a
urb delivering msg: cs451.Message@748891e3
urb delivering msg: cs451.Message@38564c9f
urb delivering msg: cs451.Message@f048f88
urb delivering msg: cs451.Message@4fb24bc
urb delivering msg: cs451.Message@344cba49
urb delivering msg: cs451.Message@3ef43aeb
urb delivering msg: cs451.Message@15a79a72
urb delivering msg: cs451.Message@482492be
urb delivering msg: cs451.Message@19ebe701
urb delivering msg: cs451.Message@6d7b5b5
urb delivering msg: cs451.Message@2f0adb17
urb delivering msg: cs451.Message@43570d2a
urb delivering msg: cs451.Message@54229ae
urb delivering msg: cs451.Message@3e034eae
urb delivering msg: cs451.Message@47a8f81a
urb delivering msg: cs451.Message@3ced9398
urb delivering msg: cs451.Message@28f6c2f2
urb delivering msg: cs451.Message@ca48f7c
urb delivering msg: cs451.Message@cccceda
urb delivering msg: cs451.Message@5ceded88
urb delivering msg: cs451.Message@429255b5
urb delivering msg: cs451.Message@6a65fdf4
urb delivering msg: cs451.Message@b5447c
urb delivering msg: cs451.Message@3307784f
urb delivering msg: cs451.Message@6368ac67
urb delivering msg: cs451.Message@262767a3
urb delivering msg: cs451.Message@c9b51bf
urb delivering msg: cs451.Message@4d69563
urb delivering msg: cs451.Message@227b1a0a
urb delivering msg: cs451.Message@3f7c7b99
urb delivering msg: cs451.Message@69bcc360
urb delivering msg: cs451.Message@59f12eb9
urb delivering msg: cs451.Message@23a0d4c7
urb delivering msg: cs451.Message@7fdcc399
urb delivering msg: cs451.Message@7074b8c1
urb delivering msg: cs451.Message@20a0c490
urb delivering msg: cs451.Message@5833aaf
urb delivering msg: cs451.Message@1c5ae18d
urb delivering msg: cs451.Message@49bdf077
urb delivering msg: cs451.Message@6f9f2994
urb delivering msg: cs451.Message@7355308a
urb delivering msg: cs451.Message@3848f1e4
urb delivering msg: cs451.Message@1e5090d2
urb delivering msg: cs451.Message@815d905
urb delivering msg: cs451.Message@529e69ed
urb delivering msg: cs451.Message@2da6758b
urb delivering msg: cs451.Message@376ab6ed
urb delivering msg: cs451.Message@11118cf4
urb delivering msg: cs451.Message@30615e3a
urb delivering msg: cs451.Message@2ef56f90
urb delivering msg: cs451.Message@4cca697d
urb delivering msg: cs451.Message@51212a3c
urb delivering msg: cs451.Message@6b0b3eac
urb delivering msg: cs451.Message@6e0745b2
urb delivering msg: cs451.Message@7119488e
urb delivering msg: cs451.Message@2931ec5b
urb delivering msg: cs451.Message@1b7d598f
urb delivering msg: cs451.Message@4f03a587
urb delivering msg: cs451.Message@7465c9d1
urb delivering msg: cs451.Message@5210a032
urb delivering msg: cs451.Message@23503ade
urb delivering msg: cs451.Message@712d9cae
urb delivering msg: cs451.Message@2b5ce81b
urb delivering msg: cs451.Message@7c9adc72
urb delivering msg: cs451.Message@5e3e9ff5
urb delivering msg: cs451.Message@436bb070
urb delivering msg: cs451.Message@f3b8436
urb delivering msg: cs451.Message@25e8a0ef
urb delivering msg: cs451.Message@f835290
urb delivering msg: cs451.Message@11f59b20
urb delivering msg: cs451.Message@42bcb71c
urb delivering msg: cs451.Message@2233887c
urb delivering msg: cs451.Message@37b14978
urb delivering msg: cs451.Message@a20e835
urb delivering msg: cs451.Message@2d83ba3a
urb delivering msg: cs451.Message@134db79e
urb delivering msg: cs451.Message@2e8ac606
urb delivering msg: cs451.Message@23e6e2a2
urb delivering msg: cs451.Message@1304de8e
urb delivering msg: cs451.Message@6d8b7a37
urb delivering msg: cs451.Message@15492b76
urb delivering msg: cs451.Message@1ae388f
urb delivering msg: cs451.Message@34eb769a
urb delivering msg: cs451.Message@207e8f2
urb delivering msg: cs451.Message@5ec9715f
urb delivering msg: cs451.Message@2e535049
urb delivering msg: cs451.Message@4163bcbf
urb delivering msg: cs451.Message@7c9e9c19
urb delivering msg: cs451.Message@69c8595c
urb delivering msg: cs451.Message@5d2d9d34
urb delivering msg: cs451.Message@177546a
urb delivering msg: cs451.Message@9816e09
urb delivering msg: cs451.Message@22a8d4dc
urb delivering msg: cs451.Message@135d2980
urb delivering msg: cs451.Message@28b2fb85
urb delivering msg: cs451.Message@2a4129bc
urb delivering msg: cs451.Message@4e2b161c
urb delivering msg: cs451.Message@34c02770
urb delivering msg: cs451.Message@b118cbe
urb delivering msg: cs451.Message@283e48a9
urb delivering msg: cs451.Message@3eb32044
urb delivering msg: cs451.Message@bfd7b45
urb delivering msg: cs451.Message@c0e62f8
urb delivering msg: cs451.Message@56af18d0
urb delivering msg: cs451.Message@71b9b341
urb delivering msg: cs451.Message@11fec960
urb delivering msg: cs451.Message@6e987005
urb delivering msg: cs451.Message@405f8c9e
urb delivering msg: cs451.Message@7cc00c6f
urb delivering msg: cs451.Message@1b927f5e
urb delivering msg: cs451.Message@36272c71
urb delivering msg: cs451.Message@a206d57
urb delivering msg: cs451.Message@76ffbb08
urb delivering msg: cs451.Message@7e9f5206
urb delivering msg: cs451.Message@71d4bd00
urb delivering msg: cs451.Message@78972cb8
urb delivering msg: cs451.Message@733bff59
urb delivering msg: cs451.Message@77b08c5a
urb delivering msg: cs451.Message@23580311
urb delivering msg: cs451.Message@626b092e
urb delivering msg: cs451.Message@4e86f30d
urb delivering msg: cs451.Message@3da774db
urb delivering msg: cs451.Message@5e84a8f5
urb delivering msg: cs451.Message@649ce872
urb delivering msg: cs451.Message@1dfb7177
urb delivering msg: cs451.Message@1b7ccfbf
urb delivering msg: cs451.Message@60440f25
urb delivering msg: cs451.Message@6398b427
urb delivering msg: cs451.Message@25ae11ea
urb delivering msg: cs451.Message@585233d7
urb delivering msg: cs451.Message@18af22df
urb delivering msg: cs451.Message@3eb08461
urb delivering msg: cs451.Message@6b44f31c
urb delivering msg: cs451.Message@2241b928
urb delivering msg: cs451.Message@4319ce65
urb delivering msg: cs451.Message@79b0d9eb
urb delivering msg: cs451.Message@352019d2
urb delivering msg: cs451.Message@1a076ea7
urb delivering msg: cs451.Message@17e0f164
urb delivering msg: cs451.Message@68600df2
urb delivering msg: cs451.Message@5dbb77a5
urb delivering msg: cs451.Message@7c6848e3
urb delivering msg: cs451.Message@6c13fddb
urb delivering msg: cs451.Message@4f46236
urb delivering msg: cs451.Message@2f42b52
urb delivering msg: cs451.Message@3ce544bf
urb delivering msg: cs451.Message@4feb8bdd
urb delivering msg: cs451.Message@6829b5c4
urb delivering msg: cs451.Message@4ba4ad28
urb delivering msg: cs451.Message@5df2d85f
urb delivering msg: cs451.Message@4e54155f
urb delivering msg: cs451.Message@6bf61ec4
urb delivering msg: cs451.Message@555237f
urb delivering msg: cs451.Message@4e2e23aa
urb delivering msg: cs451.Message@20be29dd
urb delivering msg: cs451.Message@7be50330
urb delivering msg: cs451.Message@578789e8
urb delivering msg: cs451.Message@680bd3c1
urb delivering msg: cs451.Message@39aaefdc
urb delivering msg: cs451.Message@6a85975a
urb delivering msg: cs451.Message@1a68b2b
urb delivering msg: cs451.Message@3705c505
urb delivering msg: cs451.Message@59bf1836
urb delivering msg: cs451.Message@1f466b1c
urb delivering msg: cs451.Message@2a8c540c
urb delivering msg: cs451.Message@33b881b5
urb delivering msg: cs451.Message@1267415c
urb delivering msg: cs451.Message@3ed5d687
urb delivering msg: cs451.Message@7631d965
urb delivering msg: cs451.Message@1f34b3f
urb delivering msg: cs451.Message@29b687fc
urb delivering msg: cs451.Message@39c70da3
urb delivering msg: cs451.Message@41c5010f
urb delivering msg: cs451.Message@5af400bb
urb delivering msg: cs451.Message@47e0e57e
urb delivering msg: cs451.Message@464b4234
urb delivering msg: cs451.Message@2f6fee8b
urb delivering msg: cs451.Message@5564c205
urb delivering msg: cs451.Message@156f06c2
urb delivering msg: cs451.Message@9a9bcb9
urb delivering msg: cs451.Message@59e200b1
urb delivering msg: cs451.Message@2a658562
urb delivering msg: cs451.Message@4751cffa
urb delivering msg: cs451.Message@3d9ffdd
urb delivering msg: cs451.Message@4af7809f
urb delivering msg: cs451.Message@4cbf5236
urb delivering msg: cs451.Message@5586a44
urb delivering msg: cs451.Message@49334a25
urb delivering msg: cs451.Message@3f36d8e4
urb delivering msg: cs451.Message@9ae13d6
urb delivering msg: cs451.Message@4fe242ed
urb delivering msg: cs451.Message@1cd35b56
urb delivering msg: cs451.Message@15ab41d0
urb delivering msg: cs451.Message@6c62d010
urb delivering msg: cs451.Message@314a125b
urb delivering msg: cs451.Message@3745f6cf
urb delivering msg: cs451.Message@78af9436
urb delivering msg: cs451.Message@2b72963
urb delivering msg: cs451.Message@630e2ba4
urb delivering msg: cs451.Message@7be54a84
urb delivering msg: cs451.Message@7fef7fea
urb delivering msg: cs451.Message@4428ad45
urb delivering msg: cs451.Message@56e9ed6f
urb delivering msg: cs451.Message@7893c5c
urb delivering msg: cs451.Message@31d1368
urb delivering msg: cs451.Message@2ded4cb
urb delivering msg: cs451.Message@1b45d36a
urb delivering msg: cs451.Message@55e07782
urb delivering msg: cs451.Message@3e8da805
urb delivering msg: cs451.Message@4a814b93
urb delivering msg: cs451.Message@7fea0f2a
urb delivering msg: cs451.Message@29e03b32
urb delivering msg: cs451.Message@7afe738b
urb delivering msg: cs451.Message@3ae36294
urb delivering msg: cs451.Message@155fa9bd
urb delivering msg: cs451.Message@3d4e398f
urb delivering msg: cs451.Message@34257786
urb delivering msg: cs451.Message@15f34454
urb delivering msg: cs451.Message@7d091516
urb delivering msg: cs451.Message@31c7c979
urb delivering msg: cs451.Message@2e410180
urb delivering msg: cs451.Message@211f21f8
urb delivering msg: cs451.Message@140b2168
urb delivering msg: cs451.Message@1b08be91
urb delivering msg: cs451.Message@3de3f171
urb delivering msg: cs451.Message@652b17d4
urb delivering msg: cs451.Message@28e67a78
urb delivering msg: cs451.Message@7644a5c3
urb delivering msg: cs451.Message@548eaa03
urb delivering msg: cs451.Message@692682f1
urb delivering msg: cs451.Message@72880017
urb delivering msg: cs451.Message@2131c938
urb delivering msg: cs451.Message@cea1af
urb delivering msg: cs451.Message@5da29a4d
urb delivering msg: cs451.Message@6f98a156
urb delivering msg: cs451.Message@404fcd94
urb delivering msg: cs451.Message@35f9dfeb
urb delivering msg: cs451.Message@7cc05beb
urb delivering msg: cs451.Message@5678d734
urb delivering msg: cs451.Message@68659302
urb delivering msg: cs451.Message@13981f62
urb delivering msg: cs451.Message@6df911f9
urb delivering msg: cs451.Message@7da8ba05
urb delivering msg: cs451.Message@3911cb31
urb delivering msg: cs451.Message@6a21a07e
urb delivering msg: cs451.Message@4f72021a
urb delivering msg: cs451.Message@7732e163
requesting next batch
urb delivering msg: cs451.Message@40cde4f7
requesting next batch
urb delivering msg: cs451.Message@27888ec0
requesting next batch
urb delivering msg: cs451.Message@78352af9
requesting next batch
urb delivering msg: cs451.Message@18ece565
requesting next batch
urb delivering msg: cs451.Message@37a940d3
requesting next batch
urb delivering msg: cs451.Message@54b43668
requesting next batch
urb delivering msg: cs451.Message@507ace5
requesting next batch
urb delivering msg: cs451.Message@7a3fa6ed
requesting next batch
urb delivering msg: cs451.Message@7edcea1
requesting next batch
urb delivering msg: cs451.Message@729faf42
requesting next batch
urb delivering msg: cs451.Message@4ac75570
requesting next batch
urb delivering msg: cs451.Message@4dc88a0b
requesting next batch
urb delivering msg: cs451.Message@24b9cdd5
requesting next batch
urb delivering msg: cs451.Message@2b5393bf
requesting next batch
urb delivering msg: cs451.Message@5bcf2f70
requesting next batch
urb delivering msg: cs451.Message@52de7ed0
requesting next batch
urb delivering msg: cs451.Message@38e3c63b
requesting next batch
urb delivering msg: cs451.Message@f9a74f3
requesting next batch
urb delivering msg: cs451.Message@2d8c6edf
requesting next batch
urb delivering msg: cs451.Message@c05ad40
urb delivering msg: cs451.Message@2a7160e5
urb delivering msg: cs451.Message@7690a4b4
urb delivering msg: cs451.Message@38a4c62f
urb delivering msg: cs451.Message@19ea13d6
urb delivering msg: cs451.Message@38bd3e46
urb delivering msg: cs451.Message@4bfb98e1
urb delivering msg: cs451.Message@55f0ba0f
urb delivering msg: cs451.Message@1c4d77c4
urb delivering msg: cs451.Message@4d533505
urb delivering msg: cs451.Message@5af890de
urb delivering msg: cs451.Message@a88694c
requesting next batch
urb delivering msg: cs451.Message@7d0cdc8e
requesting next batch
urb delivering msg: cs451.Message@29232537
requesting next batch
urb delivering msg: cs451.Message@37433ead
requesting next batch
urb delivering msg: cs451.Message@7e48f300
requesting next batch
urb delivering msg: cs451.Message@653ba8eb
requesting next batch
urb delivering msg: cs451.Message@550133e6
requesting next batch
urb delivering msg: cs451.Message@7b99d9bd
requesting next batch
urb delivering msg: cs451.Message@42f0f53d
requesting next batch
urb delivering msg: cs451.Message@7a346178
requesting next batch
urb delivering msg: cs451.Message@26f6f3db
requesting next batch
urb delivering msg: cs451.Message@13179289
requesting next batch
urb delivering msg: cs451.Message@560bc4cb
requesting next batch
urb delivering msg: cs451.Message@fed40d3
requesting next batch
urb delivering msg: cs451.Message@1e1402de
requesting next batch
urb delivering msg: cs451.Message@31b8484f
requesting next batch
urb delivering msg: cs451.Message@391def2f
requesting next batch
urb delivering msg: cs451.Message@5c93db07
requesting next batch
urb delivering msg: cs451.Message@62af20b9
requesting next batch
urb delivering msg: cs451.Message@1126e693
requesting next batch
urb delivering msg: cs451.Message@4794170f
requesting next batch
urb delivering msg: cs451.Message@51da719
requesting next batch
urb delivering msg: cs451.Message@1eace5eb
requesting next batch
urb delivering msg: cs451.Message@38988ad3
requesting next batch
urb delivering msg: cs451.Message@5fd3cea0
requesting next batch
urb delivering msg: cs451.Message@371e8f2c
requesting next batch
urb delivering msg: cs451.Message@4ee4a799
requesting next batch
urb delivering msg: cs451.Message@32d66284
requesting next batch
urb delivering msg: cs451.Message@73b10cb0
requesting next batch
urb delivering msg: cs451.Message@30959a05
requesting next batch
urb delivering msg: cs451.Message@5ba63be1
requesting next batch
urb delivering msg: cs451.Message@5ae5b053
requesting next batch
urb delivering msg: cs451.Message@214af333
requesting next batch
urb delivering msg: cs451.Message@3d1310ad
requesting next batch
urb delivering msg: cs451.Message@57004ddd
requesting next batch
urb delivering msg: cs451.Message@20901846
requesting next batch
urb delivering msg: cs451.Message@56b5a40c
requesting next batch
urb delivering msg: cs451.Message@7306500f
requesting next batch
urb delivering msg: cs451.Message@26bd8517
requesting next batch
urb delivering msg: cs451.Message@64ffbae
requesting next batch
urb delivering msg: cs451.Message@7da1baaf
urb delivering msg: cs451.Message@3ce60b3c
urb delivering msg: cs451.Message@76b9a48a
urb delivering msg: cs451.Message@fd2a378
urb delivering msg: cs451.Message@7f5614ef
urb delivering msg: cs451.Message@73e55fd2
urb delivering msg: cs451.Message@484328d0
urb delivering msg: cs451.Message@52109bc3
urb delivering msg: cs451.Message@1dae0c02
urb delivering msg: cs451.Message@446cdbaa
urb delivering msg: cs451.Message@15b86e5f
urb delivering msg: cs451.Message@43a021a8
urb delivering msg: cs451.Message@2e03ebc2
urb delivering msg: cs451.Message@c10c423
urb delivering msg: cs451.Message@5a0c9968
urb delivering msg: cs451.Message@18634ee0
urb delivering msg: cs451.Message@298febd5
urb delivering msg: cs451.Message@2334131b
urb delivering msg: cs451.Message@1d4d09cc
urb delivering msg: cs451.Message@1f5b40cb
urb delivering msg: cs451.Message@495cc1b6
urb delivering msg: cs451.Message@4a73af4d
urb delivering msg: cs451.Message@3f85dca6
urb delivering msg: cs451.Message@7a9d9e85
urb delivering msg: cs451.Message@5563b111
urb delivering msg: cs451.Message@23d6537
urb delivering msg: cs451.Message@134cf93a
urb delivering msg: cs451.Message@5b33460
urb delivering msg: cs451.Message@4d90e6fe
urb delivering msg: cs451.Message@24ed36a6
urb delivering msg: cs451.Message@509c8e28
urb delivering msg: cs451.Message@4c10a06f
urb delivering msg: cs451.Message@6fd0805
urb delivering msg: cs451.Message@4b68467a
urb delivering msg: cs451.Message@7f316cf1
urb delivering msg: cs451.Message@366bb8a0
urb delivering msg: cs451.Message@58b83348
urb delivering msg: cs451.Message@51eae5b3
urb delivering msg: cs451.Message@25c84d9b
urb delivering msg: cs451.Message@4e8d4f3a
urb delivering msg: cs451.Message@57b617d0
urb delivering msg: cs451.Message@51f7a7e8
urb delivering msg: cs451.Message@36b48cd8
urb delivering msg: cs451.Message@1264e1ab
urb delivering msg: cs451.Message@758b7ca0
urb delivering msg: cs451.Message@192f4d1e
urb delivering msg: cs451.Message@b6fc0af
urb delivering msg: cs451.Message@3e3311d0
urb delivering msg: cs451.Message@10f304ca
urb delivering msg: cs451.Message@7357ec77
urb delivering msg: cs451.Message@648300a
urb delivering msg: cs451.Message@20531c82
urb delivering msg: cs451.Message@288e8916
urb delivering msg: cs451.Message@6476fc24
urb delivering msg: cs451.Message@23f958c0
urb delivering msg: cs451.Message@1b76e731
urb delivering msg: cs451.Message@476c1b70
urb delivering msg: cs451.Message@14284865
urb delivering msg: cs451.Message@7dfe2d78
urb delivering msg: cs451.Message@511d1299
urb delivering msg: cs451.Message@760d3451
urb delivering msg: cs451.Message@20302195
urb delivering msg: cs451.Message@2ca94d06
urb delivering msg: cs451.Message@15990bd0
urb delivering msg: cs451.Message@aa91a8e
urb delivering msg: cs451.Message@2bb4bec7
urb delivering msg: cs451.Message@4d9317ca
urb delivering msg: cs451.Message@10895223
urb delivering msg: cs451.Message@523657d6
urb delivering msg: cs451.Message@5c7a99d1
urb delivering msg: cs451.Message@982f8d3
urb delivering msg: cs451.Message@5340bb8a
urb delivering msg: cs451.Message@3328ded3
requesting next batch
urb delivering msg: cs451.Message@3b146d76
requesting next batch
urb delivering msg: cs451.Message@25ce4ea7
requesting next batch
urb delivering msg: cs451.Message@73042d7f
requesting next batch
urb delivering msg: cs451.Message@62fab8a
requesting next batch
urb delivering msg: cs451.Message@1ec809e4
requesting next batch
urb delivering msg: cs451.Message@49a4d7ec
requesting next batch
urb delivering msg: cs451.Message@1b196472
urb delivering msg: cs451.Message@6011ff60
requesting next batch
urb delivering msg: cs451.Message@3e484daf
requesting next batch
urb delivering msg: cs451.Message@513ce63d
requesting next batch
urb delivering msg: cs451.Message@156229c
requesting next batch
urb delivering msg: cs451.Message@6ed33729
requesting next batch
urb delivering msg: cs451.Message@128a2a69
requesting next batch
urb delivering msg: cs451.Message@24312b0b
requesting next batch
urb delivering msg: cs451.Message@14c3bfd3
requesting next batch
urb delivering msg: cs451.Message@635ea81d
requesting next batch
urb delivering msg: cs451.Message@20c40f7d
requesting next batch
urb delivering msg: cs451.Message@d80011d
requesting next batch
urb delivering msg: cs451.Message@4b40a59
urb delivering msg: cs451.Message@12bc4492
requesting next batch
urb delivering msg: cs451.Message@12830e5f
urb delivering msg: cs451.Message@1f866dfb
urb delivering msg: cs451.Message@3b445a90
requesting next batch
urb delivering msg: cs451.Message@4bac01be
requesting next batch
urb delivering msg: cs451.Message@41571f62
urb delivering msg: cs451.Message@6d125b06
requesting next batch
urb delivering msg: cs451.Message@741b1cee
urb delivering msg: cs451.Message@5f115222
urb delivering msg: cs451.Message@26c4faad
urb delivering msg: cs451.Message@59f15f18
urb delivering msg: cs451.Message@7521d4a4
urb delivering msg: cs451.Message@20740860
urb delivering msg: cs451.Message@21648f51
urb delivering msg: cs451.Message@723e1dfa
urb delivering msg: cs451.Message@94163ed
urb delivering msg: cs451.Message@9f64dad
urb delivering msg: cs451.Message@ced55c5
urb delivering msg: cs451.Message@ebe486f
urb delivering msg: cs451.Message@c620c5e
urb delivering msg: cs451.Message@3742b35a
urb delivering msg: cs451.Message@51679b0a
urb delivering msg: cs451.Message@2de64c79
urb delivering msg: cs451.Message@31faa567
urb delivering msg: cs451.Message@13800861
urb delivering msg: cs451.Message@7ed27ed0
urb delivering msg: cs451.Message@61c860f7
urb delivering msg: cs451.Message@57d2034
urb delivering msg: cs451.Message@16ade3fa
requesting next batch
urb delivering msg: cs451.Message@7be43b01
requesting next batch
urb delivering msg: cs451.Message@59092352
requesting next batch
urb delivering msg: cs451.Message@3599d4c7
requesting next batch
urb delivering msg: cs451.Message@4c5243bd
requesting next batch
urb delivering msg: cs451.Message@16345505
requesting next batch
urb delivering msg: cs451.Message@637e722
requesting next batch
urb delivering msg: cs451.Message@7d7324cf
requesting next batch
urb delivering msg: cs451.Message@2362df77
requesting next batch
urb delivering msg: cs451.Message@17ca2a63
requesting next batch
urb delivering msg: cs451.Message@2efdc14f
requesting next batch
urb delivering msg: cs451.Message@4accdd03
requesting next batch
urb delivering msg: cs451.Message@7fe03a4a
requesting next batch
urb delivering msg: cs451.Message@39bf9ee7
urb delivering msg: cs451.Message@7908c726
urb delivering msg: cs451.Message@558039c1
urb delivering msg: cs451.Message@2bcc6b51
urb delivering msg: cs451.Message@6ec18069
urb delivering msg: cs451.Message@514f4b60
urb delivering msg: cs451.Message@5552eb9
urb delivering msg: cs451.Message@4d8b4ba1
urb delivering msg: cs451.Message@2f2b58b1
urb delivering msg: cs451.Message@494127f
urb delivering msg: cs451.Message@2898d4b2
urb delivering msg: cs451.Message@3fd94443
urb delivering msg: cs451.Message@4ac26dd9
urb delivering msg: cs451.Message@6e618914
requesting next batch
urb delivering msg: cs451.Message@b2ed2e
requesting next batch
urb delivering msg: cs451.Message@753c4a27
requesting next batch
urb delivering msg: cs451.Message@2cc94dfc
urb delivering msg: cs451.Message@4e024858
requesting next batch
urb delivering msg: cs451.Message@594e172b
urb delivering msg: cs451.Message@4eb40357
urb delivering msg: cs451.Message@287411d0
requesting next batch
urb delivering msg: cs451.Message@74e8cc0e
urb delivering msg: cs451.Message@5d367af7
requesting next batch
urb delivering msg: cs451.Message@33f664bd
urb delivering msg: cs451.Message@3b040982
urb delivering msg: cs451.Message@9be3a50
urb delivering msg: cs451.Message@67b11852
requesting next batch
urb delivering msg: cs451.Message@67e25b95
urb delivering msg: cs451.Message@7cb106f2
requesting next batch
urb delivering msg: cs451.Message@425df8e
urb delivering msg: cs451.Message@6b3934d0
requesting next batch
urb delivering msg: cs451.Message@1e72e4d1
requesting next batch
urb delivering msg: cs451.Message@6a00e77b
urb delivering msg: cs451.Message@40739c1a
urb delivering msg: cs451.Message@62ceaf70
urb delivering msg: cs451.Message@6b938b94
urb delivering msg: cs451.Message@6c592a2
urb delivering msg: cs451.Message@5a0a5d2c
urb delivering msg: cs451.Message@4d28dc32
urb delivering msg: cs451.Message@3a903128
urb delivering msg: cs451.Message@106ae45a
urb delivering msg: cs451.Message@18012846
urb delivering msg: cs451.Message@13c3ae38
urb delivering msg: cs451.Message@2861c419
urb delivering msg: cs451.Message@6feead7b
urb delivering msg: cs451.Message@7ebcfbd8
urb delivering msg: cs451.Message@70002859
urb delivering msg: cs451.Message@56e76b4c
urb delivering msg: cs451.Message@4c78819e
urb delivering msg: cs451.Message@5583c1f2
urb delivering msg: cs451.Message@24b069fb
urb delivering msg: cs451.Message@49e0db2a
urb delivering msg: cs451.Message@419cc7f9
urb delivering msg: cs451.Message@a5b0269
urb delivering msg: cs451.Message@2d035d68
urb delivering msg: cs451.Message@62f5ea69
urb delivering msg: cs451.Message@45715ac1
urb delivering msg: cs451.Message@176b404c
urb delivering msg: cs451.Message@20b4a7d4
urb delivering msg: cs451.Message@6d5fb709
urb delivering msg: cs451.Message@22b75f31
urb delivering msg: cs451.Message@6f13020b
urb delivering msg: cs451.Message@6a9c823a
urb delivering msg: cs451.Message@7a6b979f
urb delivering msg: cs451.Message@623d0134
urb delivering msg: cs451.Message@15c95422
urb delivering msg: cs451.Message@1bca99f3
urb delivering msg: cs451.Message@3d3b227a
urb delivering msg: cs451.Message@3785b048
urb delivering msg: cs451.Message@68328ade
urb delivering msg: cs451.Message@2778832a
urb delivering msg: cs451.Message@43b45d4d
urb delivering msg: cs451.Message@5929b283
urb delivering msg: cs451.Message@25b1a702
urb delivering msg: cs451.Message@4633014d
urb delivering msg: cs451.Message@270c62f3
urb delivering msg: cs451.Message@33a5713b
urb delivering msg: cs451.Message@1b0449fa
urb delivering msg: cs451.Message@45e31abe
urb delivering msg: cs451.Message@1bce30b
urb delivering msg: cs451.Message@198876ae
urb delivering msg: cs451.Message@20fab7fc
urb delivering msg: cs451.Message@7d117fb7
urb delivering msg: cs451.Message@1bd36fa5
urb delivering msg: cs451.Message@41345777
urb delivering msg: cs451.Message@34045dfa
urb delivering msg: cs451.Message@421e600a
urb delivering msg: cs451.Message@423081ab
urb delivering msg: cs451.Message@21dcf975
urb delivering msg: cs451.Message@37a18b39
urb delivering msg: cs451.Message@60ea3f7
urb delivering msg: cs451.Message@40755744
urb delivering msg: cs451.Message@624096e
urb delivering msg: cs451.Message@3de7a2d0
