Hello
My PID: 3814

My ID: 1

Doing some initialization

num of msg = 1000
Broadcasting and delivering messages...

urb delivering msg: cs451.Message@623ad73b
urb delivering msg: cs451.Message@344c9355
urb delivering msg: cs451.Message@d8edbdc
urb delivering msg: cs451.Message@424aaeb7
urb delivering msg: cs451.Message@ba68156
urb delivering msg: cs451.Message@2514d392
urb delivering msg: cs451.Message@6c9b65a1
urb delivering msg: cs451.Message@5a7365f
urb delivering msg: cs451.Message@3ab4bb8c
urb delivering msg: cs451.Message@39bf770b
urb delivering msg: cs451.Message@e3ebbf0
urb delivering msg: cs451.Message@329771a6
urb delivering msg: cs451.Message@2d60c4a3
urb delivering msg: cs451.Message@6f25f92b
urb delivering msg: cs451.Message@14bf3e04
urb delivering msg: cs451.Message@1d2c7774
urb delivering msg: cs451.Message@36c2edae
urb delivering msg: cs451.Message@76eeb6fc
urb delivering msg: cs451.Message@1bcce93b
urb delivering msg: cs451.Message@6525aae1
urb delivering msg: cs451.Message@442b9476
urb delivering msg: cs451.Message@47718359
urb delivering msg: cs451.Message@3b882fbd
urb delivering msg: cs451.Message@73b2e88f
urb delivering msg: cs451.Message@6ba25aab
urb delivering msg: cs451.Message@208277cd
urb delivering msg: cs451.Message@5a8d41a7
urb delivering msg: cs451.Message@3e1f3ce9
urb delivering msg: cs451.Message@47115e83
urb delivering msg: cs451.Message@741e65b3
urb delivering msg: cs451.Message@442e82ee
urb delivering msg: cs451.Message@39106f6
urb delivering msg: cs451.Message@4e39a541
urb delivering msg: cs451.Message@490d62c8
urb delivering msg: cs451.Message@7904a0f5
urb delivering msg: cs451.Message@7229bf95
urb delivering msg: cs451.Message@71b91f3c
urb delivering msg: cs451.Message@538028e1
urb delivering msg: cs451.Message@fdf296c
urb delivering msg: cs451.Message@30b5ea15
urb delivering msg: cs451.Message@94c43c0
urb delivering msg: cs451.Message@5bd9a528
urb delivering msg: cs451.Message@2dbb7376
urb delivering msg: cs451.Message@3241c196
urb delivering msg: cs451.Message@5978c65d
urb delivering msg: cs451.Message@4f1ec8bf
urb delivering msg: cs451.Message@394822e9
urb delivering msg: cs451.Message@5b91927
urb delivering msg: cs451.Message@1aec6de3
urb delivering msg: cs451.Message@230e1531
urb delivering msg: cs451.Message@5b2924d3
urb delivering msg: cs451.Message@16147eb0
urb delivering msg: cs451.Message@6f6e8ae4
urb delivering msg: cs451.Message@3c9aada5
urb delivering msg: cs451.Message@2e870959
urb delivering msg: cs451.Message@1bd303c7
urb delivering msg: cs451.Message@7193f3
urb delivering msg: cs451.Message@69eff1dd
urb delivering msg: cs451.Message@7fb4e078
urb delivering msg: cs451.Message@7cfa1972
urb delivering msg: cs451.Message@7018e315
urb delivering msg: cs451.Message@66ef85d2
urb delivering msg: cs451.Message@3e801e57
urb delivering msg: cs451.Message@129db17c
urb delivering msg: cs451.Message@25aae871
urb delivering msg: cs451.Message@3f712803
urb delivering msg: cs451.Message@1bdeb1c
urb delivering msg: cs451.Message@7ed4ac06
urb delivering msg: cs451.Message@ccf2acd
urb delivering msg: cs451.Message@3ac83a67
urb delivering msg: cs451.Message@54c3c329
urb delivering msg: cs451.Message@face12b
urb delivering msg: cs451.Message@7ac02b51
urb delivering msg: cs451.Message@1203d6c
urb delivering msg: cs451.Message@4bb07cea
urb delivering msg: cs451.Message@23fd790e
urb delivering msg: cs451.Message@581c4483
urb delivering msg: cs451.Message@5857d9b1
urb delivering msg: cs451.Message@1048b97d
urb delivering msg: cs451.Message@58b59773
urb delivering msg: cs451.Message@6237f8ba
urb delivering msg: cs451.Message@4cb2f1c
urb delivering msg: cs451.Message@519deda9
urb delivering msg: cs451.Message@2567e6e6
urb delivering msg: cs451.Message@78c828d8
urb delivering msg: cs451.Message@25a64b12
requesting next batch
urb delivering msg: cs451.Message@1be81aaa
urb delivering msg: cs451.Message@1228fe7
urb delivering msg: cs451.Message@3815e9f3
urb delivering msg: cs451.Message@2ffcdb38
requesting next batch
urb delivering msg: cs451.Message@741ab927
urb delivering msg: cs451.Message@61525df4
urb delivering msg: cs451.Message@761f7a5c
urb delivering msg: cs451.Message@3f734abc
requesting next batch
urb delivering msg: cs451.Message@1e011ff4
urb delivering msg: cs451.Message@6d4f4c3d
requesting next batch
urb delivering msg: cs451.Message@600f1652
requesting next batch
urb delivering msg: cs451.Message@458c8645
urb delivering msg: cs451.Message@53e4cfbf
urb delivering msg: cs451.Message@44dd5f5a
urb delivering msg: cs451.Message@5cf87c15
urb delivering msg: cs451.Message@7d676761
urb delivering msg: cs451.Message@80bc645
urb delivering msg: cs451.Message@26027f91
urb delivering msg: cs451.Message@3985a790
urb delivering msg: cs451.Message@7f9f93ae
urb delivering msg: cs451.Message@29704bf6
requesting next batch
urb delivering msg: cs451.Message@1c3b57be
urb delivering msg: cs451.Message@896ca8e
urb delivering msg: cs451.Message@b172ad1
requesting next batch
urb delivering msg: cs451.Message@2013efbe
urb delivering msg: cs451.Message@6653daa5
urb delivering msg: cs451.Message@582fae5b
urb delivering msg: cs451.Message@6a5c562d
urb delivering msg: cs451.Message@550d3ac7
urb delivering msg: cs451.Message@2d735431
urb delivering msg: cs451.Message@88b7ab2
urb delivering msg: cs451.Message@6eb8b0
urb delivering msg: cs451.Message@3c097178
urb delivering msg: cs451.Message@b6c7814
urb delivering msg: cs451.Message@58e1dd21
urb delivering msg: cs451.Message@2dbf45b5
urb delivering msg: cs451.Message@5a4a63cb
urb delivering msg: cs451.Message@320e0c4e
requesting next batch
urb delivering msg: cs451.Message@6450d7fb
requesting next batch
urb delivering msg: cs451.Message@3395a429
urb delivering msg: cs451.Message@3a48cdab
requesting next batch
urb delivering msg: cs451.Message@7866cad0
urb delivering msg: cs451.Message@1a6b3528
requesting next batch
urb delivering msg: cs451.Message@4416ea0
requesting next batch
urb delivering msg: cs451.Message@7898ce16
urb delivering msg: cs451.Message@3666bb9f
requesting next batch
urb delivering msg: cs451.Message@75e71a0e
urb delivering msg: cs451.Message@7a5c5e7c
requesting next batch
urb delivering msg: cs451.Message@440ac75f
requesting next batch
urb delivering msg: cs451.Message@47332602
requesting next batch
urb delivering msg: cs451.Message@ac97380
requesting next batch
urb delivering msg: cs451.Message@12fe731b
requesting next batch
urb delivering msg: cs451.Message@5c7e24
requesting next batch
urb delivering msg: cs451.Message@5e815b1b
urb delivering msg: cs451.Message@1f157638
urb delivering msg: cs451.Message@7e92a86a
urb delivering msg: cs451.Message@1d5c54c2
urb delivering msg: cs451.Message@49518df1
urb delivering msg: cs451.Message@7dc19655
requesting next batch
urb delivering msg: cs451.Message@16fbb07f
urb delivering msg: cs451.Message@69fe1c26
urb delivering msg: cs451.Message@2c052aed
urb delivering msg: cs451.Message@5d077206
urb delivering msg: cs451.Message@16345991
urb delivering msg: cs451.Message@fb2785d
urb delivering msg: cs451.Message@a656904
urb delivering msg: cs451.Message@6c14ad0c
urb delivering msg: cs451.Message@58d889ce
urb delivering msg: cs451.Message@44346218
urb delivering msg: cs451.Message@65b81ed3
urb delivering msg: cs451.Message@2c0da3a5
urb delivering msg: cs451.Message@3007d913
urb delivering msg: cs451.Message@574459a9
urb delivering msg: cs451.Message@72af9b14
urb delivering msg: cs451.Message@337e1e6f
urb delivering msg: cs451.Message@3dbf9652
urb delivering msg: cs451.Message@4843095d
urb delivering msg: cs451.Message@46ba4c7a
urb delivering msg: cs451.Message@5f4bfa4
urb delivering msg: cs451.Message@4438b44e
urb delivering msg: cs451.Message@14614475
urb delivering msg: cs451.Message@ac131f
urb delivering msg: cs451.Message@20059531
urb delivering msg: cs451.Message@219ecfbb
urb delivering msg: cs451.Message@3f426511
urb delivering msg: cs451.Message@5f96ad0d
urb delivering msg: cs451.Message@533617d3
urb delivering msg: cs451.Message@402e919
urb delivering msg: cs451.Message@28c47e65
urb delivering msg: cs451.Message@42d040b5
urb delivering msg: cs451.Message@21bb5fb3
urb delivering msg: cs451.Message@326230bc
urb delivering msg: cs451.Message@395e47c3
urb delivering msg: cs451.Message@79cb6db5
urb delivering msg: cs451.Message@276f3f8
urb delivering msg: cs451.Message@2132c4da
urb delivering msg: cs451.Message@6a19ef60
urb delivering msg: cs451.Message@481d9153
urb delivering msg: cs451.Message@7d41429b
urb delivering msg: cs451.Message@4a625dfd
urb delivering msg: cs451.Message@6f25c93e
urb delivering msg: cs451.Message@4b164a80
urb delivering msg: cs451.Message@3cb48ce3
urb delivering msg: cs451.Message@64e1a33d
urb delivering msg: cs451.Message@254cfaa6
urb delivering msg: cs451.Message@5cf7e6c5
urb delivering msg: cs451.Message@443caa2c
urb delivering msg: cs451.Message@2dad11dd
urb delivering msg: cs451.Message@6ff64704
urb delivering msg: cs451.Message@cd455f1
urb delivering msg: cs451.Message@2d18f38d
urb delivering msg: cs451.Message@687e3c0a
urb delivering msg: cs451.Message@35ed8866
urb delivering msg: cs451.Message@1b3838f7
urb delivering msg: cs451.Message@71d62486
urb delivering msg: cs451.Message@6851d8da
urb delivering msg: cs451.Message@3126c30e
urb delivering msg: cs451.Message@6b03aa5d
urb delivering msg: cs451.Message@2b3141af
urb delivering msg: cs451.Message@4d40cb1b
urb delivering msg: cs451.Message@4af94f0e
urb delivering msg: cs451.Message@3cde454e
urb delivering msg: cs451.Message@1dc35743
urb delivering msg: cs451.Message@56904ff3
urb delivering msg: cs451.Message@5611eb10
urb delivering msg: cs451.Message@18ab30a9
urb delivering msg: cs451.Message@1f5515b0
urb delivering msg: cs451.Message@4bee2e7e
urb delivering msg: cs451.Message@12fe0578
urb delivering msg: cs451.Message@531151f6
urb delivering msg: cs451.Message@645e26b1
urb delivering msg: cs451.Message@5ef9699a
urb delivering msg: cs451.Message@3cce72f8
urb delivering msg: cs451.Message@65091a76
urb delivering msg: cs451.Message@70f7c3c8
urb delivering msg: cs451.Message@65d7c1f5
urb delivering msg: cs451.Message@2a413605
urb delivering msg: cs451.Message@7364391
urb delivering msg: cs451.Message@4911393c
urb delivering msg: cs451.Message@12928182
urb delivering msg: cs451.Message@31406ccb
urb delivering msg: cs451.Message@45f8bb9
urb delivering msg: cs451.Message@44478ad7
urb delivering msg: cs451.Message@425f9d4c
urb delivering msg: cs451.Message@704b87f8
urb delivering msg: cs451.Message@8b1c80b
urb delivering msg: cs451.Message@7058faf8
urb delivering msg: cs451.Message@4e53bc42
urb delivering msg: cs451.Message@620b9637
urb delivering msg: cs451.Message@64fcebed
urb delivering msg: cs451.Message@53c442b0
urb delivering msg: cs451.Message@265526
urb delivering msg: cs451.Message@3e22c13b
urb delivering msg: cs451.Message@3d82f691
urb delivering msg: cs451.Message@4c22f253
urb delivering msg: cs451.Message@7e9f0194
urb delivering msg: cs451.Message@561c2c65
urb delivering msg: cs451.Message@7c806e49
urb delivering msg: cs451.Message@27ebabe0
urb delivering msg: cs451.Message@217e9d28
urb delivering msg: cs451.Message@16b6e266
urb delivering msg: cs451.Message@69bb24df
urb delivering msg: cs451.Message@137536a3
urb delivering msg: cs451.Message@46377e38
urb delivering msg: cs451.Message@67b3114a
urb delivering msg: cs451.Message@579e4cbf
urb delivering msg: cs451.Message@6de4a8c1
urb delivering msg: cs451.Message@105fcdfb
urb delivering msg: cs451.Message@6f19a7fb
urb delivering msg: cs451.Message@4a47f513
urb delivering msg: cs451.Message@22dfe3a
urb delivering msg: cs451.Message@6c73cb91
urb delivering msg: cs451.Message@4e778f9b
urb delivering msg: cs451.Message@3bed142b
urb delivering msg: cs451.Message@56dcf142
urb delivering msg: cs451.Message@2481974b
urb delivering msg: cs451.Message@56f8cf17
urb delivering msg: cs451.Message@567c5af
urb delivering msg: cs451.Message@348062a0
urb delivering msg: cs451.Message@1c9390b4
urb delivering msg: cs451.Message@c836446
urb delivering msg: cs451.Message@377282c4
urb delivering msg: cs451.Message@d073e8
urb delivering msg: cs451.Message@465576
urb delivering msg: cs451.Message@1770b06c
urb delivering msg: cs451.Message@34b774e4
urb delivering msg: cs451.Message@377b1ea9
urb delivering msg: cs451.Message@52410d5
urb delivering msg: cs451.Message@174523cd
urb delivering msg: cs451.Message@185a6595
urb delivering msg: cs451.Message@773bbe61
urb delivering msg: cs451.Message@523cbaeb
urb delivering msg: cs451.Message@6c59a02a
urb delivering msg: cs451.Message@27e416f9
urb delivering msg: cs451.Message@d067cd2
urb delivering msg: cs451.Message@3a5a647b
urb delivering msg: cs451.Message@1ba3cbea
urb delivering msg: cs451.Message@1c7755b9
urb delivering msg: cs451.Message@22295a09
urb delivering msg: cs451.Message@4bb98b8b
urb delivering msg: cs451.Message@4ec0e58d
urb delivering msg: cs451.Message@68bcbb71
urb delivering msg: cs451.Message@ad5d7d
urb delivering msg: cs451.Message@7cf7b30
urb delivering msg: cs451.Message@4eea1ac9
urb delivering msg: cs451.Message@43005756
urb delivering msg: cs451.Message@29acacfe
urb delivering msg: cs451.Message@55c65400
urb delivering msg: cs451.Message@4b642023
urb delivering msg: cs451.Message@a9f74fe
urb delivering msg: cs451.Message@4698e20f
urb delivering msg: cs451.Message@2119c888
urb delivering msg: cs451.Message@4b1691b0
urb delivering msg: cs451.Message@3adf24a8
urb delivering msg: cs451.Message@3b562166
urb delivering msg: cs451.Message@54e4e30c
urb delivering msg: cs451.Message@2b806331
urb delivering msg: cs451.Message@6839e88d
urb delivering msg: cs451.Message@626eb9fd
urb delivering msg: cs451.Message@11e1da3f
urb delivering msg: cs451.Message@39d0bad9
urb delivering msg: cs451.Message@1e8a40ee
urb delivering msg: cs451.Message@9bcb393
urb delivering msg: cs451.Message@1613b0b9
urb delivering msg: cs451.Message@2aa9c6d0
urb delivering msg: cs451.Message@66686e5b
urb delivering msg: cs451.Message@a24792e
urb delivering msg: cs451.Message@13986ab
urb delivering msg: cs451.Message@65425f1a
urb delivering msg: cs451.Message@40fdef5f
urb delivering msg: cs451.Message@69b90367
urb delivering msg: cs451.Message@2478cc25
urb delivering msg: cs451.Message@5335fd3f
urb delivering msg: cs451.Message@7c1d7711
urb delivering msg: cs451.Message@5d9ee1ce
urb delivering msg: cs451.Message@3f6517bc
urb delivering msg: cs451.Message@43c5d96a
urb delivering msg: cs451.Message@54f79bfc
urb delivering msg: cs451.Message@7ecd903d
urb delivering msg: cs451.Message@6982a0af
urb delivering msg: cs451.Message@4612a7c
urb delivering msg: cs451.Message@6ca16977
urb delivering msg: cs451.Message@7e7f50a6
urb delivering msg: cs451.Message@284101e
urb delivering msg: cs451.Message@f3bf8f8
urb delivering msg: cs451.Message@68b6c2b9
urb delivering msg: cs451.Message@6c485569
urb delivering msg: cs451.Message@4eeebc1e
urb delivering msg: cs451.Message@1ec26103
urb delivering msg: cs451.Message@40bfcb68
urb delivering msg: cs451.Message@6e722d0b
urb delivering msg: cs451.Message@55c77297
urb delivering msg: cs451.Message@5800cb55
urb delivering msg: cs451.Message@66daafb6
urb delivering msg: cs451.Message@19bfcc13
urb delivering msg: cs451.Message@77825679
urb delivering msg: cs451.Message@298661bf
urb delivering msg: cs451.Message@1a92dc26
urb delivering msg: cs451.Message@7daa4433
urb delivering msg: cs451.Message@18fee461
urb delivering msg: cs451.Message@26ff558
urb delivering msg: cs451.Message@e106adf
urb delivering msg: cs451.Message@21b43cf2
urb delivering msg: cs451.Message@4e860949
urb delivering msg: cs451.Message@333ee0f4
urb delivering msg: cs451.Message@3ef522de
urb delivering msg: cs451.Message@3e26da5e
urb delivering msg: cs451.Message@40144092
urb delivering msg: cs451.Message@4693124
urb delivering msg: cs451.Message@131d00a5
urb delivering msg: cs451.Message@1b61ccb2
urb delivering msg: cs451.Message@79930f9c
urb delivering msg: cs451.Message@343ee19b
urb delivering msg: cs451.Message@4f5dc791
urb delivering msg: cs451.Message@5a4c8694
urb delivering msg: cs451.Message@3bc29dae
urb delivering msg: cs451.Message@78b38174
urb delivering msg: cs451.Message@59f3b0bc
urb delivering msg: cs451.Message@6735f530
urb delivering msg: cs451.Message@48b53b95
urb delivering msg: cs451.Message@2c69bbd6
urb delivering msg: cs451.Message@685b88b7
requesting next batch
urb delivering msg: cs451.Message@200f7cf9
requesting next batch
urb delivering msg: cs451.Message@410782fe
requesting next batch
urb delivering msg: cs451.Message@20513603
requesting next batch
urb delivering msg: cs451.Message@147b0c8e
requesting next batch
urb delivering msg: cs451.Message@4fc8424c
requesting next batch
urb delivering msg: cs451.Message@32a53939
requesting next batch
urb delivering msg: cs451.Message@1b6de040
requesting next batch
urb delivering msg: cs451.Message@573e90df
requesting next batch
urb delivering msg: cs451.Message@5a697256
requesting next batch
urb delivering msg: cs451.Message@419ee4d3
requesting next batch
urb delivering msg: cs451.Message@35057340
requesting next batch
urb delivering msg: cs451.Message@169ea557
requesting next batch
urb delivering msg: cs451.Message@7749e10
requesting next batch
urb delivering msg: cs451.Message@31fa5a51
requesting next batch
urb delivering msg: cs451.Message@2f7bb05d
requesting next batch
urb delivering msg: cs451.Message@4c2c1cf8
requesting next batch
urb delivering msg: cs451.Message@6f0b9f73
requesting next batch
urb delivering msg: cs451.Message@cc06811
requesting next batch
urb delivering msg: cs451.Message@7ecbd88c
requesting next batch
urb delivering msg: cs451.Message@52acc071
requesting next batch
urb delivering msg: cs451.Message@616f2d50
requesting next batch
urb delivering msg: cs451.Message@6e60518c
requesting next batch
urb delivering msg: cs451.Message@4e4feb74
requesting next batch
urb delivering msg: cs451.Message@7a540584
urb delivering msg: cs451.Message@62c9b233
requesting next batch
urb delivering msg: cs451.Message@e4963d7
urb delivering msg: cs451.Message@3f6c3d21
urb delivering msg: cs451.Message@654e676d
requesting next batch
urb delivering msg: cs451.Message@4a3919dd
requesting next batch
urb delivering msg: cs451.Message@f2b9c96
requesting next batch
urb delivering msg: cs451.Message@51f02d67
requesting next batch
urb delivering msg: cs451.Message@47935d3b
requesting next batch
urb delivering msg: cs451.Message@45e653e5
urb delivering msg: cs451.Message@167aa8e3
urb delivering msg: cs451.Message@4631345e
requesting next batch
urb delivering msg: cs451.Message@1b96c326
requesting next batch
urb delivering msg: cs451.Message@6c18d2ca
requesting next batch
urb delivering msg: cs451.Message@2f66521a
requesting next batch
urb delivering msg: cs451.Message@603a006c
requesting next batch
urb delivering msg: cs451.Message@4d9860be
requesting next batch
urb delivering msg: cs451.Message@67bc7545
requesting next batch
urb delivering msg: cs451.Message@7a570d2a
requesting next batch
urb delivering msg: cs451.Message@4a5e5b6c
requesting next batch
urb delivering msg: cs451.Message@44cd5f09
requesting next batch
urb delivering msg: cs451.Message@405f1c88
requesting next batch
urb delivering msg: cs451.Message@2a367f4
requesting next batch
urb delivering msg: cs451.Message@3a9ed9f7
requesting next batch
urb delivering msg: cs451.Message@1485ecba
requesting next batch
urb delivering msg: cs451.Message@2c0619fe
requesting next batch
urb delivering msg: cs451.Message@3583574d
urb delivering msg: cs451.Message@799e716b
urb delivering msg: cs451.Message@42c5b2de
urb delivering msg: cs451.Message@5e909a91
urb delivering msg: cs451.Message@71068731
urb delivering msg: cs451.Message@7b19b553
urb delivering msg: cs451.Message@1425abac
urb delivering msg: cs451.Message@4e3bffab
urb delivering msg: cs451.Message@b41c652
urb delivering msg: cs451.Message@3d445944
urb delivering msg: cs451.Message@405fd8b
urb delivering msg: cs451.Message@15528c07
urb delivering msg: cs451.Message@1024aba9
urb delivering msg: cs451.Message@f355e90
urb delivering msg: cs451.Message@24770358
urb delivering msg: cs451.Message@25c48165
urb delivering msg: cs451.Message@10880f97
requesting next batch
urb delivering msg: cs451.Message@356c02c8
urb delivering msg: cs451.Message@299dbafe
requesting next batch
urb delivering msg: cs451.Message@28d3d901
urb delivering msg: cs451.Message@78f78f3b
requesting next batch
urb delivering msg: cs451.Message@2d58b8af
requesting next batch
urb delivering msg: cs451.Message@69d6adb0
requesting next batch
urb delivering msg: cs451.Message@5ffb6a5a
requesting next batch
urb delivering msg: cs451.Message@1bb1b8c9
requesting next batch
urb delivering msg: cs451.Message@7344f6d0
requesting next batch
urb delivering msg: cs451.Message@2f237e25
requesting next batch
urb delivering msg: cs451.Message@2b0e6821
requesting next batch
urb delivering msg: cs451.Message@3d6ffa79
requesting next batch
urb delivering msg: cs451.Message@69496972
requesting next batch
urb delivering msg: cs451.Message@5dafe028
requesting next batch
urb delivering msg: cs451.Message@538c4dc
requesting next batch
urb delivering msg: cs451.Message@47465a30
requesting next batch
urb delivering msg: cs451.Message@6566a953
urb delivering msg: cs451.Message@47eaab77
requesting next batch
urb delivering msg: cs451.Message@4b79972
requesting next batch
urb delivering msg: cs451.Message@7155d40e
urb delivering msg: cs451.Message@2129c746
urb delivering msg: cs451.Message@338a6107
urb delivering msg: cs451.Message@b4e120d
urb delivering msg: cs451.Message@546452ce
urb delivering msg: cs451.Message@3b18bcf3
urb delivering msg: cs451.Message@5bfa60ce
urb delivering msg: cs451.Message@20dfcfc6
urb delivering msg: cs451.Message@565b0b31
urb delivering msg: cs451.Message@285aca2d
urb delivering msg: cs451.Message@202e23f8
urb delivering msg: cs451.Message@7ed169c4
urb delivering msg: cs451.Message@70ddf7ac
urb delivering msg: cs451.Message@e284038
urb delivering msg: cs451.Message@5fc893e6
urb delivering msg: cs451.Message@2a225e92
urb delivering msg: cs451.Message@355dbced
urb delivering msg: cs451.Message@793803fe
urb delivering msg: cs451.Message@62f4e89c
urb delivering msg: cs451.Message@5a9afc9e
urb delivering msg: cs451.Message@27889f4
urb delivering msg: cs451.Message@3b664db6
urb delivering msg: cs451.Message@7e13e24e
urb delivering msg: cs451.Message@73609f1e
urb delivering msg: cs451.Message@35118faf
urb delivering msg: cs451.Message@3c937f46
urb delivering msg: cs451.Message@5d73fb08
urb delivering msg: cs451.Message@2a9c07d7
urb delivering msg: cs451.Message@134999dc
urb delivering msg: cs451.Message@3407adbc
urb delivering msg: cs451.Message@766eab8f
urb delivering msg: cs451.Message@3c06b82a
requesting next batch
urb delivering msg: cs451.Message@635e510f
urb delivering msg: cs451.Message@6abd7a95
requesting next batch
urb delivering msg: cs451.Message@698c869e
requesting next batch
urb delivering msg: cs451.Message@60c2b46d
requesting next batch
urb delivering msg: cs451.Message@71854753
urb delivering msg: cs451.Message@70ede224
requesting next batch
urb delivering msg: cs451.Message@7dd832d1
requesting next batch
urb delivering msg: cs451.Message@8cc80db
requesting next batch
urb delivering msg: cs451.Message@53a8e14e
requesting next batch
urb delivering msg: cs451.Message@4ccbc5dd
requesting next batch
urb delivering msg: cs451.Message@7039382f
urb delivering msg: cs451.Message@1c9fb4ab
urb delivering msg: cs451.Message@8a994e7
urb delivering msg: cs451.Message@1a5e5d02
requesting next batch
urb delivering msg: cs451.Message@239fe626
requesting next batch
urb delivering msg: cs451.Message@42c43412
urb delivering msg: cs451.Message@68e9e01
urb delivering msg: cs451.Message@6ed0659f
urb delivering msg: cs451.Message@32a200b5
urb delivering msg: cs451.Message@51a5c657
urb delivering msg: cs451.Message@23a924f4
urb delivering msg: cs451.Message@4e384183
urb delivering msg: cs451.Message@6cbd4759
urb delivering msg: cs451.Message@1355a3e7
urb delivering msg: cs451.Message@79b1abfd
urb delivering msg: cs451.Message@7509c911
urb delivering msg: cs451.Message@7308df66
urb delivering msg: cs451.Message@4dfc007b
urb delivering msg: cs451.Message@39e6b47a
urb delivering msg: cs451.Message@21cb316
urb delivering msg: cs451.Message@37dabfdc
urb delivering msg: cs451.Message@1a088e84
urb delivering msg: cs451.Message@1641bcdb
urb delivering msg: cs451.Message@71a22906
urb delivering msg: cs451.Message@13e44cb1
urb delivering msg: cs451.Message@4d468ce7
urb delivering msg: cs451.Message@567a46f0
urb delivering msg: cs451.Message@3670af20
urb delivering msg: cs451.Message@740ec9b
urb delivering msg: cs451.Message@7e186920
urb delivering msg: cs451.Message@7a51fdd5
urb delivering msg: cs451.Message@49eb4410
urb delivering msg: cs451.Message@494f5d82
urb delivering msg: cs451.Message@74237ce2
urb delivering msg: cs451.Message@1e988e6
urb delivering msg: cs451.Message@1231970f
urb delivering msg: cs451.Message@21216b86
urb delivering msg: cs451.Message@4e0ac72c
urb delivering msg: cs451.Message@369c8b3
urb delivering msg: cs451.Message@1dfeae3e
urb delivering msg: cs451.Message@37a98b5c
urb delivering msg: cs451.Message@2f021922
urb delivering msg: cs451.Message@62637021
urb delivering msg: cs451.Message@a04bd0d
urb delivering msg: cs451.Message@718c247a
urb delivering msg: cs451.Message@4ef8e860
urb delivering msg: cs451.Message@37e36be6
urb delivering msg: cs451.Message@182054c2
urb delivering msg: cs451.Message@89f0c48
urb delivering msg: cs451.Message@12d5ed3
urb delivering msg: cs451.Message@2dbdb94b
urb delivering msg: cs451.Message@37217e7a
urb delivering msg: cs451.Message@472cc99a
urb delivering msg: cs451.Message@2c9ccc6a
urb delivering msg: cs451.Message@6c2b4f53
urb delivering msg: cs451.Message@50c53e02
urb delivering msg: cs451.Message@71044d99
urb delivering msg: cs451.Message@3bb1304f
urb delivering msg: cs451.Message@dd6a1bd
urb delivering msg: cs451.Message@749aab2b
urb delivering msg: cs451.Message@272158a4
urb delivering msg: cs451.Message@15202747
urb delivering msg: cs451.Message@2dc3b717
urb delivering msg: cs451.Message@c218277
urb delivering msg: cs451.Message@21e81f2f
urb delivering msg: cs451.Message@35e61e4a
urb delivering msg: cs451.Message@5ad6cee
urb delivering msg: cs451.Message@59f6416
urb delivering msg: cs451.Message@64ef12ed
urb delivering msg: cs451.Message@61fe4474
urb delivering msg: cs451.Message@f5a9eb9
urb delivering msg: cs451.Message@711bf490
urb delivering msg: cs451.Message@6d7fe824
urb delivering msg: cs451.Message@7e31cc1b
urb delivering msg: cs451.Message@25453a32
urb delivering msg: cs451.Message@bd4e57e
urb delivering msg: cs451.Message@19f802e8
urb delivering msg: cs451.Message@695954d8
urb delivering msg: cs451.Message@6541676b
urb delivering msg: cs451.Message@499291a8
urb delivering msg: cs451.Message@10242530
urb delivering msg: cs451.Message@33785c78
urb delivering msg: cs451.Message@5dec1f43
urb delivering msg: cs451.Message@aeca87
urb delivering msg: cs451.Message@31127207
urb delivering msg: cs451.Message@407873c1
urb delivering msg: cs451.Message@7dd37a8a
urb delivering msg: cs451.Message@bdf7d45
urb delivering msg: cs451.Message@29ffa473
urb delivering msg: cs451.Message@2a1a3cf6
urb delivering msg: cs451.Message@4cfb1415
urb delivering msg: cs451.Message@3cbe6d9a
urb delivering msg: cs451.Message@68b69a42
urb delivering msg: cs451.Message@13b0e62e
urb delivering msg: cs451.Message@7ff13f1
urb delivering msg: cs451.Message@48626c29
urb delivering msg: cs451.Message@14da9bed
urb delivering msg: cs451.Message@4f8ece
urb delivering msg: cs451.Message@7f5075ad
urb delivering msg: cs451.Message@24885d4a
urb delivering msg: cs451.Message@644dbfc5
urb delivering msg: cs451.Message@1808747c
urb delivering msg: cs451.Message@640997cd
urb delivering msg: cs451.Message@28de40b
urb delivering msg: cs451.Message@b37c008
urb delivering msg: cs451.Message@50c7fe86
urb delivering msg: cs451.Message@78d8bcac
urb delivering msg: cs451.Message@1518b200
urb delivering msg: cs451.Message@209a172b
urb delivering msg: cs451.Message@4fc6ee70
urb delivering msg: cs451.Message@72c606f8
urb delivering msg: cs451.Message@221e3212
urb delivering msg: cs451.Message@52cd5a35
urb delivering msg: cs451.Message@2a009b72
urb delivering msg: cs451.Message@68b3b90c
urb delivering msg: cs451.Message@3bee88aa
urb delivering msg: cs451.Message@34a6110
urb delivering msg: cs451.Message@2d3fa100
urb delivering msg: cs451.Message@58310672
urb delivering msg: cs451.Message@17d57e06
urb delivering msg: cs451.Message@4747df0d
urb delivering msg: cs451.Message@17a05144
urb delivering msg: cs451.Message@4772c754
urb delivering msg: cs451.Message@7bebb4f2
urb delivering msg: cs451.Message@2adb335
urb delivering msg: cs451.Message@1792f855
urb delivering msg: cs451.Message@468bc594
requesting next batch
urb delivering msg: cs451.Message@60e1b593
urb delivering msg: cs451.Message@f3a86a1
urb delivering msg: cs451.Message@f6a8743
urb delivering msg: cs451.Message@1755445f
urb delivering msg: cs451.Message@7af5360b
urb delivering msg: cs451.Message@2121b87a
urb delivering msg: cs451.Message@7a2a6382
urb delivering msg: cs451.Message@4760b724
urb delivering msg: cs451.Message@14f684ad
requesting next batch
urb delivering msg: cs451.Message@38b80c21
requesting next batch
urb delivering msg: cs451.Message@11275ec7
requesting next batch
urb delivering msg: cs451.Message@533c1250
urb delivering msg: cs451.Message@734f3776
urb delivering msg: cs451.Message@beee43a
requesting next batch
urb delivering msg: cs451.Message@201452e6
requesting next batch
urb delivering msg: cs451.Message@13896a26
requesting next batch
urb delivering msg: cs451.Message@19771ba6
requesting next batch
urb delivering msg: cs451.Message@65c4e386
requesting next batch
urb delivering msg: cs451.Message@67c50eba
requesting next batch
urb delivering msg: cs451.Message@3f45903e
requesting next batch
urb delivering msg: cs451.Message@1e4e065b
requesting next batch
urb delivering msg: cs451.Message@5cd40ec7
requesting next batch
urb delivering msg: cs451.Message@13ab6b39
requesting next batch
urb delivering msg: cs451.Message@fcdd12
requesting next batch
urb delivering msg: cs451.Message@6eee7f88
requesting next batch
urb delivering msg: cs451.Message@12b0e6a4
urb delivering msg: cs451.Message@5a8aa568
urb delivering msg: cs451.Message@3c78f766
urb delivering msg: cs451.Message@2177cd5e
urb delivering msg: cs451.Message@34e79a12
urb delivering msg: cs451.Message@3b49c803
urb delivering msg: cs451.Message@40f1dbcb
urb delivering msg: cs451.Message@5ff3e3b6
urb delivering msg: cs451.Message@574cc550
urb delivering msg: cs451.Message@22b0166a
urb delivering msg: cs451.Message@6cd1ae74
urb delivering msg: cs451.Message@2c7f0e0b
urb delivering msg: cs451.Message@1d283891
urb delivering msg: cs451.Message@3f096e18
urb delivering msg: cs451.Message@5ecad583
urb delivering msg: cs451.Message@a919707
urb delivering msg: cs451.Message@56a1da74
urb delivering msg: cs451.Message@222c0716
urb delivering msg: cs451.Message@2ac2b81d
urb delivering msg: cs451.Message@2ced3bed
urb delivering msg: cs451.Message@74c7367e
urb delivering msg: cs451.Message@36119b47
urb delivering msg: cs451.Message@92cdfc8
urb delivering msg: cs451.Message@4c5baf53
urb delivering msg: cs451.Message@1620460
urb delivering msg: cs451.Message@3b937ca8
urb delivering msg: cs451.Message@54ae268d
urb delivering msg: cs451.Message@459e3a7c
urb delivering msg: cs451.Message@544e77ab
urb delivering msg: cs451.Message@741827b6
urb delivering msg: cs451.Message@51a7edf6
urb delivering msg: cs451.Message@655e6064
urb delivering msg: cs451.Message@420ab04b
urb delivering msg: cs451.Message@771a1a2b
urb delivering msg: cs451.Message@193c9163
urb delivering msg: cs451.Message@ff78f60
urb delivering msg: cs451.Message@18e8fe3d
urb delivering msg: cs451.Message@3f047449
urb delivering msg: cs451.Message@424e4d43
urb delivering msg: cs451.Message@71f156e5
urb delivering msg: cs451.Message@2eb747f0
urb delivering msg: cs451.Message@320dc853
urb delivering msg: cs451.Message@299af04
urb delivering msg: cs451.Message@79a497cc
urb delivering msg: cs451.Message@6d38d7cf
urb delivering msg: cs451.Message@31abc56b
urb delivering msg: cs451.Message@7e85bdd5
urb delivering msg: cs451.Message@23c25f3e
urb delivering msg: cs451.Message@8ef7226
urb delivering msg: cs451.Message@67807ecd
requesting next batch
urb delivering msg: cs451.Message@34b80cfd
requesting next batch
urb delivering msg: cs451.Message@5b29efb
urb delivering msg: cs451.Message@763fa229
requesting next batch
urb delivering msg: cs451.Message@122ddc35
urb delivering msg: cs451.Message@6606f569
urb delivering msg: cs451.Message@77d2fa14
urb delivering msg: cs451.Message@7cf7202d
urb delivering msg: cs451.Message@c787f2
urb delivering msg: cs451.Message@513b973e
requesting next batch
urb delivering msg: cs451.Message@3159c557
requesting next batch
urb delivering msg: cs451.Message@74ea7d19
requesting next batch
urb delivering msg: cs451.Message@482e9c61
urb delivering msg: cs451.Message@4521703d
urb delivering msg: cs451.Message@3aad66b3
urb delivering msg: cs451.Message@1d88d64a
requesting next batch
urb delivering msg: cs451.Message@21798c0e
urb delivering msg: cs451.Message@6f17b084
urb delivering msg: cs451.Message@3edecb2b
urb delivering msg: cs451.Message@65bf603c
urb delivering msg: cs451.Message@84b9979
urb delivering msg: cs451.Message@5a8a9b64
urb delivering msg: cs451.Message@1245848d
urb delivering msg: cs451.Message@ce5b879
urb delivering msg: cs451.Message@583168cd
urb delivering msg: cs451.Message@566e8914
urb delivering msg: cs451.Message@68310eb8
urb delivering msg: cs451.Message@493655b7
requesting next batch
urb delivering msg: cs451.Message@1a922b5c
requesting next batch
urb delivering msg: cs451.Message@38963733
requesting next batch
urb delivering msg: cs451.Message@5832aa57
requesting next batch
urb delivering msg: cs451.Message@2352d70b
requesting next batch
urb delivering msg: cs451.Message@2891c0f6
requesting next batch
urb delivering msg: cs451.Message@21b75578
requesting next batch
urb delivering msg: cs451.Message@6c1a330b
urb delivering msg: cs451.Message@59c55b0c
urb delivering msg: cs451.Message@7f75b6b2
urb delivering msg: cs451.Message@647230b1
urb delivering msg: cs451.Message@594dd55f
urb delivering msg: cs451.Message@2a23e841
urb delivering msg: cs451.Message@78311b91
urb delivering msg: cs451.Message@d335b9e
urb delivering msg: cs451.Message@3a63804a
urb delivering msg: cs451.Message@fb706a7
urb delivering msg: cs451.Message@7faa6953
requesting next batch
urb delivering msg: cs451.Message@68522293
requesting next batch
urb delivering msg: cs451.Message@4e159e03
urb delivering msg: cs451.Message@79a02b58
urb delivering msg: cs451.Message@556c35ce
urb delivering msg: cs451.Message@2cd3c34a
urb delivering msg: cs451.Message@4ed4b555
urb delivering msg: cs451.Message@3656ad3c
urb delivering msg: cs451.Message@2a02c7d
urb delivering msg: cs451.Message@305b76f0
urb delivering msg: cs451.Message@5bce13b3
urb delivering msg: cs451.Message@58727abb
urb delivering msg: cs451.Message@5bb2760c
urb delivering msg: cs451.Message@30b5677c
urb delivering msg: cs451.Message@1b4da952
urb delivering msg: cs451.Message@5021af22
urb delivering msg: cs451.Message@18eba13c
urb delivering msg: cs451.Message@37eabda
urb delivering msg: cs451.Message@750f95de
urb delivering msg: cs451.Message@288a7ce2
urb delivering msg: cs451.Message@6d2dca8e
urb delivering msg: cs451.Message@1bfb8c8a
urb delivering msg: cs451.Message@12534b4e
urb delivering msg: cs451.Message@69c5488a
urb delivering msg: cs451.Message@6a3f9686
urb delivering msg: cs451.Message@2d67d897
urb delivering msg: cs451.Message@25e6ff4e
urb delivering msg: cs451.Message@66a46260
urb delivering msg: cs451.Message@70b95394
urb delivering msg: cs451.Message@63899e74
urb delivering msg: cs451.Message@718711c4
urb delivering msg: cs451.Message@34f5daf6
urb delivering msg: cs451.Message@e6a0a0f
urb delivering msg: cs451.Message@21bf5f88
urb delivering msg: cs451.Message@687f634a
urb delivering msg: cs451.Message@72c736d9
urb delivering msg: cs451.Message@2c2370fc
urb delivering msg: cs451.Message@77bb39ef
urb delivering msg: cs451.Message@64cd6161
urb delivering msg: cs451.Message@2ff7e2df
urb delivering msg: cs451.Message@18e4d34d
urb delivering msg: cs451.Message@363ef5ff
urb delivering msg: cs451.Message@39f75c30
urb delivering msg: cs451.Message@2986a0cb
urb delivering msg: cs451.Message@1746700d
urb delivering msg: cs451.Message@5616ee17
urb delivering msg: cs451.Message@55833e39
urb delivering msg: cs451.Message@499f4cba
urb delivering msg: cs451.Message@6d7d8b9c
urb delivering msg: cs451.Message@c7aa672
urb delivering msg: cs451.Message@40443332
urb delivering msg: cs451.Message@738d4d1c
urb delivering msg: cs451.Message@72ad199a
urb delivering msg: cs451.Message@2bbd788b
urb delivering msg: cs451.Message@4a81136d
urb delivering msg: cs451.Message@53fd528c
urb delivering msg: cs451.Message@4906e0a0
urb delivering msg: cs451.Message@93fb02b
urb delivering msg: cs451.Message@4b67d01a
urb delivering msg: cs451.Message@723782c8
urb delivering msg: cs451.Message@c4a6fce
urb delivering msg: cs451.Message@78003884
urb delivering msg: cs451.Message@d92c09e
urb delivering msg: cs451.Message@437d3226
urb delivering msg: cs451.Message@1c161198
urb delivering msg: cs451.Message@652bce86
urb delivering msg: cs451.Message@7ea6748d
urb delivering msg: cs451.Message@54e0857d
urb delivering msg: cs451.Message@78d6c4a8
urb delivering msg: cs451.Message@43327aca
urb delivering msg: cs451.Message@efd6c3d
urb delivering msg: cs451.Message@5e66dbf2
urb delivering msg: cs451.Message@10dbb712
urb delivering msg: cs451.Message@40ef6be9
urb delivering msg: cs451.Message@25167b4d
urb delivering msg: cs451.Message@4d478d56
urb delivering msg: cs451.Message@69d0cb
urb delivering msg: cs451.Message@3be2530c
urb delivering msg: cs451.Message@2db89b2e
urb delivering msg: cs451.Message@5c648ef2
urb delivering msg: cs451.Message@1245f23d
urb delivering msg: cs451.Message@3b96b94a
urb delivering msg: cs451.Message@521e24fd
urb delivering msg: cs451.Message@2af52352
urb delivering msg: cs451.Message@171cf82b
urb delivering msg: cs451.Message@194e5f6b
urb delivering msg: cs451.Message@3ad4b973
urb delivering msg: cs451.Message@3938e2c8
urb delivering msg: cs451.Message@49959864
urb delivering msg: cs451.Message@22cb233a
urb delivering msg: cs451.Message@3d4b0931
urb delivering msg: cs451.Message@439b82f2
urb delivering msg: cs451.Message@2628745d
urb delivering msg: cs451.Message@5d015151
urb delivering msg: cs451.Message@3866c941
urb delivering msg: cs451.Message@27f540ad
urb delivering msg: cs451.Message@421a4292
urb delivering msg: cs451.Message@15460859
urb delivering msg: cs451.Message@1be4e771
urb delivering msg: cs451.Message@16192c88
urb delivering msg: cs451.Message@607e20b
urb delivering msg: cs451.Message@23263652
urb delivering msg: cs451.Message@1f459228
urb delivering msg: cs451.Message@40678024
urb delivering msg: cs451.Message@79c92599
urb delivering msg: cs451.Message@6bcf0854
urb delivering msg: cs451.Message@582803d7
urb delivering msg: cs451.Message@2432ce56
urb delivering msg: cs451.Message@1467c2a4
urb delivering msg: cs451.Message@7f9f5d4
urb delivering msg: cs451.Message@1fd76847
urb delivering msg: cs451.Message@2d254595
urb delivering msg: cs451.Message@7fdd077
urb delivering msg: cs451.Message@4fe2c209
urb delivering msg: cs451.Message@6b531ee2
urb delivering msg: cs451.Message@6c5de7f0
urb delivering msg: cs451.Message@54aec64
urb delivering msg: cs451.Message@5c61844e
urb delivering msg: cs451.Message@2fb6252e
urb delivering msg: cs451.Message@2cd7254f
urb delivering msg: cs451.Message@7e2cc57d
urb delivering msg: cs451.Message@2e3f6d02
urb delivering msg: cs451.Message@303eb2be
urb delivering msg: cs451.Message@255614ab
urb delivering msg: cs451.Message@3dc92a51
urb delivering msg: cs451.Message@68cb0797
urb delivering msg: cs451.Message@2da5e372
urb delivering msg: cs451.Message@38434921
urb delivering msg: cs451.Message@4cac67da
urb delivering msg: cs451.Message@7c6b3667
urb delivering msg: cs451.Message@7e57e4eb
urb delivering msg: cs451.Message@5cffa041
urb delivering msg: cs451.Message@73c29eb3
urb delivering msg: cs451.Message@56bf46a2
urb delivering msg: cs451.Message@170e9022
urb delivering msg: cs451.Message@36d2c72a
urb delivering msg: cs451.Message@5182f045
urb delivering msg: cs451.Message@7d242681
urb delivering msg: cs451.Message@1ec82687
urb delivering msg: cs451.Message@3e8359e3
urb delivering msg: cs451.Message@78c596ae
urb delivering msg: cs451.Message@2489b719
urb delivering msg: cs451.Message@7b2a4111
urb delivering msg: cs451.Message@5fc253d6
urb delivering msg: cs451.Message@b66ce66
urb delivering msg: cs451.Message@62be916c
urb delivering msg: cs451.Message@4b3576e3
urb delivering msg: cs451.Message@624d0b0
urb delivering msg: cs451.Message@3b8c2bec
urb delivering msg: cs451.Message@2d2fe800
urb delivering msg: cs451.Message@4dcd1128
urb delivering msg: cs451.Message@6dccf971
urb delivering msg: cs451.Message@37456c6f
urb delivering msg: cs451.Message@65f8ed6f
urb delivering msg: cs451.Message@4019e4a9
urb delivering msg: cs451.Message@4a149aaa
urb delivering msg: cs451.Message@562ea193
urb delivering msg: cs451.Message@749fadac
urb delivering msg: cs451.Message@7b2c333a
urb delivering msg: cs451.Message@1503273f
urb delivering msg: cs451.Message@36023e35
urb delivering msg: cs451.Message@3f790794
urb delivering msg: cs451.Message@255646a2
urb delivering msg: cs451.Message@2960a7e8
urb delivering msg: cs451.Message@eb4c767
urb delivering msg: cs451.Message@79862482
urb delivering msg: cs451.Message@6e721e46
urb delivering msg: cs451.Message@4201bb87
urb delivering msg: cs451.Message@6a26d35f
urb delivering msg: cs451.Message@22cc48ad
urb delivering msg: cs451.Message@5c32e29c
urb delivering msg: cs451.Message@1320b71e
urb delivering msg: cs451.Message@4fc0320e
urb delivering msg: cs451.Message@f09827b
urb delivering msg: cs451.Message@44e4b704
urb delivering msg: cs451.Message@52ea60c1
urb delivering msg: cs451.Message@1c7468d0
urb delivering msg: cs451.Message@5fad2b7f
urb delivering msg: cs451.Message@3e90fb19
urb delivering msg: cs451.Message@3ffd6862
urb delivering msg: cs451.Message@70b5a5
urb delivering msg: cs451.Message@36308007
urb delivering msg: cs451.Message@f41fdeb
urb delivering msg: cs451.Message@5b2b3a19
urb delivering msg: cs451.Message@5ef36144
urb delivering msg: cs451.Message@6c71f225
urb delivering msg: cs451.Message@6cdff4e5
urb delivering msg: cs451.Message@6ea6f095
urb delivering msg: cs451.Message@2b1a5544
urb delivering msg: cs451.Message@48197ad8
urb delivering msg: cs451.Message@5bf2d7e2
urb delivering msg: cs451.Message@209b651
urb delivering msg: cs451.Message@7bc07321
urb delivering msg: cs451.Message@788c093b
urb delivering msg: cs451.Message@358c9c0f
urb delivering msg: cs451.Message@7a780fd1
urb delivering msg: cs451.Message@25932c4
urb delivering msg: cs451.Message@1a043665
urb delivering msg: cs451.Message@4bb9bdce
urb delivering msg: cs451.Message@718525ef
urb delivering msg: cs451.Message@3a01e609
urb delivering msg: cs451.Message@18d5832
urb delivering msg: cs451.Message@7dcd200
urb delivering msg: cs451.Message@5fae3549
urb delivering msg: cs451.Message@6a2aa11b
urb delivering msg: cs451.Message@18d38a4
urb delivering msg: cs451.Message@60a0a647
urb delivering msg: cs451.Message@4e8ad367
urb delivering msg: cs451.Message@711781d4
urb delivering msg: cs451.Message@1937cf4a
urb delivering msg: cs451.Message@7cc0d0b5
urb delivering msg: cs451.Message@64c935a1
urb delivering msg: cs451.Message@299d11cd
urb delivering msg: cs451.Message@ef7d62b
urb delivering msg: cs451.Message@7448fa38
urb delivering msg: cs451.Message@5981ad2d
urb delivering msg: cs451.Message@18d3dca9
urb delivering msg: cs451.Message@28a50716
urb delivering msg: cs451.Message@1b0fb100
urb delivering msg: cs451.Message@4f338f89
urb delivering msg: cs451.Message@49032452
urb delivering msg: cs451.Message@491e07d3
urb delivering msg: cs451.Message@2f7f2841
urb delivering msg: cs451.Message@7ce3a5e0
urb delivering msg: cs451.Message@2c922f9a
urb delivering msg: cs451.Message@158b8544
urb delivering msg: cs451.Message@43608a94
urb delivering msg: cs451.Message@224debbd
urb delivering msg: cs451.Message@1f9eee91
urb delivering msg: cs451.Message@56f6f983
urb delivering msg: cs451.Message@1185ede3
urb delivering msg: cs451.Message@5c58fc6d
urb delivering msg: cs451.Message@34da6b11
urb delivering msg: cs451.Message@5501a6e8
urb delivering msg: cs451.Message@6bd5b35e
urb delivering msg: cs451.Message@707591dd
