Hello
My PID: 3815

My ID: 2

Doing some initialization

num of msg = 1000
Broadcasting and delivering messages...

urb delivering msg: cs451.Message@4376bdac
urb delivering msg: cs451.Message@9629d3e
urb delivering msg: cs451.Message@61b33024
urb delivering msg: cs451.Message@31f0500b
urb delivering msg: cs451.Message@40c7884d
urb delivering msg: cs451.Message@178776df
urb delivering msg: cs451.Message@6adf8419
urb delivering msg: cs451.Message@3e7e62f2
urb delivering msg: cs451.Message@42871090
urb delivering msg: cs451.Message@6e1ab791
urb delivering msg: cs451.Message@78730907
urb delivering msg: cs451.Message@35578d09
urb delivering msg: cs451.Message@4fae08a3
urb delivering msg: cs451.Message@74b398f8
urb delivering msg: cs451.Message@14e88c58
urb delivering msg: cs451.Message@1dde6409
urb delivering msg: cs451.Message@220a8c01
urb delivering msg: cs451.Message@4a16b4e0
urb delivering msg: cs451.Message@1a4c6bb6
urb delivering msg: cs451.Message@74dcbada
urb delivering msg: cs451.Message@2405ac4
urb delivering msg: cs451.Message@7d8e4fd8
urb delivering msg: cs451.Message@4e69a04
urb delivering msg: cs451.Message@157dea28
urb delivering msg: cs451.Message@156b0439
urb delivering msg: cs451.Message@1a1469c3
urb delivering msg: cs451.Message@2a92e63f
urb delivering msg: cs451.Message@504475ef
urb delivering msg: cs451.Message@1dc3f912
urb delivering msg: cs451.Message@2420c118
urb delivering msg: cs451.Message@19be78bd
urb delivering msg: cs451.Message@6a269d68
urb delivering msg: cs451.Message@68aff257
urb delivering msg: cs451.Message@4aa5c65b
urb delivering msg: cs451.Message@20343422
urb delivering msg: cs451.Message@7ea72091
urb delivering msg: cs451.Message@690d5858
urb delivering msg: cs451.Message@d7ecc3c
urb delivering msg: cs451.Message@c6a7c95
urb delivering msg: cs451.Message@4b8e6621
urb delivering msg: cs451.Message@48c22890
urb delivering msg: cs451.Message@33261298
urb delivering msg: cs451.Message@6c775ebd
urb delivering msg: cs451.Message@5470827c
urb delivering msg: cs451.Message@dafb6ca
urb delivering msg: cs451.Message@e9ec735
urb delivering msg: cs451.Message@58caf2ed
urb delivering msg: cs451.Message@8f9e8ea
urb delivering msg: cs451.Message@781006d9
urb delivering msg: cs451.Message@4fc181
urb delivering msg: cs451.Message@f9d16ff
urb delivering msg: cs451.Message@4864115e
urb delivering msg: cs451.Message@30baf045
urb delivering msg: cs451.Message@4e076c1a
urb delivering msg: cs451.Message@29caa1cb
urb delivering msg: cs451.Message@414cbb4d
urb delivering msg: cs451.Message@261343f9
urb delivering msg: cs451.Message@53018c9d
urb delivering msg: cs451.Message@2f39abcf
urb delivering msg: cs451.Message@b0bebb6
urb delivering msg: cs451.Message@373b7da5
urb delivering msg: cs451.Message@68816abb
urb delivering msg: cs451.Message@a04d3b7
urb delivering msg: cs451.Message@5e86cf1a
urb delivering msg: cs451.Message@323c473a
urb delivering msg: cs451.Message@518b2774
urb delivering msg: cs451.Message@7dbedf99
urb delivering msg: cs451.Message@1528212b
urb delivering msg: cs451.Message@45fda123
urb delivering msg: cs451.Message@4d459e6f
urb delivering msg: cs451.Message@460cc249
urb delivering msg: cs451.Message@12f992da
urb delivering msg: cs451.Message@3aa5cd1f
urb delivering msg: cs451.Message@5b729ac2
urb delivering msg: cs451.Message@7b4c056f
urb delivering msg: cs451.Message@257d279e
urb delivering msg: cs451.Message@31a4db1b
urb delivering msg: cs451.Message@7ecff367
urb delivering msg: cs451.Message@65b3f6ac
urb delivering msg: cs451.Message@293e7c53
urb delivering msg: cs451.Message@3e55066c
urb delivering msg: cs451.Message@3f809e0a
urb delivering msg: cs451.Message@45fc19c0
urb delivering msg: cs451.Message@1ffa39c8
urb delivering msg: cs451.Message@90a3a3d
urb delivering msg: cs451.Message@32c195d8
urb delivering msg: cs451.Message@17d6b859
urb delivering msg: cs451.Message@592cf712
urb delivering msg: cs451.Message@12fe5d8
urb delivering msg: cs451.Message@3f7edf70
urb delivering msg: cs451.Message@1dc8bcb6
urb delivering msg: cs451.Message@23e25c7a
urb delivering msg: cs451.Message@5d9d7cfb
urb delivering msg: cs451.Message@14d1ad67
urb delivering msg: cs451.Message@4c249e47
urb delivering msg: cs451.Message@7d141a35
urb delivering msg: cs451.Message@4bd8cbc8
urb delivering msg: cs451.Message@527bfd41
urb delivering msg: cs451.Message@3ac597ef
urb delivering msg: cs451.Message@67ddf730
urb delivering msg: cs451.Message@6a56f688
urb delivering msg: cs451.Message@67ca9f76
urb delivering msg: cs451.Message@7126068f
urb delivering msg: cs451.Message@79ca0bec
urb delivering msg: cs451.Message@24f550eb
urb delivering msg: cs451.Message@17f75a2c
urb delivering msg: cs451.Message@56242423
urb delivering msg: cs451.Message@7f98d060
urb delivering msg: cs451.Message@71e4a570
urb delivering msg: cs451.Message@5cefb75a
urb delivering msg: cs451.Message@2b9d85d8
urb delivering msg: cs451.Message@123f4b1b
urb delivering msg: cs451.Message@46a4b309
urb delivering msg: cs451.Message@67d099e0
urb delivering msg: cs451.Message@20a47387
urb delivering msg: cs451.Message@48ab831b
urb delivering msg: cs451.Message@2b744dfc
urb delivering msg: cs451.Message@4808deeb
urb delivering msg: cs451.Message@4b33b426
urb delivering msg: cs451.Message@5f944500
urb delivering msg: cs451.Message@5686e8a3
urb delivering msg: cs451.Message@58f78b1e
urb delivering msg: cs451.Message@e3396a2
urb delivering msg: cs451.Message@73f26e21
urb delivering msg: cs451.Message@12d0530c
urb delivering msg: cs451.Message@769b9533
urb delivering msg: cs451.Message@648f9bc4
urb delivering msg: cs451.Message@4ec6212
urb delivering msg: cs451.Message@14b419b0
urb delivering msg: cs451.Message@3e2c2418
urb delivering msg: cs451.Message@26e5d9a2
urb delivering msg: cs451.Message@417ed39e
urb delivering msg: cs451.Message@75b33b98
urb delivering msg: cs451.Message@2a60cdd2
urb delivering msg: cs451.Message@224029f5
urb delivering msg: cs451.Message@1515ec00
urb delivering msg: cs451.Message@79166ac1
urb delivering msg: cs451.Message@5534266c
urb delivering msg: cs451.Message@7618b2be
urb delivering msg: cs451.Message@4c573591
urb delivering msg: cs451.Message@65d0eb8
urb delivering msg: cs451.Message@722e5f59
urb delivering msg: cs451.Message@41908ee0
urb delivering msg: cs451.Message@341ed0fe
urb delivering msg: cs451.Message@5a58200b
urb delivering msg: cs451.Message@5a0c788e
urb delivering msg: cs451.Message@1fae1aa1
urb delivering msg: cs451.Message@5d75a08a
urb delivering msg: cs451.Message@46368b57
urb delivering msg: cs451.Message@7fc74317
urb delivering msg: cs451.Message@10d3255c
urb delivering msg: cs451.Message@6052a63c
urb delivering msg: cs451.Message@12cce552
urb delivering msg: cs451.Message@5756c3e7
urb delivering msg: cs451.Message@5e26f594
urb delivering msg: cs451.Message@2b30cb2a
urb delivering msg: cs451.Message@5ea34d6b
urb delivering msg: cs451.Message@3f0be4a3
urb delivering msg: cs451.Message@56683c83
urb delivering msg: cs451.Message@7b2cd4ff
urb delivering msg: cs451.Message@3f2016e4
urb delivering msg: cs451.Message@5f6ec35f
urb delivering msg: cs451.Message@48756015
urb delivering msg: cs451.Message@5563dec8
urb delivering msg: cs451.Message@6acb75b6
urb delivering msg: cs451.Message@4396378b
urb delivering msg: cs451.Message@20808224
urb delivering msg: cs451.Message@6b5e8d62
urb delivering msg: cs451.Message@5a09237a
urb delivering msg: cs451.Message@28d16ddf
urb delivering msg: cs451.Message@c644b43
urb delivering msg: cs451.Message@13cef230
urb delivering msg: cs451.Message@cf11c0
urb delivering msg: cs451.Message@23533b93
urb delivering msg: cs451.Message@dc352e9
urb delivering msg: cs451.Message@69f86e13
urb delivering msg: cs451.Message@11c123fd
urb delivering msg: cs451.Message@2bf41df5
urb delivering msg: cs451.Message@3c375678
urb delivering msg: cs451.Message@16953f1b
urb delivering msg: cs451.Message@ed338ff
urb delivering msg: cs451.Message@5439765
urb delivering msg: cs451.Message@3c19523
urb delivering msg: cs451.Message@3c930fa7
urb delivering msg: cs451.Message@2b10cc0a
urb delivering msg: cs451.Message@32718eb2
Immediately stopping network packet processing.
Writing output.
Used memory: 2MB
