Hello
My PID: 3824

My ID: 10

Doing some initialization

num of msg = 1000
Broadcasting and delivering messages...

urb delivering msg: cs451.Message@3107ca7a
urb delivering msg: cs451.Message@204f5245
urb delivering msg: cs451.Message@2bfe5d35
urb delivering msg: cs451.Message@74431f11
urb delivering msg: cs451.Message@1dbb76a4
urb delivering msg: cs451.Message@316b307a
urb delivering msg: cs451.Message@37985e5a
urb delivering msg: cs451.Message@5b4f642f
urb delivering msg: cs451.Message@1d0727b4
urb delivering msg: cs451.Message@75873c8e
urb delivering msg: cs451.Message@98c6ea
urb delivering msg: cs451.Message@2056a4ca
urb delivering msg: cs451.Message@4c81df3
urb delivering msg: cs451.Message@486722a8
urb delivering msg: cs451.Message@e8e12d8
urb delivering msg: cs451.Message@1b6b9737
urb delivering msg: cs451.Message@5f88262c
urb delivering msg: cs451.Message@2e8b3d17
urb delivering msg: cs451.Message@50edf2cc
urb delivering msg: cs451.Message@17f805c9
urb delivering msg: cs451.Message@95fe85c
urb delivering msg: cs451.Message@7e4b1fe5
urb delivering msg: cs451.Message@410fe972
urb delivering msg: cs451.Message@168e6ad7
urb delivering msg: cs451.Message@60e56d52
urb delivering msg: cs451.Message@46f7f29c
urb delivering msg: cs451.Message@780dc749
urb delivering msg: cs451.Message@1d30d24d
urb delivering msg: cs451.Message@5674a344
urb delivering msg: cs451.Message@2feec804
urb delivering msg: cs451.Message@394f753f
urb delivering msg: cs451.Message@22767ae1
urb delivering msg: cs451.Message@516b9368
urb delivering msg: cs451.Message@89cdfa9
urb delivering msg: cs451.Message@4ab8b508
urb delivering msg: cs451.Message@5b887fcc
urb delivering msg: cs451.Message@56755706
urb delivering msg: cs451.Message@38faabf6
urb delivering msg: cs451.Message@37e55914
urb delivering msg: cs451.Message@2f8b263b
urb delivering msg: cs451.Message@53ba99ab
urb delivering msg: cs451.Message@3e722d31
urb delivering msg: cs451.Message@23c2fe12
urb delivering msg: cs451.Message@558eaeaf
urb delivering msg: cs451.Message@527e1274
urb delivering msg: cs451.Message@7dcab6af
urb delivering msg: cs451.Message@494ce56a
urb delivering msg: cs451.Message@6997d13a
urb delivering msg: cs451.Message@4b5893ce
urb delivering msg: cs451.Message@630f3bc4
urb delivering msg: cs451.Message@4dc6f57a
urb delivering msg: cs451.Message@1a8fe3f9
urb delivering msg: cs451.Message@1546c585
urb delivering msg: cs451.Message@f0d0df2
urb delivering msg: cs451.Message@751a544c
urb delivering msg: cs451.Message@10eff13d
urb delivering msg: cs451.Message@33a66448
urb delivering msg: cs451.Message@54238d53
urb delivering msg: cs451.Message@73bc0baf
urb delivering msg: cs451.Message@1c357afc
urb delivering msg: cs451.Message@1c31c916
urb delivering msg: cs451.Message@543096d6
urb delivering msg: cs451.Message@47420e8c
urb delivering msg: cs451.Message@70976e02
urb delivering msg: cs451.Message@627c707f
urb delivering msg: cs451.Message@322adcc0
urb delivering msg: cs451.Message@65cb9267
urb delivering msg: cs451.Message@2e6707a2
urb delivering msg: cs451.Message@2f197599
urb delivering msg: cs451.Message@4b317066
urb delivering msg: cs451.Message@72508bcd
urb delivering msg: cs451.Message@641cc832
urb delivering msg: cs451.Message@cdcc95
urb delivering msg: cs451.Message@40bf3eaa
urb delivering msg: cs451.Message@3647cb93
urb delivering msg: cs451.Message@3498c831
urb delivering msg: cs451.Message@5a5f1353
urb delivering msg: cs451.Message@632c2cdc
urb delivering msg: cs451.Message@6b3f7879
urb delivering msg: cs451.Message@1994fc6f
urb delivering msg: cs451.Message@3b73a185
urb delivering msg: cs451.Message@39bb30fb
urb delivering msg: cs451.Message@29577b05
urb delivering msg: cs451.Message@171e8dc4
urb delivering msg: cs451.Message@3147792b
urb delivering msg: cs451.Message@519bab10
urb delivering msg: cs451.Message@43866d75
urb delivering msg: cs451.Message@2015b86c
urb delivering msg: cs451.Message@2a910364
urb delivering msg: cs451.Message@265efe0d
urb delivering msg: cs451.Message@56c3c276
urb delivering msg: cs451.Message@5b18d61a
urb delivering msg: cs451.Message@79b0643e
urb delivering msg: cs451.Message@284f4393
urb delivering msg: cs451.Message@6057f49e
urb delivering msg: cs451.Message@7de25688
urb delivering msg: cs451.Message@7095c9e
urb delivering msg: cs451.Message@5588d437
urb delivering msg: cs451.Message@aa4391c
urb delivering msg: cs451.Message@659d78d6
urb delivering msg: cs451.Message@283d3557
urb delivering msg: cs451.Message@3b87750b
urb delivering msg: cs451.Message@10c0d7be
urb delivering msg: cs451.Message@1e1556b8
urb delivering msg: cs451.Message@5f434fa0
urb delivering msg: cs451.Message@5fec566e
urb delivering msg: cs451.Message@4907070a
urb delivering msg: cs451.Message@7d132804
urb delivering msg: cs451.Message@38e85649
urb delivering msg: cs451.Message@58a381c
urb delivering msg: cs451.Message@744440f0
urb delivering msg: cs451.Message@10f31574
urb delivering msg: cs451.Message@6a53433d
urb delivering msg: cs451.Message@3ecddcb3
urb delivering msg: cs451.Message@68d8485a
urb delivering msg: cs451.Message@6088b880
urb delivering msg: cs451.Message@10324507
urb delivering msg: cs451.Message@40ca2bf6
urb delivering msg: cs451.Message@6a7a312d
urb delivering msg: cs451.Message@4f93d85a
urb delivering msg: cs451.Message@4d0bb6d2
urb delivering msg: cs451.Message@5c0fa11e
urb delivering msg: cs451.Message@67c700eb
urb delivering msg: cs451.Message@36475541
urb delivering msg: cs451.Message@266ad87d
urb delivering msg: cs451.Message@74c8aff
urb delivering msg: cs451.Message@58d312a5
urb delivering msg: cs451.Message@54b2a9a3
urb delivering msg: cs451.Message@246b2a78
urb delivering msg: cs451.Message@47135778
urb delivering msg: cs451.Message@7953305
urb delivering msg: cs451.Message@462b7de5
urb delivering msg: cs451.Message@3beea7b2
urb delivering msg: cs451.Message@661b8f20
urb delivering msg: cs451.Message@48b885fd
urb delivering msg: cs451.Message@55611d5a
urb delivering msg: cs451.Message@1b7cf373
urb delivering msg: cs451.Message@21240db3
urb delivering msg: cs451.Message@2d3fe307
urb delivering msg: cs451.Message@70e9a037
urb delivering msg: cs451.Message@c722232
urb delivering msg: cs451.Message@dbaff9a
urb delivering msg: cs451.Message@5f4f12f1
urb delivering msg: cs451.Message@629ae937
urb delivering msg: cs451.Message@7f6434e4
urb delivering msg: cs451.Message@257842bd
urb delivering msg: cs451.Message@2871479
urb delivering msg: cs451.Message@37e1864f
urb delivering msg: cs451.Message@69fc5743
urb delivering msg: cs451.Message@ef68d6b
urb delivering msg: cs451.Message@34686410
urb delivering msg: cs451.Message@f804f2c
urb delivering msg: cs451.Message@4cd47d0
urb delivering msg: cs451.Message@3e6a0ff7
urb delivering msg: cs451.Message@4955a4ce
urb delivering msg: cs451.Message@44a17be7
urb delivering msg: cs451.Message@2a3c4764
urb delivering msg: cs451.Message@4447e063
urb delivering msg: cs451.Message@20d04ff1
urb delivering msg: cs451.Message@6fe1664f
urb delivering msg: cs451.Message@272e1bb0
urb delivering msg: cs451.Message@5c11a3ce
urb delivering msg: cs451.Message@7e9cc07a
urb delivering msg: cs451.Message@1aab02f8
urb delivering msg: cs451.Message@4d0f7986
urb delivering msg: cs451.Message@1cd1bc3a
urb delivering msg: cs451.Message@4d630ca
urb delivering msg: cs451.Message@46a85e6a
urb delivering msg: cs451.Message@70dddc70
urb delivering msg: cs451.Message@617c9e3d
urb delivering msg: cs451.Message@5419a2b8
requesting next batch
urb delivering msg: cs451.Message@5046fd5f
requesting next batch
urb delivering msg: cs451.Message@4e66957b
requesting next batch
urb delivering msg: cs451.Message@4b6e67fc
requesting next batch
urb delivering msg: cs451.Message@52fb104b
requesting next batch
urb delivering msg: cs451.Message@3530b34e
requesting next batch
urb delivering msg: cs451.Message@4f8735de
requesting next batch
urb delivering msg: cs451.Message@776eea55
requesting next batch
urb delivering msg: cs451.Message@7d9dc5bb
requesting next batch
urb delivering msg: cs451.Message@4d87a385
requesting next batch
urb delivering msg: cs451.Message@3bd8562e
requesting next batch
urb delivering msg: cs451.Message@3b643f42
requesting next batch
urb delivering msg: cs451.Message@28479588
requesting next batch
urb delivering msg: cs451.Message@582c908e
requesting next batch
urb delivering msg: cs451.Message@213cd483
urb delivering msg: cs451.Message@3bb861c9
urb delivering msg: cs451.Message@2fc758e3
urb delivering msg: cs451.Message@13530575
urb delivering msg: cs451.Message@540c4350
requesting next batch
urb delivering msg: cs451.Message@2c42d631
requesting next batch
urb delivering msg: cs451.Message@39d7831a
requesting next batch
urb delivering msg: cs451.Message@32a451f8
urb delivering msg: cs451.Message@484823f
requesting next batch
urb delivering msg: cs451.Message@3ecd2fc0
urb delivering msg: cs451.Message@3b87a450
urb delivering msg: cs451.Message@2bbc1949
urb delivering msg: cs451.Message@b09f37b
urb delivering msg: cs451.Message@5c6d6ef5
urb delivering msg: cs451.Message@5acef40c
urb delivering msg: cs451.Message@1173c84d
urb delivering msg: cs451.Message@55a57333
urb delivering msg: cs451.Message@6208a5b4
urb delivering msg: cs451.Message@4fcb436d
urb delivering msg: cs451.Message@4075db79
urb delivering msg: cs451.Message@3e3714af
urb delivering msg: cs451.Message@19b523d8
urb delivering msg: cs451.Message@c70dba8
urb delivering msg: cs451.Message@62b0674c
urb delivering msg: cs451.Message@642495d9
urb delivering msg: cs451.Message@543fd166
urb delivering msg: cs451.Message@5e18fdd2
urb delivering msg: cs451.Message@3f737b5a
urb delivering msg: cs451.Message@7fb9bb30
urb delivering msg: cs451.Message@5527f140
urb delivering msg: cs451.Message@4c48705b
urb delivering msg: cs451.Message@68c57b23
urb delivering msg: cs451.Message@5a972d30
urb delivering msg: cs451.Message@30d07ad3
urb delivering msg: cs451.Message@3f150e3a
urb delivering msg: cs451.Message@7c4a6698
urb delivering msg: cs451.Message@1f572a8c
urb delivering msg: cs451.Message@2c62cd57
urb delivering msg: cs451.Message@3b11723f
urb delivering msg: cs451.Message@14c0ad63
urb delivering msg: cs451.Message@3265f63d
urb delivering msg: cs451.Message@8578d53
requesting next batch
urb delivering msg: cs451.Message@386786ec
urb delivering msg: cs451.Message@295d8f36
urb delivering msg: cs451.Message@3494403e
urb delivering msg: cs451.Message@1d6eea
urb delivering msg: cs451.Message@4c9c8e3
urb delivering msg: cs451.Message@4128d373
urb delivering msg: cs451.Message@572beed8
requesting next batch
urb delivering msg: cs451.Message@3c2ab0e9
urb delivering msg: cs451.Message@76eee95f
urb delivering msg: cs451.Message@71da1fba
urb delivering msg: cs451.Message@798f7277
urb delivering msg: cs451.Message@104b3857
urb delivering msg: cs451.Message@11ee9f10
urb delivering msg: cs451.Message@30e86558
urb delivering msg: cs451.Message@3276a5f8
urb delivering msg: cs451.Message@7b36aa61
urb delivering msg: cs451.Message@1ec5bc08
urb delivering msg: cs451.Message@6df4d82d
urb delivering msg: cs451.Message@6a2af90e
urb delivering msg: cs451.Message@24013388
urb delivering msg: cs451.Message@1717eefc
urb delivering msg: cs451.Message@5c696983
urb delivering msg: cs451.Message@61b60989
urb delivering msg: cs451.Message@4c06eb44
urb delivering msg: cs451.Message@64ce8c36
urb delivering msg: cs451.Message@73fcc45d
urb delivering msg: cs451.Message@22d761ea
urb delivering msg: cs451.Message@59f0f23f
urb delivering msg: cs451.Message@49cf6a0b
urb delivering msg: cs451.Message@5c048143
urb delivering msg: cs451.Message@45457318
urb delivering msg: cs451.Message@1bfa1085
urb delivering msg: cs451.Message@29d7aec3
urb delivering msg: cs451.Message@51213c23
urb delivering msg: cs451.Message@3f9248ac
urb delivering msg: cs451.Message@74a719e3
urb delivering msg: cs451.Message@60921002
urb delivering msg: cs451.Message@388af817
urb delivering msg: cs451.Message@15701082
urb delivering msg: cs451.Message@59d46bce
urb delivering msg: cs451.Message@293672f6
urb delivering msg: cs451.Message@46936d87
urb delivering msg: cs451.Message@537291d7
urb delivering msg: cs451.Message@29020a6c
urb delivering msg: cs451.Message@33b97c78
urb delivering msg: cs451.Message@6e9bc0dd
urb delivering msg: cs451.Message@29a018f0
urb delivering msg: cs451.Message@104836c2
urb delivering msg: cs451.Message@686ad20f
urb delivering msg: cs451.Message@58476af7
urb delivering msg: cs451.Message@71898e97
urb delivering msg: cs451.Message@20265842
urb delivering msg: cs451.Message@1ee20ce3
urb delivering msg: cs451.Message@7d11cd1a
urb delivering msg: cs451.Message@40d11919
urb delivering msg: cs451.Message@5227ad09
urb delivering msg: cs451.Message@5cac26ba
urb delivering msg: cs451.Message@2fa65928
urb delivering msg: cs451.Message@67f78414
urb delivering msg: cs451.Message@8573206
urb delivering msg: cs451.Message@35735c40
urb delivering msg: cs451.Message@28813cdf
urb delivering msg: cs451.Message@730dcaff
urb delivering msg: cs451.Message@427b019a
urb delivering msg: cs451.Message@6dc5d4c9
urb delivering msg: cs451.Message@4c836a6a
urb delivering msg: cs451.Message@51c41b37
urb delivering msg: cs451.Message@4ba9a744
urb delivering msg: cs451.Message@8094164
urb delivering msg: cs451.Message@5f0eaa35
urb delivering msg: cs451.Message@2ee20f40
urb delivering msg: cs451.Message@28f71e5f
urb delivering msg: cs451.Message@6ab76844
urb delivering msg: cs451.Message@40422825
urb delivering msg: cs451.Message@7ee4b762
urb delivering msg: cs451.Message@6ef15b07
urb delivering msg: cs451.Message@3f55ebd5
urb delivering msg: cs451.Message@6e07ef1a
urb delivering msg: cs451.Message@35031a1f
urb delivering msg: cs451.Message@51ce56db
urb delivering msg: cs451.Message@41550474
urb delivering msg: cs451.Message@107b4c7b
urb delivering msg: cs451.Message@3d857f89
urb delivering msg: cs451.Message@1e5e8e6c
urb delivering msg: cs451.Message@77c14f77
urb delivering msg: cs451.Message@3d13cd60
urb delivering msg: cs451.Message@2b7c947c
urb delivering msg: cs451.Message@413b4291
urb delivering msg: cs451.Message@3cfc1736
urb delivering msg: cs451.Message@1fa7b504
urb delivering msg: cs451.Message@50370df8
urb delivering msg: cs451.Message@4b03f2a5
urb delivering msg: cs451.Message@171a0954
urb delivering msg: cs451.Message@35b78126
urb delivering msg: cs451.Message@5d8712a5
urb delivering msg: cs451.Message@9c5556a
urb delivering msg: cs451.Message@4ed2bdaf
urb delivering msg: cs451.Message@47e5abe2
urb delivering msg: cs451.Message@22928b81
urb delivering msg: cs451.Message@15fe4bc
urb delivering msg: cs451.Message@5a3b0efd
urb delivering msg: cs451.Message@30eb14e3
urb delivering msg: cs451.Message@6934ffc
urb delivering msg: cs451.Message@78973196
urb delivering msg: cs451.Message@7ad9949f
urb delivering msg: cs451.Message@127ddb2b
urb delivering msg: cs451.Message@e0d8a37
urb delivering msg: cs451.Message@4fd711e1
urb delivering msg: cs451.Message@791c19e8
urb delivering msg: cs451.Message@5c43163
urb delivering msg: cs451.Message@67fa5fde
urb delivering msg: cs451.Message@10d512d9
urb delivering msg: cs451.Message@99f9a72
urb delivering msg: cs451.Message@2df4ed0b
urb delivering msg: cs451.Message@184553c4
urb delivering msg: cs451.Message@20bec9cf
urb delivering msg: cs451.Message@55879ba0
urb delivering msg: cs451.Message@5f11a8ae
urb delivering msg: cs451.Message@6df81bfb
urb delivering msg: cs451.Message@3b5e473a
urb delivering msg: cs451.Message@52ed916a
urb delivering msg: cs451.Message@eb1741
urb delivering msg: cs451.Message@2de1f364
urb delivering msg: cs451.Message@64cf0675
urb delivering msg: cs451.Message@5a97ad47
urb delivering msg: cs451.Message@29ee84b
urb delivering msg: cs451.Message@20c641af
urb delivering msg: cs451.Message@3c26176c
urb delivering msg: cs451.Message@5b3c783a
urb delivering msg: cs451.Message@2e150fa6
urb delivering msg: cs451.Message@3cccf8f2
urb delivering msg: cs451.Message@305d1570
urb delivering msg: cs451.Message@89846e9
urb delivering msg: cs451.Message@e761063
urb delivering msg: cs451.Message@55266237
urb delivering msg: cs451.Message@d081b76
urb delivering msg: cs451.Message@476dbb30
urb delivering msg: cs451.Message@79a65eb6
urb delivering msg: cs451.Message@1f77ac6f
urb delivering msg: cs451.Message@52e9d75c
urb delivering msg: cs451.Message@78f7520a
urb delivering msg: cs451.Message@336ff04c
urb delivering msg: cs451.Message@11d9369a
urb delivering msg: cs451.Message@d9640ca
urb delivering msg: cs451.Message@4fb33470
urb delivering msg: cs451.Message@312505a
urb delivering msg: cs451.Message@5b27cb44
urb delivering msg: cs451.Message@648850fa
urb delivering msg: cs451.Message@32cee8af
urb delivering msg: cs451.Message@234fee2c
urb delivering msg: cs451.Message@46d76cea
urb delivering msg: cs451.Message@607eeb4a
urb delivering msg: cs451.Message@2530ec7a
urb delivering msg: cs451.Message@79d2587e
urb delivering msg: cs451.Message@49fcb92
urb delivering msg: cs451.Message@13ac54f0
urb delivering msg: cs451.Message@315d39c3
urb delivering msg: cs451.Message@5a27963e
urb delivering msg: cs451.Message@201e15b3
urb delivering msg: cs451.Message@5164ce94
urb delivering msg: cs451.Message@9af765a
urb delivering msg: cs451.Message@6fdf8737
urb delivering msg: cs451.Message@3fbca4f2
urb delivering msg: cs451.Message@48dbddff
urb delivering msg: cs451.Message@3ab46f18
urb delivering msg: cs451.Message@2941b146
urb delivering msg: cs451.Message@73001ba8
urb delivering msg: cs451.Message@65a21412
urb delivering msg: cs451.Message@7cf77b11
urb delivering msg: cs451.Message@58182e48
urb delivering msg: cs451.Message@2b36b3b8
urb delivering msg: cs451.Message@5e413048
urb delivering msg: cs451.Message@1929e762
urb delivering msg: cs451.Message@5ae061
urb delivering msg: cs451.Message@1e6f38a1
urb delivering msg: cs451.Message@49fb9854
urb delivering msg: cs451.Message@1fbf64fe
urb delivering msg: cs451.Message@4831c680
urb delivering msg: cs451.Message@2f7c5517
urb delivering msg: cs451.Message@3a504194
urb delivering msg: cs451.Message@5eac5ab4
urb delivering msg: cs451.Message@186f8227
urb delivering msg: cs451.Message@55f6b8d0
urb delivering msg: cs451.Message@6d920f1b
urb delivering msg: cs451.Message@515781e7
urb delivering msg: cs451.Message@354d5f50
urb delivering msg: cs451.Message@559d4111
urb delivering msg: cs451.Message@288a766e
urb delivering msg: cs451.Message@45bf8221
urb delivering msg: cs451.Message@1ad7f219
urb delivering msg: cs451.Message@25fdad9b
urb delivering msg: cs451.Message@5e3f864c
urb delivering msg: cs451.Message@67a8a920
urb delivering msg: cs451.Message@424ad8f6
urb delivering msg: cs451.Message@a932451
urb delivering msg: cs451.Message@283cdea9
urb delivering msg: cs451.Message@aff9327
urb delivering msg: cs451.Message@1ee677e6
urb delivering msg: cs451.Message@d4479c7
urb delivering msg: cs451.Message@43433750
urb delivering msg: cs451.Message@35d3f2b4
urb delivering msg: cs451.Message@1827faaf
urb delivering msg: cs451.Message@3603322d
urb delivering msg: cs451.Message@6ca06a0a
urb delivering msg: cs451.Message@46cc6378
urb delivering msg: cs451.Message@61190b8c
urb delivering msg: cs451.Message@4e24dfd8
urb delivering msg: cs451.Message@213b1c2c
urb delivering msg: cs451.Message@4497cd0
urb delivering msg: cs451.Message@2d2552be
urb delivering msg: cs451.Message@459792dd
urb delivering msg: cs451.Message@3c343c3f
urb delivering msg: cs451.Message@73d46895
urb delivering msg: cs451.Message@746374f3
urb delivering msg: cs451.Message@d9b01d8
urb delivering msg: cs451.Message@10d30190
urb delivering msg: cs451.Message@409353df
urb delivering msg: cs451.Message@2f3863d2
urb delivering msg: cs451.Message@7af8222c
urb delivering msg: cs451.Message@72af6362
urb delivering msg: cs451.Message@28f8cb43
urb delivering msg: cs451.Message@44b21b7d
urb delivering msg: cs451.Message@7f60b885
urb delivering msg: cs451.Message@76dd7078
urb delivering msg: cs451.Message@18910f33
urb delivering msg: cs451.Message@4c2c86af
urb delivering msg: cs451.Message@36f2bb3f
urb delivering msg: cs451.Message@2b315329
urb delivering msg: cs451.Message@3bc939eb
urb delivering msg: cs451.Message@13f8c9c3
urb delivering msg: cs451.Message@3070b3c0
urb delivering msg: cs451.Message@11f906fc
urb delivering msg: cs451.Message@630d6349
urb delivering msg: cs451.Message@36ee183a
urb delivering msg: cs451.Message@3b55394
urb delivering msg: cs451.Message@5aa27bf8
urb delivering msg: cs451.Message@523d5cce
urb delivering msg: cs451.Message@14d4b17b
urb delivering msg: cs451.Message@3d547986
urb delivering msg: cs451.Message@74e0b86f
urb delivering msg: cs451.Message@4c835111
urb delivering msg: cs451.Message@7ded6e93
urb delivering msg: cs451.Message@63ebb0e1
urb delivering msg: cs451.Message@12394f33
urb delivering msg: cs451.Message@44649fbc
urb delivering msg: cs451.Message@52ebf855
urb delivering msg: cs451.Message@6c392651
urb delivering msg: cs451.Message@34a1ac32
urb delivering msg: cs451.Message@54584c65
urb delivering msg: cs451.Message@597c3feb
urb delivering msg: cs451.Message@7c52913b
urb delivering msg: cs451.Message@45ab62bf
urb delivering msg: cs451.Message@5306350b
urb delivering msg: cs451.Message@6b3dcbe7
urb delivering msg: cs451.Message@30e54f2
urb delivering msg: cs451.Message@1dae60b6
urb delivering msg: cs451.Message@7fe2b065
urb delivering msg: cs451.Message@7a052e8d
urb delivering msg: cs451.Message@b5d5cfb
urb delivering msg: cs451.Message@651826f6
urb delivering msg: cs451.Message@f13c3a8
urb delivering msg: cs451.Message@5cb1e581
urb delivering msg: cs451.Message@3dead068
urb delivering msg: cs451.Message@19e17eb5
urb delivering msg: cs451.Message@8fee0a2
urb delivering msg: cs451.Message@5bb081d1
urb delivering msg: cs451.Message@3032735f
urb delivering msg: cs451.Message@22b4a73a
urb delivering msg: cs451.Message@5d30a83e
urb delivering msg: cs451.Message@2511440
urb delivering msg: cs451.Message@21da27de
urb delivering msg: cs451.Message@26d0c9a8
urb delivering msg: cs451.Message@7e79e414
urb delivering msg: cs451.Message@74801c8f
urb delivering msg: cs451.Message@4143116
urb delivering msg: cs451.Message@242935b5
urb delivering msg: cs451.Message@15412c60
urb delivering msg: cs451.Message@61d12e23
urb delivering msg: cs451.Message@44682f8e
urb delivering msg: cs451.Message@29812e2b
urb delivering msg: cs451.Message@35bf3557
urb delivering msg: cs451.Message@5d77b5f5
urb delivering msg: cs451.Message@58e6e58a
urb delivering msg: cs451.Message@78b668cb
urb delivering msg: cs451.Message@34efef07
urb delivering msg: cs451.Message@54573c72
urb delivering msg: cs451.Message@3bf259c7
urb delivering msg: cs451.Message@70498e42
urb delivering msg: cs451.Message@3b15d09b
urb delivering msg: cs451.Message@56cccf27
urb delivering msg: cs451.Message@7fd99858
urb delivering msg: cs451.Message@435e327f
urb delivering msg: cs451.Message@565ab387
urb delivering msg: cs451.Message@66dffb9c
urb delivering msg: cs451.Message@5577b447
urb delivering msg: cs451.Message@6788a95c
urb delivering msg: cs451.Message@64cdf8a1
urb delivering msg: cs451.Message@7d57ecbf
urb delivering msg: cs451.Message@15eaaade
urb delivering msg: cs451.Message@378a3376
urb delivering msg: cs451.Message@3c89cdd6
urb delivering msg: cs451.Message@7ef9ecec
urb delivering msg: cs451.Message@3e8505b7
urb delivering msg: cs451.Message@58f28092
urb delivering msg: cs451.Message@2a670127
urb delivering msg: cs451.Message@1b48060b
urb delivering msg: cs451.Message@d761068
urb delivering msg: cs451.Message@41cce744
urb delivering msg: cs451.Message@5330a863
urb delivering msg: cs451.Message@8138450
urb delivering msg: cs451.Message@35db206a
urb delivering msg: cs451.Message@138b1752
urb delivering msg: cs451.Message@452ec6f0
urb delivering msg: cs451.Message@518bfb01
urb delivering msg: cs451.Message@3dbf492a
urb delivering msg: cs451.Message@7645f848
urb delivering msg: cs451.Message@456fb936
urb delivering msg: cs451.Message@4bb20169
urb delivering msg: cs451.Message@c83e72c
urb delivering msg: cs451.Message@55ddc94c
urb delivering msg: cs451.Message@6dc36cc8
urb delivering msg: cs451.Message@36a18150
urb delivering msg: cs451.Message@2588ba2f
urb delivering msg: cs451.Message@1ea4907b
urb delivering msg: cs451.Message@68f71a4b
urb delivering msg: cs451.Message@5266ad04
urb delivering msg: cs451.Message@32df2ca5
urb delivering msg: cs451.Message@8c245cd
urb delivering msg: cs451.Message@58b723dc
urb delivering msg: cs451.Message@3f5eab43
urb delivering msg: cs451.Message@742f0209
urb delivering msg: cs451.Message@6ed9cd6c
urb delivering msg: cs451.Message@f91aaa8
urb delivering msg: cs451.Message@45df0caa
urb delivering msg: cs451.Message@49ec6152
urb delivering msg: cs451.Message@69fe67ae
urb delivering msg: cs451.Message@6b3844d3
urb delivering msg: cs451.Message@56bfaf42
urb delivering msg: cs451.Message@7cf3b236
urb delivering msg: cs451.Message@66aa7911
urb delivering msg: cs451.Message@4f1db7cb
urb delivering msg: cs451.Message@6473d4d5
urb delivering msg: cs451.Message@570b86f
urb delivering msg: cs451.Message@30272b21
urb delivering msg: cs451.Message@12a66101
urb delivering msg: cs451.Message@6889cafc
urb delivering msg: cs451.Message@68baa442
urb delivering msg: cs451.Message@61cdf457
urb delivering msg: cs451.Message@40423f06
urb delivering msg: cs451.Message@663ac3d8
urb delivering msg: cs451.Message@5b1ff3e9
urb delivering msg: cs451.Message@557edb91
urb delivering msg: cs451.Message@4956437
urb delivering msg: cs451.Message@3481437e
urb delivering msg: cs451.Message@10a57ebc
urb delivering msg: cs451.Message@33a49d6a
urb delivering msg: cs451.Message@1cbff3f5
urb delivering msg: cs451.Message@221bc9af
urb delivering msg: cs451.Message@19f013ce
urb delivering msg: cs451.Message@ea89257
urb delivering msg: cs451.Message@6debe82c
urb delivering msg: cs451.Message@11c1028f
urb delivering msg: cs451.Message@8360d1a
urb delivering msg: cs451.Message@42460c61
urb delivering msg: cs451.Message@70de368d
urb delivering msg: cs451.Message@69128763
urb delivering msg: cs451.Message@51741986
urb delivering msg: cs451.Message@23a322cd
urb delivering msg: cs451.Message@22c8126a
urb delivering msg: cs451.Message@5f9ca0cf
urb delivering msg: cs451.Message@2e553a93
urb delivering msg: cs451.Message@14dac0de
urb delivering msg: cs451.Message@76e3db6d
urb delivering msg: cs451.Message@4cc397a6
urb delivering msg: cs451.Message@4bc5ad0f
urb delivering msg: cs451.Message@9db4899
urb delivering msg: cs451.Message@618bd27c
urb delivering msg: cs451.Message@3125174c
urb delivering msg: cs451.Message@57ee69b2
urb delivering msg: cs451.Message@4227c56
urb delivering msg: cs451.Message@3b85569c
urb delivering msg: cs451.Message@2203a9d7
urb delivering msg: cs451.Message@684e7dc
urb delivering msg: cs451.Message@1153fb96
urb delivering msg: cs451.Message@f36e96
urb delivering msg: cs451.Message@3f01324e
urb delivering msg: cs451.Message@1e1a9875
urb delivering msg: cs451.Message@109b5f6b
urb delivering msg: cs451.Message@b870430
urb delivering msg: cs451.Message@3da2c44c
urb delivering msg: cs451.Message@77b12abd
urb delivering msg: cs451.Message@3d1b5327
urb delivering msg: cs451.Message@e0e7630
urb delivering msg: cs451.Message@25a54319
urb delivering msg: cs451.Message@5b3f71d2
urb delivering msg: cs451.Message@3c5a83f9
urb delivering msg: cs451.Message@4118cdb4
urb delivering msg: cs451.Message@4e2ae305
urb delivering msg: cs451.Message@6ebbbaf3
urb delivering msg: cs451.Message@616b996
urb delivering msg: cs451.Message@164b18d
urb delivering msg: cs451.Message@184f586f
urb delivering msg: cs451.Message@2b9005b7
urb delivering msg: cs451.Message@1879d35a
urb delivering msg: cs451.Message@3c35e101
urb delivering msg: cs451.Message@5e5b5ac8
urb delivering msg: cs451.Message@754d5109
urb delivering msg: cs451.Message@2378aff9
urb delivering msg: cs451.Message@30567f7e
urb delivering msg: cs451.Message@345feea6
urb delivering msg: cs451.Message@2b05243d
urb delivering msg: cs451.Message@4de441c3
urb delivering msg: cs451.Message@4eca7a8e
urb delivering msg: cs451.Message@5ab872f
urb delivering msg: cs451.Message@78d6f6b
urb delivering msg: cs451.Message@6888dc00
urb delivering msg: cs451.Message@758bd595
urb delivering msg: cs451.Message@2c40a6f4
urb delivering msg: cs451.Message@40da7220
urb delivering msg: cs451.Message@6e1cdee7
urb delivering msg: cs451.Message@459089cc
urb delivering msg: cs451.Message@6c4ee08c
urb delivering msg: cs451.Message@7f16d457
urb delivering msg: cs451.Message@7775d6b4
urb delivering msg: cs451.Message@36eaff7f
urb delivering msg: cs451.Message@2dbb23ae
urb delivering msg: cs451.Message@64c6ee22
urb delivering msg: cs451.Message@3d5f5478
urb delivering msg: cs451.Message@5caf45ab
urb delivering msg: cs451.Message@287dabc3
urb delivering msg: cs451.Message@7b99f710
urb delivering msg: cs451.Message@3ca2808f
urb delivering msg: cs451.Message@1a8618ad
urb delivering msg: cs451.Message@5fe09b8d
urb delivering msg: cs451.Message@6bf5d616
urb delivering msg: cs451.Message@437b951f
urb delivering msg: cs451.Message@6992bead
urb delivering msg: cs451.Message@32757ce1
urb delivering msg: cs451.Message@777549df
urb delivering msg: cs451.Message@68b9e943
urb delivering msg: cs451.Message@1422452f
urb delivering msg: cs451.Message@da9a13e
urb delivering msg: cs451.Message@50cf2ae5
urb delivering msg: cs451.Message@771b224e
urb delivering msg: cs451.Message@71161abf
urb delivering msg: cs451.Message@31f6e5f2
urb delivering msg: cs451.Message@1847792b
urb delivering msg: cs451.Message@36e0213f
urb delivering msg: cs451.Message@77e216be
urb delivering msg: cs451.Message@71bdb4c5
urb delivering msg: cs451.Message@521005f8
urb delivering msg: cs451.Message@654e2f5c
urb delivering msg: cs451.Message@27e92ad
urb delivering msg: cs451.Message@1e7915bb
urb delivering msg: cs451.Message@4c14ec49
urb delivering msg: cs451.Message@58341e58
urb delivering msg: cs451.Message@2e290409
urb delivering msg: cs451.Message@782b08ba
urb delivering msg: cs451.Message@13b6d552
urb delivering msg: cs451.Message@6b88dfa2
urb delivering msg: cs451.Message@d679796
urb delivering msg: cs451.Message@2d293058
requesting next batch
urb delivering msg: cs451.Message@8107cea
urb delivering msg: cs451.Message@2548d785
urb delivering msg: cs451.Message@14223f9d
urb delivering msg: cs451.Message@706d66b1
urb delivering msg: cs451.Message@7b91a37a
urb delivering msg: cs451.Message@1886b772
urb delivering msg: cs451.Message@1d5dbd28
urb delivering msg: cs451.Message@69e08dc
urb delivering msg: cs451.Message@7062e106
urb delivering msg: cs451.Message@5d72e55f
urb delivering msg: cs451.Message@2d36b724
urb delivering msg: cs451.Message@5b9882b6
requesting next batch
urb delivering msg: cs451.Message@3c153212
urb delivering msg: cs451.Message@760760d2
requesting next batch
urb delivering msg: cs451.Message@6e1066a1
requesting next batch
urb delivering msg: cs451.Message@7102d4e7
urb delivering msg: cs451.Message@6492ed77
urb delivering msg: cs451.Message@295e00c7
requesting next batch
urb delivering msg: cs451.Message@44964e23
urb delivering msg: cs451.Message@23d41fba
requesting next batch
urb delivering msg: cs451.Message@505eb7e2
requesting next batch
urb delivering msg: cs451.Message@9dfdd16
requesting next batch
urb delivering msg: cs451.Message@7f4e7d58
requesting next batch
urb delivering msg: cs451.Message@7ce484c4
requesting next batch
urb delivering msg: cs451.Message@59a0cd1d
requesting next batch
urb delivering msg: cs451.Message@2ee08c52
requesting next batch
urb delivering msg: cs451.Message@22c8806b
requesting next batch
urb delivering msg: cs451.Message@7a52e252
requesting next batch
urb delivering msg: cs451.Message@25450020
requesting next batch
urb delivering msg: cs451.Message@f6d8ac6
requesting next batch
urb delivering msg: cs451.Message@69c09898
requesting next batch
urb delivering msg: cs451.Message@46da780
requesting next batch
urb delivering msg: cs451.Message@9a4f32d
requesting next batch
urb delivering msg: cs451.Message@6afc7365
requesting next batch
urb delivering msg: cs451.Message@79522fa
requesting next batch
urb delivering msg: cs451.Message@6e2dd42f
requesting next batch
urb delivering msg: cs451.Message@403e6f5c
requesting next batch
urb delivering msg: cs451.Message@49d04b65
requesting next batch
urb delivering msg: cs451.Message@67fc3257
requesting next batch
urb delivering msg: cs451.Message@67f00e2b
requesting next batch
urb delivering msg: cs451.Message@5487c906
urb delivering msg: cs451.Message@1fc72b90
urb delivering msg: cs451.Message@19afdcb5
urb delivering msg: cs451.Message@7ec918fd
urb delivering msg: cs451.Message@146c21db
urb delivering msg: cs451.Message@3251136d
urb delivering msg: cs451.Message@55fc3be6
urb delivering msg: cs451.Message@63c4cf54
urb delivering msg: cs451.Message@16d3580e
urb delivering msg: cs451.Message@2c23ebc2
urb delivering msg: cs451.Message@18b4c6ab
urb delivering msg: cs451.Message@5d4f0486
urb delivering msg: cs451.Message@51d02409
urb delivering msg: cs451.Message@629ea80a
urb delivering msg: cs451.Message@5c21bb6c
urb delivering msg: cs451.Message@79efef5a
urb delivering msg: cs451.Message@29cf6c02
requesting next batch
urb delivering msg: cs451.Message@3e864fc9
requesting next batch
urb delivering msg: cs451.Message@6f2d79ae
requesting next batch
urb delivering msg: cs451.Message@693ece2e
requesting next batch
urb delivering msg: cs451.Message@3bc31077
requesting next batch
urb delivering msg: cs451.Message@37b7e8c1
requesting next batch
urb delivering msg: cs451.Message@33d31790
requesting next batch
urb delivering msg: cs451.Message@2c03e07a
requesting next batch
urb delivering msg: cs451.Message@f601d25
requesting next batch
urb delivering msg: cs451.Message@7991de8
requesting next batch
urb delivering msg: cs451.Message@2c5df51c
requesting next batch
urb delivering msg: cs451.Message@1feec0dd
requesting next batch
urb delivering msg: cs451.Message@10e86f30
requesting next batch
urb delivering msg: cs451.Message@5fd14698
urb delivering msg: cs451.Message@1ce7ad6b
urb delivering msg: cs451.Message@75e67e02
urb delivering msg: cs451.Message@26240e61
requesting next batch
urb delivering msg: cs451.Message@731469bb
urb delivering msg: cs451.Message@52390e47
requesting next batch
urb delivering msg: cs451.Message@14697c6c
requesting next batch
urb delivering msg: cs451.Message@12382f86
urb delivering msg: cs451.Message@4231c5cb
requesting next batch
urb delivering msg: cs451.Message@58e0b0fc
urb delivering msg: cs451.Message@7353d90
requesting next batch
urb delivering msg: cs451.Message@54a276ef
requesting next batch
urb delivering msg: cs451.Message@1871fe2d
requesting next batch
urb delivering msg: cs451.Message@45cbda8f
urb delivering msg: cs451.Message@6b3cb61b
requesting next batch
urb delivering msg: cs451.Message@2c6ea09d
urb delivering msg: cs451.Message@3bf9b3ab
requesting next batch
urb delivering msg: cs451.Message@20fd09f9
urb delivering msg: cs451.Message@2effef93
urb delivering msg: cs451.Message@77ccd899
requesting next batch
urb delivering msg: cs451.Message@15e4920
requesting next batch
urb delivering msg: cs451.Message@49243a33
requesting next batch
urb delivering msg: cs451.Message@18f6d7f3
requesting next batch
urb delivering msg: cs451.Message@96fdc64
requesting next batch
urb delivering msg: cs451.Message@7a8b8320
requesting next batch
urb delivering msg: cs451.Message@1296cbe0
requesting next batch
urb delivering msg: cs451.Message@3cf1cf0e
requesting next batch
urb delivering msg: cs451.Message@4b0ab808
requesting next batch
urb delivering msg: cs451.Message@6d3ea0ca
requesting next batch
urb delivering msg: cs451.Message@4953bf46
requesting next batch
urb delivering msg: cs451.Message@7b6880dd
requesting next batch
urb delivering msg: cs451.Message@65bcad40
urb delivering msg: cs451.Message@7d9c79cd
urb delivering msg: cs451.Message@29e140b7
urb delivering msg: cs451.Message@1630433e
requesting next batch
urb delivering msg: cs451.Message@16e62a15
requesting next batch
urb delivering msg: cs451.Message@8aa7b15
urb delivering msg: cs451.Message@2b6d764f
requesting next batch
urb delivering msg: cs451.Message@3f50f9af
urb delivering msg: cs451.Message@1841dad2
urb delivering msg: cs451.Message@43e8781c
urb delivering msg: cs451.Message@3f7b120
urb delivering msg: cs451.Message@3b52ad70
requesting next batch
urb delivering msg: cs451.Message@2dd37782
requesting next batch
urb delivering msg: cs451.Message@2d7bc2bc
urb delivering msg: cs451.Message@13bb1882
requesting next batch
urb delivering msg: cs451.Message@3d2c0ea8
urb delivering msg: cs451.Message@bf511e8
requesting next batch
urb delivering msg: cs451.Message@78e85c08
requesting next batch
urb delivering msg: cs451.Message@335c249f
urb delivering msg: cs451.Message@6ed82512
requesting next batch
urb delivering msg: cs451.Message@4d010370
urb delivering msg: cs451.Message@77330ec4
requesting next batch
urb delivering msg: cs451.Message@2519b461
urb delivering msg: cs451.Message@a46e565
requesting next batch
urb delivering msg: cs451.Message@4f997dde
requesting next batch
urb delivering msg: cs451.Message@20b30fc7
urb delivering msg: cs451.Message@48611d0c
urb delivering msg: cs451.Message@7531a4a8
requesting next batch
urb delivering msg: cs451.Message@7142405d
urb delivering msg: cs451.Message@49b7a485
requesting next batch
urb delivering msg: cs451.Message@9fe49c2
requesting next batch
urb delivering msg: cs451.Message@7192b8b1
urb delivering msg: cs451.Message@12315e76
requesting next batch
urb delivering msg: cs451.Message@66d65339
urb delivering msg: cs451.Message@1d9da678
requesting next batch
urb delivering msg: cs451.Message@792ec24a
requesting next batch
urb delivering msg: cs451.Message@61f4f1f7
urb delivering msg: cs451.Message@35ef396b
requesting next batch
urb delivering msg: cs451.Message@45b1e7c8
urb delivering msg: cs451.Message@4a0241a6
requesting next batch
urb delivering msg: cs451.Message@c3f6a58
urb delivering msg: cs451.Message@40d73ed5
requesting next batch
urb delivering msg: cs451.Message@a921ea0
urb delivering msg: cs451.Message@52457125
requesting next batch
urb delivering msg: cs451.Message@255fbc9f
requesting next batch
urb delivering msg: cs451.Message@5c870f77
urb delivering msg: cs451.Message@46fa6d59
requesting next batch
urb delivering msg: cs451.Message@3f4fe0fa
urb delivering msg: cs451.Message@672c08c8
urb delivering msg: cs451.Message@3344fed
urb delivering msg: cs451.Message@16b16a77
urb delivering msg: cs451.Message@5639006b
urb delivering msg: cs451.Message@5154282c
urb delivering msg: cs451.Message@703e4ecc
urb delivering msg: cs451.Message@6dc1706e
urb delivering msg: cs451.Message@73651fe5
requesting next batch
urb delivering msg: cs451.Message@3805ced
urb delivering msg: cs451.Message@14a3a7f
urb delivering msg: cs451.Message@676e6838
requesting next batch
urb delivering msg: cs451.Message@3c2fd907
urb delivering msg: cs451.Message@3d498d5b
requesting next batch
urb delivering msg: cs451.Message@6d00d14f
urb delivering msg: cs451.Message@79bb4b7f
requesting next batch
urb delivering msg: cs451.Message@3b1e42ae
urb delivering msg: cs451.Message@4a4c33c3
requesting next batch
urb delivering msg: cs451.Message@212d196c
urb delivering msg: cs451.Message@26e5e85
urb delivering msg: cs451.Message@4bac6754
requesting next batch
urb delivering msg: cs451.Message@605587c9
urb delivering msg: cs451.Message@297a04d6
urb delivering msg: cs451.Message@5990ed0a
requesting next batch
urb delivering msg: cs451.Message@71aeb7ab
urb delivering msg: cs451.Message@3d890d98
urb delivering msg: cs451.Message@442cf24b
requesting next batch
urb delivering msg: cs451.Message@1a0abf79
urb delivering msg: cs451.Message@1e9d507c
requesting next batch
urb delivering msg: cs451.Message@6b8d7bfa
urb delivering msg: cs451.Message@4810726a
requesting next batch
urb delivering msg: cs451.Message@72eed66
urb delivering msg: cs451.Message@73c4434f
requesting next batch
urb delivering msg: cs451.Message@7316a466
urb delivering msg: cs451.Message@38de0b4c
urb delivering msg: cs451.Message@48eb94ec
urb delivering msg: cs451.Message@19e47885
urb delivering msg: cs451.Message@5f17ca4b
urb delivering msg: cs451.Message@175b2e8e
urb delivering msg: cs451.Message@303847d
urb delivering msg: cs451.Message@3999e4c8
urb delivering msg: cs451.Message@583d3422
urb delivering msg: cs451.Message@165c5ef5
urb delivering msg: cs451.Message@9e3002f
urb delivering msg: cs451.Message@7faa1a7f
urb delivering msg: cs451.Message@4e07bd8c
urb delivering msg: cs451.Message@3ad8f94f
urb delivering msg: cs451.Message@2b2b7443
urb delivering msg: cs451.Message@4fdfabb
urb delivering msg: cs451.Message@77e5cc75
urb delivering msg: cs451.Message@a8a4147
urb delivering msg: cs451.Message@7af3b539
urb delivering msg: cs451.Message@1130b0fe
urb delivering msg: cs451.Message@486f40c9
urb delivering msg: cs451.Message@1037b0fa
urb delivering msg: cs451.Message@778a85b8
urb delivering msg: cs451.Message@63297cf7
urb delivering msg: cs451.Message@51721153
urb delivering msg: cs451.Message@7cefcbe7
urb delivering msg: cs451.Message@5f6b2687
urb delivering msg: cs451.Message@778d2759
urb delivering msg: cs451.Message@36b45872
urb delivering msg: cs451.Message@34060db0
urb delivering msg: cs451.Message@325f5aa9
urb delivering msg: cs451.Message@2cf61454
urb delivering msg: cs451.Message@3895be70
urb delivering msg: cs451.Message@3c7a4f5f
urb delivering msg: cs451.Message@74b8d06b
urb delivering msg: cs451.Message@68f03e1c
urb delivering msg: cs451.Message@7d836b4c
urb delivering msg: cs451.Message@136dd314
urb delivering msg: cs451.Message@21e4729a
urb delivering msg: cs451.Message@480da864
urb delivering msg: cs451.Message@2eb26322
urb delivering msg: cs451.Message@53baf093
urb delivering msg: cs451.Message@51c828dc
urb delivering msg: cs451.Message@7423e409
urb delivering msg: cs451.Message@49b522dc
urb delivering msg: cs451.Message@4d0f6d11
urb delivering msg: cs451.Message@5d9122a4
urb delivering msg: cs451.Message@367986b3
urb delivering msg: cs451.Message@56baf162
urb delivering msg: cs451.Message@60eb6941
urb delivering msg: cs451.Message@34bbf3fa
urb delivering msg: cs451.Message@4e8da7c0
urb delivering msg: cs451.Message@4fbd7e92
urb delivering msg: cs451.Message@74a7b745
urb delivering msg: cs451.Message@1f68ae08
urb delivering msg: cs451.Message@3cf8b982
urb delivering msg: cs451.Message@18151961
urb delivering msg: cs451.Message@51c188b9
urb delivering msg: cs451.Message@b837467
urb delivering msg: cs451.Message@724ee83c
urb delivering msg: cs451.Message@42a03905
urb delivering msg: cs451.Message@1f79e5a8
urb delivering msg: cs451.Message@f499a6c
urb delivering msg: cs451.Message@ac38cb1
urb delivering msg: cs451.Message@4968f4fd
urb delivering msg: cs451.Message@196c1cdd
requesting next batch
urb delivering msg: cs451.Message@5a356f66
requesting next batch
urb delivering msg: cs451.Message@4c85c695
urb delivering msg: cs451.Message@42c41ce4
urb delivering msg: cs451.Message@3bb77a95
urb delivering msg: cs451.Message@4a086cda
urb delivering msg: cs451.Message@28dbaa60
urb delivering msg: cs451.Message@4a1aa0a3
requesting next batch
urb delivering msg: cs451.Message@4af918a7
requesting next batch
urb delivering msg: cs451.Message@431ed39e
urb delivering msg: cs451.Message@36e3f937
urb delivering msg: cs451.Message@296358f0
urb delivering msg: cs451.Message@2b5d515b
requesting next batch
urb delivering msg: cs451.Message@1e6ae58d
requesting next batch
urb delivering msg: cs451.Message@37698d36
requesting next batch
urb delivering msg: cs451.Message@47ef7f3
requesting next batch
urb delivering msg: cs451.Message@45e8b9ae
requesting next batch
urb delivering msg: cs451.Message@ce76a13
urb delivering msg: cs451.Message@779c4684
urb delivering msg: cs451.Message@42ef6eb
urb delivering msg: cs451.Message@48b0a09
urb delivering msg: cs451.Message@338b4f79
urb delivering msg: cs451.Message@263697ea
urb delivering msg: cs451.Message@555cb469
urb delivering msg: cs451.Message@9db2789
urb delivering msg: cs451.Message@60c2514c
urb delivering msg: cs451.Message@72590379
urb delivering msg: cs451.Message@42161ea7
urb delivering msg: cs451.Message@12219e03
urb delivering msg: cs451.Message@609bf53a
urb delivering msg: cs451.Message@5ae3709b
urb delivering msg: cs451.Message@28f2be46
urb delivering msg: cs451.Message@36bdfcdd
urb delivering msg: cs451.Message@930ed15
urb delivering msg: cs451.Message@48163300
urb delivering msg: cs451.Message@752ba4ca
urb delivering msg: cs451.Message@2ca9f5a6
urb delivering msg: cs451.Message@22ffed63
urb delivering msg: cs451.Message@5b08540f
urb delivering msg: cs451.Message@73ada650
urb delivering msg: cs451.Message@10ca7946
urb delivering msg: cs451.Message@4d830ac9
urb delivering msg: cs451.Message@5432875a
requesting next batch
