Hello
My PID: 3817

My ID: 4

Doing some initialization

num of msg = 1000
Broadcasting and delivering messages...

urb delivering msg: cs451.Message@531f1757
urb delivering msg: cs451.Message@3b4105b6
urb delivering msg: cs451.Message@493b94b8
urb delivering msg: cs451.Message@6652602e
urb delivering msg: cs451.Message@73f93abf
urb delivering msg: cs451.Message@4026edc3
urb delivering msg: cs451.Message@55ad3f2b
urb delivering msg: cs451.Message@200b66a0
urb delivering msg: cs451.Message@1a9d8cdc
urb delivering msg: cs451.Message@6d2222b9
urb delivering msg: cs451.Message@51ca1c51
urb delivering msg: cs451.Message@2a8f5eae
urb delivering msg: cs451.Message@5c02dc4f
urb delivering msg: cs451.Message@20491a9c
urb delivering msg: cs451.Message@21e0b250
urb delivering msg: cs451.Message@714ae2ec
urb delivering msg: cs451.Message@3b60b82e
urb delivering msg: cs451.Message@5315d824
urb delivering msg: cs451.Message@77438224
urb delivering msg: cs451.Message@51b843a2
urb delivering msg: cs451.Message@6f272073
requesting next batch
urb delivering msg: cs451.Message@128e014b
urb delivering msg: cs451.Message@5e95515c
urb delivering msg: cs451.Message@1878e201
urb delivering msg: cs451.Message@7ac97007
urb delivering msg: cs451.Message@5a44d915
requesting next batch
urb delivering msg: cs451.Message@2eaf6cb0
urb delivering msg: cs451.Message@7118eb8e
urb delivering msg: cs451.Message@4060f4e2
urb delivering msg: cs451.Message@3c10118a
urb delivering msg: cs451.Message@698f3054
urb delivering msg: cs451.Message@5ffde270
urb delivering msg: cs451.Message@18fdca89
urb delivering msg: cs451.Message@24dd045d
urb delivering msg: cs451.Message@34c09d02
urb delivering msg: cs451.Message@49e1788
urb delivering msg: cs451.Message@72412c10
urb delivering msg: cs451.Message@3e7221e9
urb delivering msg: cs451.Message@e6a83a8
urb delivering msg: cs451.Message@7a3cf7ba
urb delivering msg: cs451.Message@1e67541
urb delivering msg: cs451.Message@2e3471fd
urb delivering msg: cs451.Message@7419c050
urb delivering msg: cs451.Message@6905684e
urb delivering msg: cs451.Message@5bfb4452
requesting next batch
urb delivering msg: cs451.Message@56cd6d49
requesting next batch
urb delivering msg: cs451.Message@6c6c2c80
requesting next batch
urb delivering msg: cs451.Message@2ee97e5b
requesting next batch
urb delivering msg: cs451.Message@2fb16600
urb delivering msg: cs451.Message@12abe19a
urb delivering msg: cs451.Message@1faed763
urb delivering msg: cs451.Message@7a50796b
urb delivering msg: cs451.Message@5e759147
urb delivering msg: cs451.Message@131f1c22
urb delivering msg: cs451.Message@7ae3c4ed
urb delivering msg: cs451.Message@38161fb
urb delivering msg: cs451.Message@710c3765
urb delivering msg: cs451.Message@1a19cb6a
urb delivering msg: cs451.Message@7e39b068
requesting next batch
urb delivering msg: cs451.Message@76bf88ed
requesting next batch
urb delivering msg: cs451.Message@66182e40
requesting next batch
urb delivering msg: cs451.Message@320efb72
requesting next batch
urb delivering msg: cs451.Message@107b7ab
urb delivering msg: cs451.Message@b75bf86
requesting next batch
urb delivering msg: cs451.Message@2cb8fa86
requesting next batch
urb delivering msg: cs451.Message@69285108
requesting next batch
urb delivering msg: cs451.Message@552e1969
requesting next batch
urb delivering msg: cs451.Message@730115c5
requesting next batch
urb delivering msg: cs451.Message@1806ade9
requesting next batch
urb delivering msg: cs451.Message@330d0ff0
urb delivering msg: cs451.Message@16cdbda9
urb delivering msg: cs451.Message@6d992d88
urb delivering msg: cs451.Message@405dbc37
urb delivering msg: cs451.Message@1b744943
urb delivering msg: cs451.Message@602f9f71
urb delivering msg: cs451.Message@44fe0b91
urb delivering msg: cs451.Message@69efbb3d
urb delivering msg: cs451.Message@5068c912
urb delivering msg: cs451.Message@4ca00079
urb delivering msg: cs451.Message@78b628ff
urb delivering msg: cs451.Message@6c145287
urb delivering msg: cs451.Message@7a22264e
urb delivering msg: cs451.Message@36cd42bb
urb delivering msg: cs451.Message@7f75654d
urb delivering msg: cs451.Message@313b804e
urb delivering msg: cs451.Message@5a40d071
urb delivering msg: cs451.Message@6c48918
urb delivering msg: cs451.Message@524fcb80
urb delivering msg: cs451.Message@3f1b0877
urb delivering msg: cs451.Message@630494bd
urb delivering msg: cs451.Message@412a4d8c
urb delivering msg: cs451.Message@6d159de2
urb delivering msg: cs451.Message@aaa7887
urb delivering msg: cs451.Message@4dccb413
urb delivering msg: cs451.Message@5e99d60b
urb delivering msg: cs451.Message@1fa2aab7
urb delivering msg: cs451.Message@46159784
urb delivering msg: cs451.Message@6e51df79
urb delivering msg: cs451.Message@7ee87536
urb delivering msg: cs451.Message@74958f4e
urb delivering msg: cs451.Message@1ed69fef
urb delivering msg: cs451.Message@7e9c315b
urb delivering msg: cs451.Message@4360ba7b
urb delivering msg: cs451.Message@1b57b2a6
urb delivering msg: cs451.Message@31547fc4
urb delivering msg: cs451.Message@2edd865c
urb delivering msg: cs451.Message@68a8429e
urb delivering msg: cs451.Message@4ecc0faf
urb delivering msg: cs451.Message@5cf4e3ed
urb delivering msg: cs451.Message@1e596149
urb delivering msg: cs451.Message@34cf6cae
urb delivering msg: cs451.Message@1ad0acef
urb delivering msg: cs451.Message@61c0dfd3
urb delivering msg: cs451.Message@3446a98b
urb delivering msg: cs451.Message@7ba309b1
urb delivering msg: cs451.Message@640b75fe
urb delivering msg: cs451.Message@35210eb
urb delivering msg: cs451.Message@2d9fbfb
urb delivering msg: cs451.Message@61d49490
urb delivering msg: cs451.Message@5ecfa9d1
urb delivering msg: cs451.Message@4d093fab
urb delivering msg: cs451.Message@c213d2
urb delivering msg: cs451.Message@45f7674e
urb delivering msg: cs451.Message@6655df00
urb delivering msg: cs451.Message@62a55006
urb delivering msg: cs451.Message@72699303
urb delivering msg: cs451.Message@cda4717
urb delivering msg: cs451.Message@443f3453
urb delivering msg: cs451.Message@cd279b2
requesting next batch
urb delivering msg: cs451.Message@321d12a0
requesting next batch
urb delivering msg: cs451.Message@6c21190b
requesting next batch
urb delivering msg: cs451.Message@51012570
urb delivering msg: cs451.Message@4e01c90b
requesting next batch
urb delivering msg: cs451.Message@14d34a79
urb delivering msg: cs451.Message@705ef0a9
urb delivering msg: cs451.Message@28ac6177
urb delivering msg: cs451.Message@6825bcf8
urb delivering msg: cs451.Message@66aba307
urb delivering msg: cs451.Message@6177dcc3
urb delivering msg: cs451.Message@2a9bbe43
urb delivering msg: cs451.Message@6f9c1594
urb delivering msg: cs451.Message@549430fb
urb delivering msg: cs451.Message@b5a7f6e
urb delivering msg: cs451.Message@7c44a1e0
urb delivering msg: cs451.Message@73fb3b49
urb delivering msg: cs451.Message@69dce25
urb delivering msg: cs451.Message@5e646097
urb delivering msg: cs451.Message@7f6811a
requesting next batch
urb delivering msg: cs451.Message@2d7dc3de
urb delivering msg: cs451.Message@4579ccb2
urb delivering msg: cs451.Message@38646c52
urb delivering msg: cs451.Message@ba9d415
urb delivering msg: cs451.Message@4809958d
urb delivering msg: cs451.Message@431edc62
urb delivering msg: cs451.Message@58832eaf
urb delivering msg: cs451.Message@1d4f40d6
urb delivering msg: cs451.Message@19ee1b0f
urb delivering msg: cs451.Message@2ca6299c
urb delivering msg: cs451.Message@6d919cf1
urb delivering msg: cs451.Message@abf2865
urb delivering msg: cs451.Message@63e07c5e
urb delivering msg: cs451.Message@7e975377
urb delivering msg: cs451.Message@1f002e40
requesting next batch
urb delivering msg: cs451.Message@6c0fd1c5
requesting next batch
urb delivering msg: cs451.Message@c6d4296
urb delivering msg: cs451.Message@4825b487
requesting next batch
urb delivering msg: cs451.Message@5649f1ed
urb delivering msg: cs451.Message@445a9318
requesting next batch
urb delivering msg: cs451.Message@22c510f7
requesting next batch
urb delivering msg: cs451.Message@47a109a4
urb delivering msg: cs451.Message@5efe5e24
requesting next batch
urb delivering msg: cs451.Message@4eacd4b0
urb delivering msg: cs451.Message@4464373a
urb delivering msg: cs451.Message@bc7ea3b
urb delivering msg: cs451.Message@27e48a19
urb delivering msg: cs451.Message@fc5c301
urb delivering msg: cs451.Message@6afde824
urb delivering msg: cs451.Message@5edf4172
urb delivering msg: cs451.Message@5de8acf2
urb delivering msg: cs451.Message@7c94b185
urb delivering msg: cs451.Message@79addafb
urb delivering msg: cs451.Message@5d5dd06d
urb delivering msg: cs451.Message@45ca6808
requesting next batch
urb delivering msg: cs451.Message@1c8be1ad
urb delivering msg: cs451.Message@be69ac5
urb delivering msg: cs451.Message@388bfd6c
urb delivering msg: cs451.Message@2e17485d
urb delivering msg: cs451.Message@6dd252bb
requesting next batch
urb delivering msg: cs451.Message@52ddcd76
requesting next batch
urb delivering msg: cs451.Message@355a2adc
requesting next batch
urb delivering msg: cs451.Message@211bd98a
requesting next batch
urb delivering msg: cs451.Message@5e231098
requesting next batch
urb delivering msg: cs451.Message@62a9d057
requesting next batch
urb delivering msg: cs451.Message@6411a14
requesting next batch
urb delivering msg: cs451.Message@796954df
requesting next batch
urb delivering msg: cs451.Message@3f882cba
requesting next batch
urb delivering msg: cs451.Message@138f6874
requesting next batch
urb delivering msg: cs451.Message@1d9041ab
requesting next batch
urb delivering msg: cs451.Message@2e6c316a
requesting next batch
urb delivering msg: cs451.Message@50ff35e1
urb delivering msg: cs451.Message@385b2b42
urb delivering msg: cs451.Message@27d9b8fb
urb delivering msg: cs451.Message@68f12a0b
urb delivering msg: cs451.Message@41884ac9
urb delivering msg: cs451.Message@20e87881
urb delivering msg: cs451.Message@4a9c0207
urb delivering msg: cs451.Message@2bdcd82d
urb delivering msg: cs451.Message@2801119d
urb delivering msg: cs451.Message@4b4e586c
urb delivering msg: cs451.Message@6168f738
urb delivering msg: cs451.Message@2c385688
urb delivering msg: cs451.Message@c15276b
urb delivering msg: cs451.Message@352183bd
urb delivering msg: cs451.Message@13d66316
urb delivering msg: cs451.Message@7db4fbf2
urb delivering msg: cs451.Message@58bfb550
urb delivering msg: cs451.Message@61baf991
urb delivering msg: cs451.Message@41d4f863
urb delivering msg: cs451.Message@1be5f0c0
urb delivering msg: cs451.Message@3ed5d3d9
urb delivering msg: cs451.Message@895d3e3
urb delivering msg: cs451.Message@6e642572
urb delivering msg: cs451.Message@5a33ab8e
urb delivering msg: cs451.Message@4ae8e00a
urb delivering msg: cs451.Message@6c44287f
urb delivering msg: cs451.Message@23c4cf30
urb delivering msg: cs451.Message@64ec7f1d
urb delivering msg: cs451.Message@69092b3a
urb delivering msg: cs451.Message@24c3f1b4
urb delivering msg: cs451.Message@217b1753
urb delivering msg: cs451.Message@266880f6
urb delivering msg: cs451.Message@6183ffa
urb delivering msg: cs451.Message@3ded30dc
urb delivering msg: cs451.Message@445579bd
urb delivering msg: cs451.Message@26d82ef1
urb delivering msg: cs451.Message@6178323f
urb delivering msg: cs451.Message@3547951c
urb delivering msg: cs451.Message@5a308a98
urb delivering msg: cs451.Message@3df88889
urb delivering msg: cs451.Message@1d31acc3
urb delivering msg: cs451.Message@1457350c
urb delivering msg: cs451.Message@4aed0954
urb delivering msg: cs451.Message@33a87c40
urb delivering msg: cs451.Message@236f8942
urb delivering msg: cs451.Message@ebd2776
urb delivering msg: cs451.Message@2c38285c
urb delivering msg: cs451.Message@5c821be7
urb delivering msg: cs451.Message@3f8bcac
urb delivering msg: cs451.Message@6499bd32
urb delivering msg: cs451.Message@90e0335
urb delivering msg: cs451.Message@459f6cd0
urb delivering msg: cs451.Message@3c4a513
urb delivering msg: cs451.Message@2a1df874
urb delivering msg: cs451.Message@53f351a9
urb delivering msg: cs451.Message@6db44eeb
urb delivering msg: cs451.Message@4b7e8273
urb delivering msg: cs451.Message@ee51d30
urb delivering msg: cs451.Message@47526b5c
urb delivering msg: cs451.Message@8deb64b
urb delivering msg: cs451.Message@378cc039
urb delivering msg: cs451.Message@11265765
urb delivering msg: cs451.Message@45fac696
urb delivering msg: cs451.Message@386b4c8c
urb delivering msg: cs451.Message@69b7deb0
urb delivering msg: cs451.Message@4a89219c
urb delivering msg: cs451.Message@59d4902d
urb delivering msg: cs451.Message@3b39a8b7
urb delivering msg: cs451.Message@6c2cb33e
urb delivering msg: cs451.Message@6faafae6
urb delivering msg: cs451.Message@12825ac6
urb delivering msg: cs451.Message@64083431
urb delivering msg: cs451.Message@6db4decd
urb delivering msg: cs451.Message@55f17457
urb delivering msg: cs451.Message@55a55045
urb delivering msg: cs451.Message@70a95f7c
urb delivering msg: cs451.Message@3ba0a512
urb delivering msg: cs451.Message@65ad3dfd
urb delivering msg: cs451.Message@1a756e75
urb delivering msg: cs451.Message@201d90f8
urb delivering msg: cs451.Message@1eab39dc
urb delivering msg: cs451.Message@12e5bd21
urb delivering msg: cs451.Message@23d26fce
urb delivering msg: cs451.Message@6f04b11c
urb delivering msg: cs451.Message@28a610f9
urb delivering msg: cs451.Message@1715ac79
requesting next batch
urb delivering msg: cs451.Message@27890d4a
requesting next batch
urb delivering msg: cs451.Message@6dcfc4f6
requesting next batch
urb delivering msg: cs451.Message@75f6306e
requesting next batch
urb delivering msg: cs451.Message@4fba2ccd
requesting next batch
urb delivering msg: cs451.Message@20b69b2d
requesting next batch
urb delivering msg: cs451.Message@334d13b9
requesting next batch
urb delivering msg: cs451.Message@77fc30fe
requesting next batch
urb delivering msg: cs451.Message@69bea688
requesting next batch
urb delivering msg: cs451.Message@7dc52761
requesting next batch
urb delivering msg: cs451.Message@26ce33bb
requesting next batch
urb delivering msg: cs451.Message@30238c5c
requesting next batch
urb delivering msg: cs451.Message@2cb5f636
requesting next batch
urb delivering msg: cs451.Message@789f32ee
requesting next batch
urb delivering msg: cs451.Message@2f9b85ad
requesting next batch
urb delivering msg: cs451.Message@376ad6e
requesting next batch
urb delivering msg: cs451.Message@71ff70
requesting next batch
urb delivering msg: cs451.Message@1f8a5d2
requesting next batch
urb delivering msg: cs451.Message@72bdfead
requesting next batch
urb delivering msg: cs451.Message@44962049
requesting next batch
urb delivering msg: cs451.Message@4b13cdd4
requesting next batch
urb delivering msg: cs451.Message@f013751
requesting next batch
urb delivering msg: cs451.Message@1254e88a
requesting next batch
urb delivering msg: cs451.Message@67b516e1
requesting next batch
urb delivering msg: cs451.Message@329d0aae
requesting next batch
urb delivering msg: cs451.Message@34200813
requesting next batch
urb delivering msg: cs451.Message@185a6a5
requesting next batch
urb delivering msg: cs451.Message@4e48aa6a
requesting next batch
urb delivering msg: cs451.Message@145a1177
requesting next batch
urb delivering msg: cs451.Message@200ef37f
requesting next batch
urb delivering msg: cs451.Message@c12d955
requesting next batch
urb delivering msg: cs451.Message@7023947
requesting next batch
urb delivering msg: cs451.Message@43974179
requesting next batch
urb delivering msg: cs451.Message@14d5d77f
requesting next batch
urb delivering msg: cs451.Message@e976cc1
requesting next batch
urb delivering msg: cs451.Message@1849a455
requesting next batch
urb delivering msg: cs451.Message@612cb2ac
requesting next batch
urb delivering msg: cs451.Message@5b78efd9
requesting next batch
urb delivering msg: cs451.Message@6e3c6113
requesting next batch
urb delivering msg: cs451.Message@3b020b8d
requesting next batch
urb delivering msg: cs451.Message@3f3f6793
requesting next batch
urb delivering msg: cs451.Message@2325518a
requesting next batch
urb delivering msg: cs451.Message@2e9c8804
requesting next batch
urb delivering msg: cs451.Message@5e9b039
requesting next batch
urb delivering msg: cs451.Message@41ae4ce8
requesting next batch
urb delivering msg: cs451.Message@488eec56
requesting next batch
urb delivering msg: cs451.Message@29881eb
requesting next batch
urb delivering msg: cs451.Message@4ab891f9
requesting next batch
urb delivering msg: cs451.Message@79425d4a
requesting next batch
urb delivering msg: cs451.Message@4611e268
requesting next batch
urb delivering msg: cs451.Message@40b498
requesting next batch
urb delivering msg: cs451.Message@ef9da30
requesting next batch
urb delivering msg: cs451.Message@653a6ea8
requesting next batch
urb delivering msg: cs451.Message@2c71d2c5
requesting next batch
urb delivering msg: cs451.Message@299057a7
requesting next batch
urb delivering msg: cs451.Message@69f830ff
requesting next batch
urb delivering msg: cs451.Message@5f814c46
requesting next batch
urb delivering msg: cs451.Message@7d444a89
requesting next batch
urb delivering msg: cs451.Message@564217e9
requesting next batch
urb delivering msg: cs451.Message@7e15ba16
requesting next batch
urb delivering msg: cs451.Message@2b233aee
requesting next batch
urb delivering msg: cs451.Message@74ec2d01
requesting next batch
urb delivering msg: cs451.Message@32d7912a
requesting next batch
urb delivering msg: cs451.Message@6141586c
requesting next batch
urb delivering msg: cs451.Message@5387eae0
requesting next batch
urb delivering msg: cs451.Message@469641b4
requesting next batch
urb delivering msg: cs451.Message@4846c68d
requesting next batch
urb delivering msg: cs451.Message@23af75d1
requesting next batch
urb delivering msg: cs451.Message@4f134bae
requesting next batch
urb delivering msg: cs451.Message@3bfc3819
requesting next batch
urb delivering msg: cs451.Message@45f0e345
requesting next batch
urb delivering msg: cs451.Message@1da917d7
requesting next batch
urb delivering msg: cs451.Message@483261f7
requesting next batch
urb delivering msg: cs451.Message@12d4b418
requesting next batch
urb delivering msg: cs451.Message@50fc97cc
requesting next batch
urb delivering msg: cs451.Message@5be35ab
requesting next batch
urb delivering msg: cs451.Message@5ed8c132
requesting next batch
urb delivering msg: cs451.Message@691bda85
requesting next batch
urb delivering msg: cs451.Message@5d6d629d
requesting next batch
urb delivering msg: cs451.Message@290a17f6
requesting next batch
urb delivering msg: cs451.Message@31c392b4
requesting next batch
urb delivering msg: cs451.Message@6bba9fb
requesting next batch
urb delivering msg: cs451.Message@30f44a3b
urb delivering msg: cs451.Message@49384e74
urb delivering msg: cs451.Message@644333d5
urb delivering msg: cs451.Message@3fecaad7
urb delivering msg: cs451.Message@2d5b8a83
urb delivering msg: cs451.Message@261b3ab2
urb delivering msg: cs451.Message@5b3b683f
urb delivering msg: cs451.Message@15bcb9d
urb delivering msg: cs451.Message@702546a7
urb delivering msg: cs451.Message@f943cbb
urb delivering msg: cs451.Message@f6ec7e6
urb delivering msg: cs451.Message@5036e2b5
urb delivering msg: cs451.Message@afc866a
urb delivering msg: cs451.Message@24a3026a
urb delivering msg: cs451.Message@5d8bb0ef
urb delivering msg: cs451.Message@3a4fc2a1
urb delivering msg: cs451.Message@54eedc54
urb delivering msg: cs451.Message@68e234f1
urb delivering msg: cs451.Message@686eedca
urb delivering msg: cs451.Message@2c7070ac
urb delivering msg: cs451.Message@e5e050a
urb delivering msg: cs451.Message@77e2fd8c
urb delivering msg: cs451.Message@68fd5e07
urb delivering msg: cs451.Message@47a7a6a4
urb delivering msg: cs451.Message@392f8d0f
urb delivering msg: cs451.Message@59c1093b
requesting next batch
urb delivering msg: cs451.Message@5bce6962
urb delivering msg: cs451.Message@21267639
requesting next batch
urb delivering msg: cs451.Message@64a4c0e7
requesting next batch
urb delivering msg: cs451.Message@357d8599
urb delivering msg: cs451.Message@1dd06f2d
urb delivering msg: cs451.Message@f555510
urb delivering msg: cs451.Message@4d341fe5
urb delivering msg: cs451.Message@143c0a97
urb delivering msg: cs451.Message@a8ba63a
urb delivering msg: cs451.Message@2f538fae
urb delivering msg: cs451.Message@42757696
urb delivering msg: cs451.Message@36e9b4fd
urb delivering msg: cs451.Message@61047e6c
urb delivering msg: cs451.Message@5299a31d
urb delivering msg: cs451.Message@3b31be1e
urb delivering msg: cs451.Message@4004bbd9
urb delivering msg: cs451.Message@2b14aab
urb delivering msg: cs451.Message@1d2f90ab
urb delivering msg: cs451.Message@2bd80c5e
urb delivering msg: cs451.Message@4ee7b08f
urb delivering msg: cs451.Message@460b4fea
urb delivering msg: cs451.Message@27402548
urb delivering msg: cs451.Message@4c917702
urb delivering msg: cs451.Message@3f81c5d7
urb delivering msg: cs451.Message@23e9b9d2
urb delivering msg: cs451.Message@525a282
urb delivering msg: cs451.Message@424bec43
urb delivering msg: cs451.Message@735536a0
urb delivering msg: cs451.Message@1d9c2631
urb delivering msg: cs451.Message@3585a6b2
urb delivering msg: cs451.Message@28b17db5
urb delivering msg: cs451.Message@720bae35
urb delivering msg: cs451.Message@e5aa3eb
urb delivering msg: cs451.Message@16f234a4
urb delivering msg: cs451.Message@350daf1a
urb delivering msg: cs451.Message@1a58d588
urb delivering msg: cs451.Message@414668d3
urb delivering msg: cs451.Message@4616234b
urb delivering msg: cs451.Message@1e3b21ec
urb delivering msg: cs451.Message@42134336
urb delivering msg: cs451.Message@3061ab57
urb delivering msg: cs451.Message@479aca6b
urb delivering msg: cs451.Message@69b735
urb delivering msg: cs451.Message@583b5efd
urb delivering msg: cs451.Message@65bd6dbe
urb delivering msg: cs451.Message@74e53af0
urb delivering msg: cs451.Message@39f8eb46
urb delivering msg: cs451.Message@3b369632
urb delivering msg: cs451.Message@3568dc77
urb delivering msg: cs451.Message@68874290
urb delivering msg: cs451.Message@16db361d
urb delivering msg: cs451.Message@19d3a5f2
urb delivering msg: cs451.Message@6aab49db
urb delivering msg: cs451.Message@386a05dc
urb delivering msg: cs451.Message@774ea712
urb delivering msg: cs451.Message@7336703c
urb delivering msg: cs451.Message@43630a10
urb delivering msg: cs451.Message@2bcfb345
urb delivering msg: cs451.Message@293bf719
urb delivering msg: cs451.Message@694cc592
urb delivering msg: cs451.Message@32a47121
urb delivering msg: cs451.Message@64a7a9ab
urb delivering msg: cs451.Message@12520919
urb delivering msg: cs451.Message@1d3d2e94
urb delivering msg: cs451.Message@c81696b
urb delivering msg: cs451.Message@55b273a1
urb delivering msg: cs451.Message@57aab2cf
urb delivering msg: cs451.Message@23976f20
urb delivering msg: cs451.Message@245a8008
urb delivering msg: cs451.Message@6233c059
urb delivering msg: cs451.Message@608d2a1a
urb delivering msg: cs451.Message@787ba744
urb delivering msg: cs451.Message@8513283
urb delivering msg: cs451.Message@741c0ad8
urb delivering msg: cs451.Message@7dc823bb
urb delivering msg: cs451.Message@582ceac1
urb delivering msg: cs451.Message@59681e6d
urb delivering msg: cs451.Message@4db69552
urb delivering msg: cs451.Message@715fa2a4
urb delivering msg: cs451.Message@4e9a24ac
urb delivering msg: cs451.Message@5718c064
urb delivering msg: cs451.Message@2e7dd3d0
urb delivering msg: cs451.Message@223b1e39
urb delivering msg: cs451.Message@3d1be196
urb delivering msg: cs451.Message@2c910db1
urb delivering msg: cs451.Message@6cb2b8a0
urb delivering msg: cs451.Message@1682b9d9
urb delivering msg: cs451.Message@74f7fdce
urb delivering msg: cs451.Message@50af8a64
urb delivering msg: cs451.Message@29a15f69
urb delivering msg: cs451.Message@2aee77f5
urb delivering msg: cs451.Message@613cf6eb
urb delivering msg: cs451.Message@4d6cac02
urb delivering msg: cs451.Message@6e95f8d1
urb delivering msg: cs451.Message@371d7b29
urb delivering msg: cs451.Message@3110488f
urb delivering msg: cs451.Message@19b4fe13
urb delivering msg: cs451.Message@5826ce84
urb delivering msg: cs451.Message@4be329a
urb delivering msg: cs451.Message@375956b2
urb delivering msg: cs451.Message@923622c
urb delivering msg: cs451.Message@671fcf62
urb delivering msg: cs451.Message@12c01bf9
urb delivering msg: cs451.Message@6f5133d5
urb delivering msg: cs451.Message@7df10e11
urb delivering msg: cs451.Message@648caa12
urb delivering msg: cs451.Message@76817aa9
urb delivering msg: cs451.Message@10a83037
urb delivering msg: cs451.Message@655c35b5
urb delivering msg: cs451.Message@6401df36
urb delivering msg: cs451.Message@19a8a52d
urb delivering msg: cs451.Message@48d007a7
urb delivering msg: cs451.Message@4ca56295
urb delivering msg: cs451.Message@26b7ec58
urb delivering msg: cs451.Message@7a6aa46e
urb delivering msg: cs451.Message@324f79bb
urb delivering msg: cs451.Message@551914ad
urb delivering msg: cs451.Message@4c55e77a
urb delivering msg: cs451.Message@6333634a
urb delivering msg: cs451.Message@2a785c36
urb delivering msg: cs451.Message@375999a8
urb delivering msg: cs451.Message@5454d60e
urb delivering msg: cs451.Message@2c05d6fd
urb delivering msg: cs451.Message@4474b6a7
urb delivering msg: cs451.Message@3f9bf358
urb delivering msg: cs451.Message@4d0db603
urb delivering msg: cs451.Message@4f3d3361
urb delivering msg: cs451.Message@2e1d65af
urb delivering msg: cs451.Message@4efc5207
urb delivering msg: cs451.Message@6e615875
urb delivering msg: cs451.Message@48e1d8e3
urb delivering msg: cs451.Message@d14ec4d
urb delivering msg: cs451.Message@2154eb82
urb delivering msg: cs451.Message@4512bd2d
urb delivering msg: cs451.Message@3f243ac
urb delivering msg: cs451.Message@292eb11b
urb delivering msg: cs451.Message@2fa05747
urb delivering msg: cs451.Message@7f0b7c4b
urb delivering msg: cs451.Message@6e75bf25
urb delivering msg: cs451.Message@320f6d99
urb delivering msg: cs451.Message@1f381ef0
urb delivering msg: cs451.Message@3bf5d078
urb delivering msg: cs451.Message@783accb4
urb delivering msg: cs451.Message@3110058f
urb delivering msg: cs451.Message@6e0052c3
urb delivering msg: cs451.Message@7be3296b
urb delivering msg: cs451.Message@551215cf
urb delivering msg: cs451.Message@649f4e9f
urb delivering msg: cs451.Message@8e59e85
urb delivering msg: cs451.Message@6a2f5683
urb delivering msg: cs451.Message@2fd69a64
urb delivering msg: cs451.Message@31a3d2b7
urb delivering msg: cs451.Message@151673b0
urb delivering msg: cs451.Message@51db4df
urb delivering msg: cs451.Message@1e030ba2
urb delivering msg: cs451.Message@311a54bf
urb delivering msg: cs451.Message@17b72adf
urb delivering msg: cs451.Message@7fe4dfba
urb delivering msg: cs451.Message@79bc85ff
urb delivering msg: cs451.Message@1ae089db
urb delivering msg: cs451.Message@34afb98a
urb delivering msg: cs451.Message@6d6fb9aa
urb delivering msg: cs451.Message@70e15a85
urb delivering msg: cs451.Message@6e51ab13
urb delivering msg: cs451.Message@27fb2cba
urb delivering msg: cs451.Message@37497306
urb delivering msg: cs451.Message@4d062218
urb delivering msg: cs451.Message@2eec0198
urb delivering msg: cs451.Message@500c6603
urb delivering msg: cs451.Message@2c21fe47
urb delivering msg: cs451.Message@50cb1f39
urb delivering msg: cs451.Message@1e653479
urb delivering msg: cs451.Message@2d6a75c8
urb delivering msg: cs451.Message@e1a65e4
urb delivering msg: cs451.Message@62091c9
urb delivering msg: cs451.Message@31d1bb88
urb delivering msg: cs451.Message@4f6b5c4f
urb delivering msg: cs451.Message@12033503
urb delivering msg: cs451.Message@102f5053
urb delivering msg: cs451.Message@2c1ea425
urb delivering msg: cs451.Message@39020ccd
urb delivering msg: cs451.Message@32229dc3
urb delivering msg: cs451.Message@58e5fe1c
urb delivering msg: cs451.Message@10346a9
urb delivering msg: cs451.Message@28ce5620
urb delivering msg: cs451.Message@e241a7f
urb delivering msg: cs451.Message@794610b9
urb delivering msg: cs451.Message@62eb2736
urb delivering msg: cs451.Message@38ce121d
urb delivering msg: cs451.Message@16171099
urb delivering msg: cs451.Message@5f9d193a
urb delivering msg: cs451.Message@64f44768
urb delivering msg: cs451.Message@2c62ef11
urb delivering msg: cs451.Message@2dfb1dc
urb delivering msg: cs451.Message@35bc3c74
urb delivering msg: cs451.Message@73b5e2ac
urb delivering msg: cs451.Message@481491ac
urb delivering msg: cs451.Message@373a8823
urb delivering msg: cs451.Message@63315d2c
urb delivering msg: cs451.Message@3f4d6364
urb delivering msg: cs451.Message@53b80cd0
urb delivering msg: cs451.Message@30a0ed14
urb delivering msg: cs451.Message@59110e11
urb delivering msg: cs451.Message@d131014
urb delivering msg: cs451.Message@1e5e43ea
urb delivering msg: cs451.Message@29a1d578
urb delivering msg: cs451.Message@781127db
urb delivering msg: cs451.Message@6d170b7d
urb delivering msg: cs451.Message@13a4426
urb delivering msg: cs451.Message@26974b6c
urb delivering msg: cs451.Message@57499f9a
urb delivering msg: cs451.Message@2502aed
urb delivering msg: cs451.Message@511855f5
urb delivering msg: cs451.Message@4d48a891
urb delivering msg: cs451.Message@56665bed
urb delivering msg: cs451.Message@5562048e
urb delivering msg: cs451.Message@46c6542a
urb delivering msg: cs451.Message@4ec26043
urb delivering msg: cs451.Message@2a9ff345
urb delivering msg: cs451.Message@6f1cc4ec
urb delivering msg: cs451.Message@1b8fba21
urb delivering msg: cs451.Message@4692016b
urb delivering msg: cs451.Message@1342c727
urb delivering msg: cs451.Message@1a705a07
urb delivering msg: cs451.Message@7c48b5da
urb delivering msg: cs451.Message@2a877a61
urb delivering msg: cs451.Message@2ff9fbe9
urb delivering msg: cs451.Message@37c13c73
urb delivering msg: cs451.Message@e1ea934
urb delivering msg: cs451.Message@1f5b9ee4
urb delivering msg: cs451.Message@7f9d1855
urb delivering msg: cs451.Message@41019171
urb delivering msg: cs451.Message@3a2dd76c
urb delivering msg: cs451.Message@79c2d273
urb delivering msg: cs451.Message@6e0a22ae
urb delivering msg: cs451.Message@234dbc07
urb delivering msg: cs451.Message@770f89b5
urb delivering msg: cs451.Message@18b19c6d
urb delivering msg: cs451.Message@2791c287
urb delivering msg: cs451.Message@69f2fff6
urb delivering msg: cs451.Message@62bb915c
urb delivering msg: cs451.Message@76fd3b92
urb delivering msg: cs451.Message@5f514a30
urb delivering msg: cs451.Message@21a20363
urb delivering msg: cs451.Message@1f2d577a
urb delivering msg: cs451.Message@93dea6
urb delivering msg: cs451.Message@5546044e
urb delivering msg: cs451.Message@644eac9e
urb delivering msg: cs451.Message@11ada1ea
urb delivering msg: cs451.Message@fd53b97
urb delivering msg: cs451.Message@6ad43a57
urb delivering msg: cs451.Message@7b6f51cf
urb delivering msg: cs451.Message@7310db9
urb delivering msg: cs451.Message@211e974b
urb delivering msg: cs451.Message@6a5307bd
urb delivering msg: cs451.Message@6bb3d211
urb delivering msg: cs451.Message@64e0561b
urb delivering msg: cs451.Message@31112103
urb delivering msg: cs451.Message@430db673
urb delivering msg: cs451.Message@365bd759
urb delivering msg: cs451.Message@50ed1f07
urb delivering msg: cs451.Message@68cc3520
urb delivering msg: cs451.Message@46dca864
urb delivering msg: cs451.Message@2e554ef9
urb delivering msg: cs451.Message@16786913
urb delivering msg: cs451.Message@1f142bc9
urb delivering msg: cs451.Message@3ca82fc7
urb delivering msg: cs451.Message@388e9c2d
urb delivering msg: cs451.Message@6deb4ade
urb delivering msg: cs451.Message@539f7ec9
urb delivering msg: cs451.Message@2eb4a56a
urb delivering msg: cs451.Message@62173b65
urb delivering msg: cs451.Message@551d2043
urb delivering msg: cs451.Message@7d5c751f
urb delivering msg: cs451.Message@7648102b
urb delivering msg: cs451.Message@2ddfd194
urb delivering msg: cs451.Message@117ce354
urb delivering msg: cs451.Message@f1698e9
urb delivering msg: cs451.Message@39690868
urb delivering msg: cs451.Message@6a692da0
urb delivering msg: cs451.Message@1cf905fa
urb delivering msg: cs451.Message@2713175c
urb delivering msg: cs451.Message@5648619e
urb delivering msg: cs451.Message@756f52da
urb delivering msg: cs451.Message@21ed4f58
urb delivering msg: cs451.Message@1e7b05ce
urb delivering msg: cs451.Message@baac30e
urb delivering msg: cs451.Message@4dcb923
urb delivering msg: cs451.Message@4f80b16f
urb delivering msg: cs451.Message@9939824
urb delivering msg: cs451.Message@547c98ab
urb delivering msg: cs451.Message@350826a6
urb delivering msg: cs451.Message@7f49e2a1
urb delivering msg: cs451.Message@6a8e07d4
urb delivering msg: cs451.Message@5a8763ee
urb delivering msg: cs451.Message@2ece430e
urb delivering msg: cs451.Message@1ea2f09c
urb delivering msg: cs451.Message@488e43b
urb delivering msg: cs451.Message@65717f57
urb delivering msg: cs451.Message@39fb86c4
urb delivering msg: cs451.Message@30d4a777
urb delivering msg: cs451.Message@73be246a
urb delivering msg: cs451.Message@1d5b668d
urb delivering msg: cs451.Message@78f30e44
urb delivering msg: cs451.Message@6d09f132
urb delivering msg: cs451.Message@6f16158d
urb delivering msg: cs451.Message@29bf69ec
urb delivering msg: cs451.Message@49dec3b1
urb delivering msg: cs451.Message@6b7c3bd9
urb delivering msg: cs451.Message@3499e146
urb delivering msg: cs451.Message@66bb0e30
urb delivering msg: cs451.Message@59478a1d
urb delivering msg: cs451.Message@53efd01f
urb delivering msg: cs451.Message@280798f5
urb delivering msg: cs451.Message@1673d94b
urb delivering msg: cs451.Message@7301befa
urb delivering msg: cs451.Message@5e43e7ad
urb delivering msg: cs451.Message@4a970ca0
urb delivering msg: cs451.Message@42262d38
urb delivering msg: cs451.Message@3c2eade8
urb delivering msg: cs451.Message@7d915b4f
urb delivering msg: cs451.Message@f11ba51
urb delivering msg: cs451.Message@7cad0966
urb delivering msg: cs451.Message@35a5aaf6
urb delivering msg: cs451.Message@4299c42e
urb delivering msg: cs451.Message@40583d1e
urb delivering msg: cs451.Message@54aaea4a
urb delivering msg: cs451.Message@4c400833
urb delivering msg: cs451.Message@40740d21
urb delivering msg: cs451.Message@414568fc
urb delivering msg: cs451.Message@42be2224
urb delivering msg: cs451.Message@ef3bbd0
urb delivering msg: cs451.Message@6e8ea22a
urb delivering msg: cs451.Message@4e6258f
urb delivering msg: cs451.Message@37fa8835
urb delivering msg: cs451.Message@24448821
urb delivering msg: cs451.Message@3fc0e171
urb delivering msg: cs451.Message@a3f715b
urb delivering msg: cs451.Message@69e7eb09
urb delivering msg: cs451.Message@69e26394
urb delivering msg: cs451.Message@5111ccb0
urb delivering msg: cs451.Message@2055da60
urb delivering msg: cs451.Message@76bcd2c0
urb delivering msg: cs451.Message@c38f140
urb delivering msg: cs451.Message@5393d83b
urb delivering msg: cs451.Message@5d1b8ef3
urb delivering msg: cs451.Message@4d217d42
urb delivering msg: cs451.Message@6d83757
urb delivering msg: cs451.Message@4b4765b7
urb delivering msg: cs451.Message@4aaa063a
urb delivering msg: cs451.Message@c27a940
urb delivering msg: cs451.Message@4b82451c
urb delivering msg: cs451.Message@3b18eb06
urb delivering msg: cs451.Message@2199a189
urb delivering msg: cs451.Message@10c56153
urb delivering msg: cs451.Message@49b66cf2
urb delivering msg: cs451.Message@350aee19
urb delivering msg: cs451.Message@597394d8
urb delivering msg: cs451.Message@6287b95c
urb delivering msg: cs451.Message@182c8802
urb delivering msg: cs451.Message@7a34c738
urb delivering msg: cs451.Message@3fa459f2
urb delivering msg: cs451.Message@60365a03
urb delivering msg: cs451.Message@1ca6a29f
urb delivering msg: cs451.Message@40f7bb34
urb delivering msg: cs451.Message@5d010111
urb delivering msg: cs451.Message@f35aef0
urb delivering msg: cs451.Message@262e57d3
urb delivering msg: cs451.Message@5b7d6639
urb delivering msg: cs451.Message@e21edce
urb delivering msg: cs451.Message@2c4180d4
urb delivering msg: cs451.Message@7885da40
urb delivering msg: cs451.Message@487937c7
urb delivering msg: cs451.Message@4937fc9b
urb delivering msg: cs451.Message@69508249
urb delivering msg: cs451.Message@3f5112f9
urb delivering msg: cs451.Message@3e97cddb
urb delivering msg: cs451.Message@48322db6
urb delivering msg: cs451.Message@251dbc33
urb delivering msg: cs451.Message@12ecb4b3
urb delivering msg: cs451.Message@12154a20
urb delivering msg: cs451.Message@4b139a49
urb delivering msg: cs451.Message@3a75b3c
urb delivering msg: cs451.Message@74192ed7
urb delivering msg: cs451.Message@4c652e3e
urb delivering msg: cs451.Message@1bf33429
urb delivering msg: cs451.Message@2234f2d0
urb delivering msg: cs451.Message@1fe61fd7
urb delivering msg: cs451.Message@7a97d6cb
urb delivering msg: cs451.Message@7847f7cc
urb delivering msg: cs451.Message@7de03866
urb delivering msg: cs451.Message@52d798aa
urb delivering msg: cs451.Message@16322db5
urb delivering msg: cs451.Message@510c4128
urb delivering msg: cs451.Message@2dd37067
urb delivering msg: cs451.Message@43afafbf
urb delivering msg: cs451.Message@44777dfa
urb delivering msg: cs451.Message@77c1615d
urb delivering msg: cs451.Message@4127778a
urb delivering msg: cs451.Message@7fcbea46
urb delivering msg: cs451.Message@2cc0e8
urb delivering msg: cs451.Message@7c9b9239
urb delivering msg: cs451.Message@6fa3107
urb delivering msg: cs451.Message@26c37244
urb delivering msg: cs451.Message@400ecdf4
urb delivering msg: cs451.Message@60249596
urb delivering msg: cs451.Message@3781e29c
urb delivering msg: cs451.Message@a6df77a
urb delivering msg: cs451.Message@3c3afaae
urb delivering msg: cs451.Message@78f6509a
urb delivering msg: cs451.Message@40dbc81a
urb delivering msg: cs451.Message@2568215c
urb delivering msg: cs451.Message@4e6c50d5
urb delivering msg: cs451.Message@4d4ab02
urb delivering msg: cs451.Message@1a51389a
urb delivering msg: cs451.Message@7ed7884d
urb delivering msg: cs451.Message@521195ba
urb delivering msg: cs451.Message@73bca841
urb delivering msg: cs451.Message@603adb44
urb delivering msg: cs451.Message@226da2ee
urb delivering msg: cs451.Message@7c0f4f5c
urb delivering msg: cs451.Message@6a671e3c
urb delivering msg: cs451.Message@5c3118cf
urb delivering msg: cs451.Message@1384bb75
urb delivering msg: cs451.Message@15f773f6
urb delivering msg: cs451.Message@47b3098a
urb delivering msg: cs451.Message@139096d3
urb delivering msg: cs451.Message@2579c8c7
urb delivering msg: cs451.Message@b3f675d
urb delivering msg: cs451.Message@541fc0e9
urb delivering msg: cs451.Message@432ef2b7
urb delivering msg: cs451.Message@28fa25e5
urb delivering msg: cs451.Message@580faa28
urb delivering msg: cs451.Message@723d2148
urb delivering msg: cs451.Message@4632cef2
urb delivering msg: cs451.Message@3f1e1edc
urb delivering msg: cs451.Message@1ae5bdfd
urb delivering msg: cs451.Message@1c9e888
urb delivering msg: cs451.Message@515cf31d
urb delivering msg: cs451.Message@1efbff14
urb delivering msg: cs451.Message@29c6b363
urb delivering msg: cs451.Message@6705837b
urb delivering msg: cs451.Message@51f7409d
urb delivering msg: cs451.Message@10b506e8
urb delivering msg: cs451.Message@c74e236
urb delivering msg: cs451.Message@47a1a698
urb delivering msg: cs451.Message@2c39e559
urb delivering msg: cs451.Message@14833470
urb delivering msg: cs451.Message@3f4d1184
urb delivering msg: cs451.Message@7512e593
urb delivering msg: cs451.Message@1662c545
urb delivering msg: cs451.Message@1bcf434d
urb delivering msg: cs451.Message@4c59b081
urb delivering msg: cs451.Message@2e05fae4
urb delivering msg: cs451.Message@2ecd5a8c
urb delivering msg: cs451.Message@4f79b133
urb delivering msg: cs451.Message@4e25cde5
urb delivering msg: cs451.Message@4ff6cc1f
urb delivering msg: cs451.Message@b2be657
urb delivering msg: cs451.Message@9d92e28
urb delivering msg: cs451.Message@69f39013
urb delivering msg: cs451.Message@109c2f06
urb delivering msg: cs451.Message@44516a1c
urb delivering msg: cs451.Message@4b9b4d0
urb delivering msg: cs451.Message@71bfdf5c
urb delivering msg: cs451.Message@aa3a72
urb delivering msg: cs451.Message@4fe4b1f1
urb delivering msg: cs451.Message@6b293e9
urb delivering msg: cs451.Message@9f8e95c
urb delivering msg: cs451.Message@58d03bbb
urb delivering msg: cs451.Message@32d16269
urb delivering msg: cs451.Message@206e9201
urb delivering msg: cs451.Message@6e123d59
urb delivering msg: cs451.Message@37c6dec3
urb delivering msg: cs451.Message@ebd2078
urb delivering msg: cs451.Message@5a974534
urb delivering msg: cs451.Message@259053ca
urb delivering msg: cs451.Message@2421a17d
urb delivering msg: cs451.Message@4378eb61
urb delivering msg: cs451.Message@23a6b8df
urb delivering msg: cs451.Message@40fb162
urb delivering msg: cs451.Message@2d8cc2d7
urb delivering msg: cs451.Message@292b07e4
urb delivering msg: cs451.Message@3f5d325e
urb delivering msg: cs451.Message@46200076
urb delivering msg: cs451.Message@df1e81f
urb delivering msg: cs451.Message@7c14da62
urb delivering msg: cs451.Message@2a8dc87c
urb delivering msg: cs451.Message@6ce84eeb
urb delivering msg: cs451.Message@6edbf279
urb delivering msg: cs451.Message@3446f20a
urb delivering msg: cs451.Message@704c12d6
urb delivering msg: cs451.Message@5e7d8522
urb delivering msg: cs451.Message@6f84fcae
urb delivering msg: cs451.Message@6c5195f6
urb delivering msg: cs451.Message@7c1bf008
urb delivering msg: cs451.Message@4efd3e3c
urb delivering msg: cs451.Message@654cac1
urb delivering msg: cs451.Message@66ca11d8
urb delivering msg: cs451.Message@45f236b9
urb delivering msg: cs451.Message@62d9fce5
urb delivering msg: cs451.Message@427b20bd
urb delivering msg: cs451.Message@7409bdfb
urb delivering msg: cs451.Message@201a0a3d
urb delivering msg: cs451.Message@d09e40f
urb delivering msg: cs451.Message@16ec53db
urb delivering msg: cs451.Message@2f33c298
urb delivering msg: cs451.Message@5f887ea1
urb delivering msg: cs451.Message@1de3c0c3
urb delivering msg: cs451.Message@69653a2f
urb delivering msg: cs451.Message@58730299
urb delivering msg: cs451.Message@44121240
urb delivering msg: cs451.Message@47f437d9
urb delivering msg: cs451.Message@780d94a
urb delivering msg: cs451.Message@47a774e9
urb delivering msg: cs451.Message@1373ee4f
urb delivering msg: cs451.Message@755f5907
urb delivering msg: cs451.Message@7414946f
urb delivering msg: cs451.Message@868a638
urb delivering msg: cs451.Message@4e530ec
urb delivering msg: cs451.Message@bfdd616
urb delivering msg: cs451.Message@5b9a8cea
urb delivering msg: cs451.Message@168ea8c7
urb delivering msg: cs451.Message@3b4188aa
urb delivering msg: cs451.Message@5ee9a4b2
urb delivering msg: cs451.Message@511b9e59
urb delivering msg: cs451.Message@3230dc2d
urb delivering msg: cs451.Message@5030619
urb delivering msg: cs451.Message@165cfe3f
urb delivering msg: cs451.Message@1bb853fb
urb delivering msg: cs451.Message@2fdd2515
urb delivering msg: cs451.Message@32f3dd39
urb delivering msg: cs451.Message@432f705e
urb delivering msg: cs451.Message@1a51d44b
urb delivering msg: cs451.Message@5c62af99
urb delivering msg: cs451.Message@70d4bb39
urb delivering msg: cs451.Message@484198fd
urb delivering msg: cs451.Message@5c26ee32
urb delivering msg: cs451.Message@15f18c48
urb delivering msg: cs451.Message@4029f0bc
urb delivering msg: cs451.Message@4eb1e34
urb delivering msg: cs451.Message@6f5727e5
urb delivering msg: cs451.Message@765d758b
urb delivering msg: cs451.Message@797ed7ec
urb delivering msg: cs451.Message@25b87c49
urb delivering msg: cs451.Message@73060f14
urb delivering msg: cs451.Message@6eeaddd2
urb delivering msg: cs451.Message@61a4a654
urb delivering msg: cs451.Message@798d41d
urb delivering msg: cs451.Message@44a51555
urb delivering msg: cs451.Message@7c99445e
urb delivering msg: cs451.Message@38cbcb9f
urb delivering msg: cs451.Message@79b2c8a7
urb delivering msg: cs451.Message@15517579
urb delivering msg: cs451.Message@23dc6839
urb delivering msg: cs451.Message@452dd8ee
urb delivering msg: cs451.Message@2a35c71c
urb delivering msg: cs451.Message@34d1859e
urb delivering msg: cs451.Message@740cbe9d
urb delivering msg: cs451.Message@5f4df25a
urb delivering msg: cs451.Message@5bc4c388
urb delivering msg: cs451.Message@6381401b
urb delivering msg: cs451.Message@7268f2a0
urb delivering msg: cs451.Message@42071195
urb delivering msg: cs451.Message@3fa242de
urb delivering msg: cs451.Message@56ca5ca9
urb delivering msg: cs451.Message@63824922
urb delivering msg: cs451.Message@1973777e
urb delivering msg: cs451.Message@34ea723c
urb delivering msg: cs451.Message@30414f1c
urb delivering msg: cs451.Message@41fbcb6f
urb delivering msg: cs451.Message@43b19ca9
urb delivering msg: cs451.Message@24ad7d71
urb delivering msg: cs451.Message@1e2eef57
urb delivering msg: cs451.Message@191ef4e
urb delivering msg: cs451.Message@4e0a7f01
urb delivering msg: cs451.Message@103c544
urb delivering msg: cs451.Message@68bec664
urb delivering msg: cs451.Message@665bafa2
urb delivering msg: cs451.Message@7bb4361f
urb delivering msg: cs451.Message@6482e5c8
urb delivering msg: cs451.Message@7a1192da
urb delivering msg: cs451.Message@410c1485
urb delivering msg: cs451.Message@1b52c675
