b 1
b 2
d 5 1
d 5 2
d 5 3
d 5 4
d 5 5
d 5 6
d 5 7
d 5 8
d 5 9
d 5 10
d 5 11
d 5 12
d 5 13
d 5 14
d 5 15
d 5 16
d 5 17
d 5 18
d 5 19
d 5 20
d 5 21
d 5 22
d 5 23
b 3
b 4
b 5
b 6
b 7
b 8
d 5 24
b 9
b 10
b 11
b 12
b 13
b 14
b 15
b 16
b 17
b 18
b 19
b 20
b 21
b 22
b 23
b 24
b 25
b 26
b 27
b 28
b 29
b 30
b 31
b 32
b 33
b 34
b 35
b 36
b 37
b 38
b 39
b 40
b 41
b 42
b 43
b 44
b 45
b 46
b 47
b 48
b 49
b 50
b 51
b 52
b 53
b 54
b 55
b 56
b 57
b 58
b 59
b 60
b 61
b 62
b 63
b 64
b 65
b 66
b 67
b 68
b 69
b 70
b 71
b 72
b 73
b 74
b 75
b 76
b 77
b 78
b 79
b 80
b 81
b 82
b 83
b 84
b 85
b 86
b 87
b 88
b 89
b 90
b 91
b 92
b 93
b 94
b 95
b 96
b 97
b 98
b 99
b 100
b 101
b 102
b 103
b 104
b 105
b 106
b 107
b 108
b 109
b 110
b 111
b 112
b 113
b 114
b 115
b 116
b 117
b 118
b 119
b 120
b 121
b 122
b 123
b 124
b 125
b 126
b 127
b 128
b 129
b 130
b 131
b 132
b 133
b 134
b 135
b 136
b 137
b 138
b 139
b 140
b 141
b 142
b 143
b 144
b 145
b 146
b 147
b 148
b 149
b 150
b 151
b 152
b 153
b 154
b 155
b 156
b 157
b 158
b 159
b 160
d 5 25
d 5 26
d 5 27
d 5 28
d 5 29
d 5 30
d 5 31
d 5 32
d 5 33
d 5 34
d 5 35
d 5 36
d 5 37
d 5 38
d 5 39
d 5 40
d 5 41
d 5 42
d 5 43
d 5 44
d 5 45
d 5 46
d 5 47
d 5 48
d 5 49
d 5 50
d 5 51
d 5 52
d 5 53
d 5 54
d 5 55
d 5 56
d 5 57
d 5 58
d 5 59
d 5 60
d 5 61
d 5 62
d 5 63
d 5 64
d 4 1
d 4 2
d 4 3
d 4 4
d 4 5
d 4 6
d 4 7
d 4 8
d 4 9
d 4 10
d 4 11
d 4 12
d 4 13
d 4 14
d 4 15
d 4 16
d 5 65
d 5 66
d 5 67
d 5 68
d 5 69
d 5 70
d 5 71
d 5 72
d 5 73
d 5 74
d 5 75
d 5 76
d 5 77
d 5 78
d 5 79
d 5 80
d 5 81
d 5 82
d 5 83
d 5 84
d 5 85
d 5 86
d 5 87
d 5 88
d 5 89
d 5 90
d 5 91
d 5 92
d 5 93
d 5 94
d 5 95
d 5 96
d 5 97
d 5 98
d 5 99
d 5 100
d 5 101
d 5 102
d 5 103
d 5 104
d 5 105
d 5 106
d 5 107
d 5 108
d 5 109
d 5 110
d 5 111
d 5 112
d 5 113
d 5 114
d 5 115
d 5 116
d 5 117
d 5 118
d 5 119
d 5 120
d 5 121
d 5 122
d 5 123
d 5 124
d 5 125
d 5 126
d 5 127
d 5 128
d 5 129
d 5 130
d 5 131
d 5 132
d 5 133
d 5 134
d 5 135
d 5 136
d 5 137
d 5 138
d 5 139
d 5 140
d 5 141
d 5 142
d 5 143
d 5 144
d 5 145
d 5 146
d 5 147
d 5 148
d 5 149
d 5 150
d 5 151
d 5 152
d 5 153
d 5 154
d 5 155
d 5 156
d 5 157
d 5 158
d 5 159
d 5 160
d 5 161
d 5 162
d 5 163
d 5 164
d 5 165
d 5 166
d 5 167
d 5 168
d 5 169
d 5 170
d 5 171
d 5 172
d 5 173
d 5 174
d 5 175
d 5 176
d 5 177
d 5 178
d 5 179
d 5 180
d 5 181
d 5 182
d 5 183
d 5 184
d 5 185
d 5 186
d 5 187
d 5 188
d 5 189
d 5 190
d 5 191
d 5 192
d 5 193
d 5 194
d 5 195
d 5 196
d 5 197
d 5 198
d 5 199
d 5 200
d 5 201
d 5 202
d 5 203
d 5 204
d 5 205
d 5 206
d 5 207
d 5 208
d 5 209
d 5 210
d 5 211
d 5 212
d 5 213
d 5 214
d 5 215
d 5 216
d 5 217
d 5 218
d 5 219
d 5 220
d 5 221
d 5 222
d 5 223
d 5 224
d 5 225
d 5 226
d 5 227
d 5 228
d 5 229
d 5 230
d 5 231
d 5 232
d 7 1
d 7 2
d 7 3
d 7 4
d 7 5
d 7 6
d 7 7
d 7 8
d 7 9
d 7 10
d 7 11
d 7 12
d 7 13
d 7 14
d 7 15
d 7 16
d 5 233
d 5 234
d 5 235
d 5 236
d 5 237
d 5 238
d 5 239
d 5 240
d 5 241
d 5 242
d 5 243
d 5 244
d 5 245
d 5 246
d 5 247
d 5 248
d 5 249
d 5 250
d 5 251
d 5 252
d 5 253
d 5 254
d 5 255
d 5 256
d 5 257
d 5 258
d 5 259
d 5 260
d 5 261
d 5 262
d 5 263
d 5 264
d 5 265
d 5 266
d 5 267
d 5 268
d 5 269
d 5 270
d 5 271
d 5 272
d 5 273
d 5 274
d 5 275
d 5 276
d 5 277
d 5 278
d 5 279
d 5 280
d 5 281
d 5 282
d 5 283
d 5 284
d 5 285
d 5 286
d 5 287
d 5 288
d 7 17
d 7 18
d 7 19
d 7 20
d 7 21
d 7 22
d 7 23
d 7 24
d 7 25
d 7 26
d 7 27
d 7 28
d 7 29
d 7 30
d 7 31
d 7 32
d 7 33
d 7 34
d 7 35
d 7 36
d 7 37
d 7 38
d 7 39
d 7 40
d 7 41
d 7 42
d 7 43
d 7 44
d 7 45
d 7 46
d 7 47
d 7 48
d 7 49
d 7 50
d 7 51
d 7 52
d 7 53
d 7 54
d 7 55
d 7 56
d 7 57
d 7 58
d 7 59
d 7 60
d 7 61
d 7 62
d 7 63
d 7 64
d 7 65
d 7 66
d 7 67
d 7 68
d 7 69
d 7 70
d 7 71
d 7 72
d 5 289
d 5 290
d 5 291
d 5 292
d 5 293
d 5 294
d 5 295
d 5 296
d 7 73
d 7 74
d 7 75
d 7 76
d 7 77
d 7 78
d 7 79
d 7 80
d 7 81
d 7 82
d 7 83
d 7 84
d 7 85
d 7 86
d 7 87
d 7 88
d 7 89
d 7 90
d 7 91
d 7 92
d 7 93
d 7 94
d 7 95
d 7 96
d 7 97
d 7 98
d 7 99
d 7 100
d 7 101
d 7 102
d 7 103
d 7 104
d 7 105
d 7 106
d 7 107
d 7 108
d 7 109
d 7 110
d 7 111
d 7 112
b 161
b 162
b 163
b 164
b 165
b 166
b 167
b 168
b 169
b 170
b 171
b 172
b 173
b 174
b 175
b 176
b 177
b 178
b 179
b 180
b 181
b 182
b 183
b 184
b 185
b 186
b 187
b 188
b 189
b 190
b 191
b 192
b 193
b 194
b 195
b 196
b 197
b 198
b 199
b 200
b 201
b 202
b 203
b 204
b 205
b 206
b 207
b 208
b 209
b 210
b 211
b 212
b 213
b 214
b 215
b 216
b 217
b 218
b 219
b 220
b 221
b 222
b 223
b 224
b 225
b 226
b 227
b 228
b 229
b 230
b 231
b 232
b 233
b 234
b 235
b 236
b 237
b 238
b 239
b 240
b 241
b 242
b 243
b 244
b 245
b 246
b 247
b 248
b 249
b 250
b 251
b 252
b 253
b 254
b 255
b 256
b 257
b 258
b 259
b 260
b 261
b 262
b 263
b 264
b 265
b 266
b 267
b 268
b 269
b 270
b 271
b 272
b 273
b 274
b 275
b 276
b 277
b 278
b 279
b 280
b 281
b 282
b 283
b 284
b 285
b 286
b 287
b 288
b 289
b 290
b 291
b 292
b 293
b 294
b 295
b 296
b 297
b 298
b 299
b 300
b 301
b 302
b 303
b 304
b 305
b 306
b 307
b 308
b 309
b 310
b 311
b 312
b 313
b 314
b 315
b 316
b 317
b 318
b 319
b 320
d 4 17
d 4 18
d 4 19
d 4 20
d 4 21
d 4 22
d 4 23
d 4 24
d 4 25
d 4 26
d 4 27
d 4 28
d 4 29
d 4 30
d 4 31
d 4 32
d 4 33
d 4 34
d 4 35
d 4 36
d 4 37
d 4 38
d 4 39
d 4 40
b 321
b 322
b 323
b 324
b 325
b 326
b 327
b 328
b 329
b 330
b 331
b 332
b 333
b 334
b 335
b 336
b 337
b 338
b 339
b 340
b 341
b 342
b 343
b 344
b 345
b 346
b 347
b 348
b 349
b 350
b 351
b 352
b 353
b 354
b 355
b 356
b 357
b 358
b 359
b 360
b 361
b 362
b 363
b 364
b 365
b 366
b 367
b 368
b 369
b 370
b 371
b 372
b 373
b 374
b 375
b 376
b 377
b 378
b 379
b 380
b 381
b 382
b 383
b 384
b 385
b 386
b 387
b 388
b 389
b 390
b 391
b 392
b 393
b 394
b 395
b 396
b 397
b 398
b 399
b 400
b 401
b 402
b 403
b 404
b 405
b 406
b 407
b 408
b 409
b 410
b 411
b 412
b 413
b 414
b 415
b 416
b 417
b 418
b 419
b 420
b 421
b 422
b 423
b 424
b 425
b 426
b 427
b 428
b 429
b 430
b 431
b 432
b 433
b 434
b 435
b 436
b 437
b 438
b 439
b 440
b 441
b 442
b 443
b 444
b 445
b 446
b 447
b 448
b 449
b 450
b 451
b 452
b 453
b 454
b 455
b 456
b 457
b 458
b 459
b 460
b 461
b 462
b 463
b 464
b 465
b 466
b 467
b 468
b 469
b 470
b 471
b 472
b 473
b 474
b 475
b 476
b 477
b 478
b 479
b 480
d 4 41
d 4 42
d 4 43
d 4 44
d 4 45
d 4 46
d 4 47
d 4 48
d 4 49
d 4 50
d 4 51
d 4 52
d 4 53
d 4 54
d 4 55
d 4 56
d 4 57
d 4 58
d 4 59
d 4 60
d 4 61
d 4 62
d 4 63
d 4 64
d 4 65
d 4 66
d 4 67
d 4 68
d 4 69
d 4 70
d 4 71
d 4 72
d 4 73
d 4 74
d 4 75
d 4 76
d 4 77
d 4 78
d 4 79
d 4 80
d 4 81
d 4 82
d 4 83
d 4 84
d 4 85
d 4 86
d 4 87
d 4 88
d 4 89
d 4 90
d 4 91
d 4 92
d 4 93
d 4 94
d 4 95
d 4 96
d 4 97
d 4 98
d 4 99
d 4 100
d 4 101
d 4 102
d 4 103
d 4 104
d 4 105
d 4 106
d 4 107
d 4 108
d 4 109
d 4 110
d 4 111
d 4 112
d 4 113
d 4 114
d 4 115
d 4 116
d 4 117
d 4 118
d 4 119
d 4 120
d 4 121
d 4 122
d 4 123
d 4 124
d 4 125
d 4 126
d 4 127
d 4 128
d 4 129
d 4 130
d 4 131
d 4 132
d 4 133
d 4 134
d 4 135
d 4 136
d 4 137
d 4 138
d 4 139
d 4 140
d 4 141
d 4 142
d 4 143
d 4 144
d 4 145
d 4 146
d 4 147
d 4 148
d 4 149
d 4 150
d 4 151
d 4 152
d 4 153
d 4 154
d 4 155
d 4 156
d 4 157
d 4 158
d 4 159
d 4 160
b 481
b 482
b 483
b 484
b 485
b 486
b 487
b 488
b 489
b 490
b 491
b 492
b 493
b 494
b 495
b 496
b 497
b 498
b 499
b 500
b 501
b 502
b 503
b 504
b 505
b 506
b 507
b 508
b 509
b 510
b 511
b 512
b 513
b 514
b 515
b 516
b 517
b 518
b 519
b 520
b 521
b 522
b 523
b 524
b 525
b 526
b 527
b 528
b 529
b 530
b 531
b 532
b 533
b 534
b 535
b 536
b 537
b 538
b 539
b 540
b 541
b 542
b 543
b 544
b 545
b 546
b 547
b 548
b 549
b 550
b 551
b 552
b 553
b 554
b 555
b 556
b 557
b 558
b 559
b 560
b 561
b 562
b 563
b 564
b 565
b 566
b 567
b 568
b 569
b 570
b 571
b 572
b 573
b 574
b 575
b 576
b 577
b 578
b 579
b 580
b 581
b 582
b 583
b 584
b 585
b 586
b 587
b 588
b 589
b 590
b 591
b 592
b 593
b 594
b 595
b 596
b 597
b 598
b 599
b 600
b 601
b 602
b 603
b 604
b 605
b 606
b 607
b 608
b 609
b 610
b 611
b 612
b 613
b 614
b 615
b 616
b 617
b 618
b 619
b 620
b 621
b 622
b 623
b 624
b 625
b 626
b 627
b 628
b 629
b 630
b 631
b 632
b 633
b 634
b 635
b 636
b 637
b 638
b 639
b 640
b 641
b 642
b 643
b 644
b 645
b 646
b 647
b 648
b 649
b 650
b 651
b 652
b 653
b 654
b 655
b 656
b 657
b 658
b 659
b 660
b 661
b 662
b 663
b 664
b 665
b 666
b 667
b 668
b 669
b 670
b 671
b 672
b 673
b 674
b 675
b 676
b 677
b 678
b 679
b 680
b 681
b 682
b 683
b 684
b 685
b 686
b 687
b 688
b 689
b 690
b 691
b 692
b 693
b 694
b 695
b 696
b 697
b 698
b 699
b 700
b 701
b 702
b 703
b 704
b 705
b 706
b 707
b 708
b 709
b 710
b 711
b 712
b 713
b 714
b 715
b 716
b 717
b 718
b 719
b 720
b 721
b 722
b 723
b 724
b 725
b 726
b 727
b 728
b 729
b 730
b 731
b 732
b 733
b 734
b 735
b 736
b 737
b 738
b 739
b 740
b 741
b 742
b 743
b 744
b 745
b 746
b 747
b 748
b 749
b 750
b 751
b 752
b 753
b 754
b 755
b 756
b 757
b 758
b 759
b 760
b 761
b 762
b 763
b 764
b 765
b 766
b 767
b 768
b 769
b 770
b 771
b 772
b 773
b 774
b 775
b 776
b 777
b 778
b 779
b 780
b 781
b 782
b 783
b 784
b 785
b 786
b 787
b 788
b 789
b 790
b 791
b 792
b 793
b 794
b 795
b 796
b 797
b 798
b 799
b 800
b 801
b 802
b 803
b 804
b 805
b 806
b 807
b 808
b 809
b 810
b 811
b 812
b 813
b 814
b 815
b 816
b 817
b 818
b 819
b 820
b 821
b 822
b 823
b 824
b 825
b 826
b 827
b 828
b 829
b 830
b 831
b 832
b 833
b 834
b 835
b 836
b 837
b 838
b 839
b 840
b 841
b 842
b 843
b 844
b 845
b 846
b 847
b 848
b 849
b 850
b 851
b 852
b 853
b 854
b 855
b 856
b 857
b 858
b 859
b 860
b 861
b 862
b 863
b 864
b 865
b 866
b 867
b 868
b 869
b 870
b 871
b 872
b 873
b 874
b 875
b 876
b 877
b 878
b 879
b 880
b 881
b 882
b 883
b 884
b 885
b 886
b 887
b 888
b 889
b 890
b 891
b 892
b 893
b 894
b 895
b 896
b 897
b 898
b 899
b 900
b 901
b 902
b 903
b 904
b 905
b 906
b 907
b 908
b 909
b 910
b 911
b 912
b 913
b 914
b 915
b 916
b 917
b 918
b 919
b 920
b 921
b 922
b 923
b 924
b 925
b 926
b 927
b 928
b 929
b 930
b 931
b 932
b 933
b 934
b 935
b 936
b 937
b 938
b 939
b 940
b 941
b 942
b 943
b 944
b 945
b 946
b 947
b 948
b 949
b 950
b 951
b 952
b 953
b 954
b 955
b 956
b 957
b 958
b 959
b 960
b 961
b 962
b 963
b 964
b 965
b 966
b 967
b 968
b 969
b 970
b 971
b 972
b 973
b 974
b 975
b 976
b 977
b 978
b 979
b 980
b 981
b 982
b 983
b 984
b 985
b 986
b 987
b 988
b 989
b 990
b 991
b 992
b 993
b 994
b 995
b 996
b 997
b 998
b 999
b 1000
d 6 1
d 6 2
d 6 3
d 6 4
d 6 5
d 6 6
d 6 7
d 6 8
d 7 113
d 7 114
d 7 115
d 7 116
d 7 117
d 7 118
d 7 119
d 7 120
d 7 121
d 7 122
d 7 123
d 7 124
d 7 125
d 7 126
d 7 127
d 7 128
d 7 129
d 7 130
d 7 131
d 7 132
d 7 133
d 7 134
d 7 135
d 7 136
d 7 137
d 7 138
d 7 139
d 7 140
d 7 141
d 7 142
d 7 143
d 7 144
d 7 145
d 7 146
d 7 147
d 7 148
d 7 149
d 7 150
d 7 151
d 7 152
d 10 1
d 10 2
d 10 3
d 10 4
d 10 5
d 10 6
d 10 7
d 10 8
d 10 9
d 10 10
d 10 11
d 10 12
d 10 13
d 10 14
d 10 15
d 10 16
d 10 17
d 10 18
d 10 19
d 10 20
d 10 21
d 10 22
d 10 23
d 10 24
d 1 1
d 1 2
d 1 3
d 1 4
d 1 5
d 1 6
d 1 7
d 1 8
d 1 9
d 1 10
d 1 11
d 1 12
d 1 13
d 1 14
d 1 15
d 1 16
d 1 17
d 1 18
d 1 19
d 1 20
d 1 21
d 1 22
d 1 23
d 1 24
d 1 25
d 1 26
d 1 27
d 1 28
d 1 29
d 1 30
d 1 31
d 1 32
d 1 33
d 1 34
d 1 35
d 1 36
d 1 37
d 1 38
d 1 39
d 1 40
d 1 41
d 1 42
d 1 43
d 1 44
d 1 45
d 1 46
d 1 47
d 1 48
d 6 9
d 6 10
d 6 11
d 6 12
d 6 13
d 6 14
d 6 15
d 6 16
d 1 49
d 1 50
d 1 51
d 1 52
d 1 53
d 1 54
d 1 55
d 1 56
d 1 57
d 1 58
d 1 59
d 1 60
d 1 61
d 1 62
d 1 63
d 1 64
d 1 65
d 1 66
d 1 67
d 1 68
d 1 69
d 1 70
d 1 71
d 1 72
d 6 17
d 6 18
d 6 19
d 6 20
d 6 21
d 6 22
d 6 23
d 6 24
d 6 25
d 6 26
d 6 27
d 6 28
d 6 29
d 6 30
d 6 31
d 6 32
d 1 73
d 1 74
d 1 75
d 1 76
d 1 77
d 1 78
d 1 79
d 1 80
d 6 33
d 6 34
d 6 35
d 6 36
d 6 37
d 6 38
d 6 39
d 6 40
d 1 81
d 1 82
d 1 83
d 1 84
d 1 85
d 1 86
d 1 87
d 1 88
d 6 41
d 6 42
d 6 43
d 6 44
d 6 45
d 6 46
d 6 47
d 6 48
d 6 49
d 6 50
d 6 51
d 6 52
d 6 53
d 6 54
d 6 55
d 6 56
d 6 57
d 6 58
d 6 59
d 6 60
d 6 61
d 6 62
d 6 63
d 6 64
d 6 65
d 6 66
d 6 67
d 6 68
d 6 69
d 6 70
d 6 71
d 6 72
d 6 73
d 6 74
d 6 75
d 6 76
d 6 77
d 6 78
d 6 79
d 6 80
d 6 81
d 6 82
d 6 83
d 6 84
d 6 85
d 6 86
d 6 87
d 6 88
d 6 89
d 6 90
d 6 91
d 6 92
d 6 93
d 6 94
d 6 95
d 6 96
d 6 97
d 6 98
d 6 99
d 6 100
d 6 101
d 6 102
d 6 103
d 6 104
d 6 105
d 6 106
d 6 107
d 6 108
d 6 109
d 6 110
d 6 111
d 6 112
d 6 113
d 6 114
d 6 115
d 6 116
d 6 117
d 6 118
d 6 119
d 6 120
d 1 89
d 1 90
d 1 91
d 1 92
d 1 93
d 1 94
d 1 95
d 1 96
d 1 97
d 1 98
d 1 99
d 1 100
d 1 101
d 1 102
d 1 103
d 1 104
d 1 105
d 1 106
d 1 107
d 1 108
d 1 109
d 1 110
d 1 111
d 1 112
d 1 113
d 1 114
d 1 115
d 1 116
d 1 117
d 1 118
d 1 119
d 1 120
d 1 121
d 1 122
d 1 123
d 1 124
d 1 125
d 1 126
d 1 127
d 1 128
d 1 129
d 1 130
d 1 131
d 1 132
d 1 133
d 1 134
d 1 135
d 1 136
d 1 137
d 1 138
d 1 139
d 1 140
d 1 141
d 1 142
d 1 143
d 1 144
d 1 145
d 1 146
d 1 147
d 1 148
d 1 149
d 1 150
d 1 151
d 1 152
d 1 153
d 1 154
d 1 155
d 1 156
d 1 157
d 1 158
d 1 159
d 1 160
d 7 153
d 7 154
d 7 155
d 7 156
d 7 157
d 7 158
d 7 159
d 7 160
d 6 121
d 6 122
d 6 123
d 6 124
d 6 125
d 6 126
d 6 127
d 6 128
d 6 129
d 6 130
d 6 131
d 6 132
d 6 133
d 6 134
d 6 135
d 6 136
d 6 137
d 6 138
d 6 139
d 6 140
d 6 141
d 6 142
d 6 143
d 6 144
d 6 145
d 6 146
d 6 147
d 6 148
d 6 149
d 6 150
d 6 151
d 6 152
d 6 153
d 6 154
d 6 155
d 6 156
d 6 157
d 6 158
d 6 159
d 6 160
d 5 297
d 5 298
d 5 299
d 5 300
d 5 301
d 5 302
d 5 303
d 5 304
d 5 305
d 5 306
d 5 307
d 5 308
d 5 309
d 5 310
d 5 311
d 5 312
d 5 313
d 5 314
d 5 315
d 5 316
d 5 317
d 5 318
d 5 319
d 5 320
d 5 321
d 5 322
d 5 323
d 5 324
d 5 325
d 5 326
d 5 327
d 5 328
d 5 329
d 5 330
d 5 331
d 5 332
d 5 333
d 5 334
d 5 335
d 5 336
d 5 337
d 5 338
d 5 339
d 5 340
d 5 341
d 5 342
d 5 343
d 5 344
d 5 345
d 5 346
d 5 347
d 5 348
d 5 349
d 5 350
d 5 351
d 5 352
d 5 353
d 5 354
d 5 355
d 5 356
d 5 357
d 5 358
d 5 359
d 5 360
d 5 361
d 5 362
d 5 363
d 5 364
d 5 365
d 5 366
d 5 367
d 5 368
d 5 369
d 5 370
d 5 371
d 5 372
d 5 373
d 5 374
d 5 375
d 5 376
d 5 377
d 5 378
d 5 379
d 5 380
d 5 381
d 5 382
d 5 383
d 5 384
d 5 385
d 5 386
d 5 387
d 5 388
d 5 389
d 5 390
d 5 391
d 5 392
d 5 393
d 5 394
d 5 395
d 5 396
d 5 397
d 5 398
d 5 399
d 5 400
d 5 401
d 5 402
d 5 403
d 5 404
d 5 405
d 5 406
d 5 407
d 5 408
d 5 409
d 5 410
d 5 411
d 5 412
d 5 413
d 5 414
d 5 415
d 5 416
d 5 417
d 5 418
d 5 419
d 5 420
d 5 421
d 5 422
d 5 423
d 5 424
d 5 425
d 5 426
d 5 427
d 5 428
d 5 429
d 5 430
d 5 431
d 5 432
d 5 433
d 5 434
d 5 435
d 5 436
d 5 437
d 5 438
d 5 439
d 5 440
d 5 441
d 5 442
d 5 443
d 5 444
d 5 445
d 5 446
d 5 447
d 5 448
d 5 449
d 5 450
d 5 451
d 5 452
d 5 453
d 5 454
d 5 455
d 5 456
d 5 457
d 5 458
d 5 459
d 5 460
d 5 461
d 5 462
d 5 463
d 5 464
d 5 465
d 5 466
d 5 467
d 5 468
d 5 469
d 5 470
d 5 471
d 5 472
d 5 473
d 5 474
d 5 475
d 5 476
d 5 477
d 5 478
d 5 479
d 5 480
d 5 481
d 5 482
d 5 483
d 5 484
d 5 485
d 5 486
d 5 487
d 5 488
d 5 489
d 5 490
d 5 491
d 5 492
d 5 493
d 5 494
d 5 495
d 5 496
d 5 497
d 5 498
d 5 499
d 5 500
d 5 501
d 5 502
d 5 503
d 5 504
d 5 505
d 5 506
d 5 507
d 5 508
d 5 509
d 5 510
d 5 511
d 5 512
d 5 513
d 5 514
d 5 515
d 5 516
d 5 517
d 5 518
d 5 519
d 5 520
d 10 25
d 10 26
d 10 27
d 10 28
d 10 29
d 10 30
d 10 31
d 10 32
d 8 1
d 8 2
d 8 3
d 8 4
d 8 5
d 8 6
d 8 7
d 8 8
d 10 33
d 10 34
d 10 35
d 10 36
d 10 37
d 10 38
d 10 39
d 10 40
d 10 41
d 10 42
d 10 43
d 10 44
d 10 45
d 10 46
d 10 47
d 10 48
d 10 49
d 10 50
d 10 51
d 10 52
d 10 53
d 10 54
d 10 55
d 10 56
d 10 57
d 10 58
d 10 59
d 10 60
d 10 61
d 10 62
d 10 63
d 10 64
d 10 65
d 10 66
d 10 67
d 10 68
d 10 69
d 10 70
d 10 71
d 10 72
d 10 73
d 10 74
d 10 75
d 10 76
d 10 77
d 10 78
d 10 79
d 10 80
d 10 81
d 10 82
d 10 83
d 10 84
d 10 85
d 10 86
d 10 87
d 10 88
d 10 89
d 10 90
d 10 91
d 10 92
d 10 93
d 10 94
d 10 95
d 10 96
d 10 97
d 10 98
d 10 99
d 10 100
d 10 101
d 10 102
d 10 103
d 10 104
d 10 105
d 10 106
d 10 107
d 10 108
d 10 109
d 10 110
d 10 111
d 10 112
d 10 113
d 10 114
d 10 115
d 10 116
d 10 117
d 10 118
d 10 119
d 10 120
d 8 9
d 8 10
d 8 11
d 8 12
d 8 13
d 8 14
d 8 15
d 8 16
d 8 17
d 8 18
d 8 19
d 8 20
d 8 21
d 8 22
d 8 23
d 8 24
d 10 121
d 10 122
d 10 123
d 10 124
d 10 125
d 10 126
d 10 127
d 10 128
d 10 129
d 10 130
d 10 131
d 10 132
d 10 133
d 10 134
d 10 135
d 10 136
d 4 161
d 4 162
d 4 163
d 4 164
d 4 165
d 4 166
d 4 167
d 4 167
